Using pre-set license
Built from '2022.3/staging' branch; Version is '2022.3.46f1 (8e9b8558c41a) revision 9345925'; Using compiler version '192829333'; Build Type 'Release'
OS: 'Windows 11  (10.0.26100) 64bit Core' Language: 'zh' Physical Memory: 48770 MB
BatchMode: 1, IsHumanControllingUs: 0, StartBugReporterOnCrash: 0, Is64bit: 1, IsPro: 1

COMMAND LINE ARGUMENTS:
C:\Program Files\Unity\Hub\Editor\2022.3.46f1\Editor\Unity.exe
-adb2
-batchMode
-noUpm
-name
AssetImportWorker7
-projectPath
C:/Users/USER/Documents/虛擬網紅/mc2024fhw05
-logFile
Logs/AssetImportWorker7.log
-srvPort
10098
Successfully changed project path to: C:/Users/USER/Documents/虛擬網紅/mc2024fhw05
C:/Users/USER/Documents/虛擬網紅/mc2024fhw05
[UnityMemory] Configuration Parameters - Can be set up in boot.config
    "memorysetup-bucket-allocator-granularity=16"
    "memorysetup-bucket-allocator-bucket-count=8"
    "memorysetup-bucket-allocator-block-size=33554432"
    "memorysetup-bucket-allocator-block-count=8"
    "memorysetup-main-allocator-block-size=16777216"
    "memorysetup-thread-allocator-block-size=16777216"
    "memorysetup-gfx-main-allocator-block-size=16777216"
    "memorysetup-gfx-thread-allocator-block-size=16777216"
    "memorysetup-cache-allocator-block-size=4194304"
    "memorysetup-typetree-allocator-block-size=2097152"
    "memorysetup-profiler-bucket-allocator-granularity=16"
    "memorysetup-profiler-bucket-allocator-bucket-count=8"
    "memorysetup-profiler-bucket-allocator-block-size=33554432"
    "memorysetup-profiler-bucket-allocator-block-count=8"
    "memorysetup-profiler-allocator-block-size=16777216"
    "memorysetup-profiler-editor-allocator-block-size=1048576"
    "memorysetup-temp-allocator-size-main=16777216"
    "memorysetup-job-temp-allocator-block-size=2097152"
    "memorysetup-job-temp-allocator-block-size-background=1048576"
    "memorysetup-job-temp-allocator-reduction-small-platforms=262144"
    "memorysetup-allocator-temp-initial-block-size-main=262144"
    "memorysetup-allocator-temp-initial-block-size-worker=262144"
    "memorysetup-temp-allocator-size-background-worker=32768"
    "memorysetup-temp-allocator-size-job-worker=262144"
    "memorysetup-temp-allocator-size-preload-manager=33554432"
    "memorysetup-temp-allocator-size-nav-mesh-worker=65536"
    "memorysetup-temp-allocator-size-audio-worker=65536"
    "memorysetup-temp-allocator-size-cloud-worker=32768"
    "memorysetup-temp-allocator-size-gi-baking-worker=262144"
    "memorysetup-temp-allocator-size-gfx=262144"
Player connection [40952]  Target information:

Player connection [40952]  * "[IP] 172.20.10.7 [Port] 0 [Flags] 2 [Guid] 2988795760 [EditorId] 2988795760 [Version] 1048832 [Id] WindowsEditor(7,LAPTOP-SIC7VNQJ) [Debug] 1 [PackageName] WindowsEditor [ProjectName] Editor" 

Player connection [40952] Host joined multi-casting on [225.0.0.222:54997]...
Player connection [40952] Host joined alternative multi-casting on [225.0.0.222:34997]...
[PhysX] Initialized MultithreadedTaskDispatcher with 32 workers.
Refreshing native plugins compatible for Editor in 11.73 ms, found 3 plugins.
Preloading 0 native plugins for Editor in 0.00 ms.
Initialize engine version: 2022.3.46f1 (8e9b8558c41a)
[Subsystems] Discovering subsystems at path C:/Program Files/Unity/Hub/Editor/2022.3.46f1/Editor/Data/Resources/UnitySubsystems
[Subsystems] Discovering subsystems at path C:/Users/USER/Documents/虛擬網紅/mc2024fhw05/Assets
GfxDevice: creating device client; threaded=0; jobified=0
Direct3D:
    Version:  Direct3D 11.0 [level 11.1]
    Renderer: NVIDIA GeForce RTX 4060 Laptop GPU (ID=0x28e0)
    Vendor:   NVIDIA
    VRAM:     7957 MB
    Driver:   32.0.15.6590
Initialize mono
Mono path[0] = 'C:/Program Files/Unity/Hub/Editor/2022.3.46f1/Editor/Data/Managed'
Mono path[1] = 'C:/Program Files/Unity/Hub/Editor/2022.3.46f1/Editor/Data/MonoBleedingEdge/lib/mono/unityjit-win32'
Mono config path = 'C:/Program Files/Unity/Hub/Editor/2022.3.46f1/Editor/Data/MonoBleedingEdge/etc'
Using monoOptions --debugger-agent=transport=dt_socket,embedding=1,server=y,suspend=n,address=127.0.0.1:56912
Begin MonoManager ReloadAssembly
Registering precompiled unity dll's ...
Register platform support module: C:/Program Files/Unity/Hub/Editor/2022.3.46f1/Editor/Data/PlaybackEngines/WebGLSupport/UnityEditor.WebGL.Extensions.dll
Register platform support module: C:/Program Files/Unity/Hub/Editor/2022.3.46f1/Editor/Data/PlaybackEngines/WindowsStandaloneSupport/UnityEditor.WindowsStandalone.Extensions.dll
Registered in 0.006731 seconds.
- Loaded All Assemblies, in  0.289 seconds
Native extension for WindowsStandalone target not found
Native extension for WebGL target not found
Mono: successfully reloaded assembly
- Finished resetting the current domain, in  0.188 seconds
Domain Reload Profiling: 475ms
	BeginReloadAssembly (85ms)
		ExecutionOrderSort (0ms)
		DisableScriptedObjects (0ms)
		BackupInstance (0ms)
		ReleaseScriptingObjects (0ms)
		CreateAndSetChildDomain (1ms)
	RebuildCommonClasses (29ms)
	RebuildNativeTypeToScriptingClass (10ms)
	initialDomainReloadingComplete (48ms)
	LoadAllAssembliesAndSetupDomain (116ms)
		LoadAssemblies (83ms)
		RebuildTransferFunctionScriptingTraits (0ms)
		AnalyzeDomain (114ms)
			TypeCache.Refresh (112ms)
				TypeCache.ScanAssembly (102ms)
			ScanForSourceGeneratedMonoScriptInfo (0ms)
			ResolveRequiredComponents (0ms)
	FinalizeReload (188ms)
		ReleaseScriptCaches (0ms)
		RebuildScriptCaches (0ms)
		SetupLoadedEditorAssemblies (155ms)
			LogAssemblyErrors (0ms)
			InitializePlatformSupportModulesInManaged (10ms)
			SetLoadedEditorAssemblies (5ms)
			RefreshPlugins (0ms)
			BeforeProcessingInitializeOnLoad (1ms)
			ProcessInitializeOnLoadAttributes (101ms)
			ProcessInitializeOnLoadMethodAttributes (38ms)
			AfterProcessingInitializeOnLoad (0ms)
			EditorAssembliesLoaded (0ms)
		ExecutionOrderSort2 (0ms)
		AwakeInstancesAfterBackupRestoration (0ms)
========================================================================
Worker process is ready to serve import requests
Caller must complete domain reload
Begin MonoManager ReloadAssembly
- Loaded All Assemblies, in  0.587 seconds
Native extension for WindowsStandalone target not found
Native extension for WebGL target not found
System.Exception: Error! Visual Scripting: couldn't find visual scripting package
  at Unity.VisualScripting.PackageVersionUtility.get_version () [0x00043] in .\Library\PackageCache\com.unity.visualscripting@1.9.4\Editor\VisualScripting.Core\Utilities\PackageVersionUtility.cs:31 
  at Unity.VisualScripting.BoltCoreManifest.get_version () [0x00000] in .\Library\PackageCache\com.unity.visualscripting@1.9.4\Editor\VisualScripting.Core\Plugin\BoltCoreManifest.cs:11 
  at Unity.VisualScripting.PluginManifest.get_currentVersion () [0x00000] in .\Library\PackageCache\com.unity.visualscripting@1.9.4\Editor\VisualScripting.Core\Plugins\PluginManifest.cs:33 
  at Unity.VisualScripting.PluginManifest.get_versionMismatch () [0x00000] in .\Library\PackageCache\com.unity.visualscripting@1.9.4\Editor\VisualScripting.Core\Plugins\PluginManifest.cs:48 
  at Unity.VisualScripting.PluginContainer.Initialize () [0x00525] in .\Library\PackageCache\com.unity.visualscripting@1.9.4\Editor\VisualScripting.Core\Plugins\PluginContainer.cs:208 
  at Unity.VisualScripting.PluginContainer.InitializeOnLoad () [0x00009] in .\Library\PackageCache\com.unity.visualscripting@1.9.4\Editor\VisualScripting.Core\Plugins\PluginContainer.cs:32 
  at Unity.VisualScripting.VSUsageUtility.DoInitializeOnLoadCalls () [0x00034] in .\Library\PackageCache\com.unity.visualscripting@1.9.4\Editor\VisualScripting.Core\Utilities\VSUsageUtility.cs:76 
  at Unity.VisualScripting.VSUsageUtility.set_isVisualScriptingUsed (System.Boolean value) [0x0002c] in .\Library\PackageCache\com.unity.visualscripting@1.9.4\Editor\VisualScripting.Core\Utilities\VSUsageUtility.cs:114 
  at Unity.VisualScripting.VSUsageUtility.CheckAndSetIsVisualScriptingUsed () [0x00032] in .\Library\PackageCache\com.unity.visualscripting@1.9.4\Editor\VisualScripting.Core\Utilities\VSUsageUtility.cs:48 
  at Unity.VisualScripting.VSUsageUtility..cctor () [0x00000] in .\Library\PackageCache\com.unity.visualscripting@1.9.4\Editor\VisualScripting.Core\Utilities\VSUsageUtility.cs:22 
UnityEngine.StackTraceUtility:ExtractStackTrace ()
UnityEngine.DebugLogHandler:LogFormat (UnityEngine.LogType,UnityEngine.Object,string,object[])
UnityEngine.Logger:Log (UnityEngine.LogType,object)
UnityEngine.Debug:LogError (object)
UnityEditor.EditorAssemblies:ProcessInitializeOnLoadAttributes (System.Type[])

Package Manager log level set to [2]
[Package Manager] Server::EnsureServerProcessIsRunning -- launch failed, reason: Unity was launched with the -noUpm command-line argument
[Package Manager] UpmClient::Send -- Unable to send message (not connected to UPM process).
[Package Manager] Cannot connect to Unity Package Manager local server
Mono: successfully reloaded assembly
- Finished resetting the current domain, in  0.846 seconds
Domain Reload Profiling: 1430ms
	BeginReloadAssembly (115ms)
		ExecutionOrderSort (0ms)
		DisableScriptedObjects (3ms)
		BackupInstance (0ms)
		ReleaseScriptingObjects (0ms)
		CreateAndSetChildDomain (16ms)
	RebuildCommonClasses (32ms)
	RebuildNativeTypeToScriptingClass (10ms)
	initialDomainReloadingComplete (38ms)
	LoadAllAssembliesAndSetupDomain (389ms)
		LoadAssemblies (292ms)
		RebuildTransferFunctionScriptingTraits (0ms)
		AnalyzeDomain (168ms)
			TypeCache.Refresh (146ms)
				TypeCache.ScanAssembly (129ms)
			ScanForSourceGeneratedMonoScriptInfo (17ms)
			ResolveRequiredComponents (3ms)
	FinalizeReload (846ms)
		ReleaseScriptCaches (0ms)
		RebuildScriptCaches (0ms)
		SetupLoadedEditorAssemblies (733ms)
			LogAssemblyErrors (0ms)
			InitializePlatformSupportModulesInManaged (6ms)
			SetLoadedEditorAssemblies (4ms)
			RefreshPlugins (0ms)
			BeforeProcessingInitializeOnLoad (50ms)
			ProcessInitializeOnLoadAttributes (649ms)
			ProcessInitializeOnLoadMethodAttributes (16ms)
			AfterProcessingInitializeOnLoad (7ms)
			EditorAssembliesLoaded (0ms)
		ExecutionOrderSort2 (0ms)
		AwakeInstancesAfterBackupRestoration (5ms)
Shader 'VRM10/Universal Render Pipeline/MToon10': fallback shader 'Hidden/Universal Render Pipeline/FallbackError' not found
Shader 'VRM10/Universal Render Pipeline/MToon10': fallback shader 'Hidden/Universal Render Pipeline/FallbackError' not found
Launched and connected shader compiler UnityShaderCompiler.exe after 0.05 seconds
Refreshing native plugins compatible for Editor in 5.64 ms, found 3 plugins.
Preloading 0 native plugins for Editor in 0.00 ms.
Unloading 3689 Unused Serialized files (Serialized files now loaded: 0)
Unloading 20 unused Assets / (181.1 KB). Loaded Objects now: 4159.
Memory consumption went from 137.8 MB to 137.6 MB.
Total: 18.580700 ms (FindLiveObjects: 0.455400 ms CreateObjectMapping: 0.146300 ms MarkObjects: 17.663000 ms  DeleteObjects: 0.312400 ms)

AssetImportParameters requested are different than current active one (requested -> active):
  custom:container-demuxer-ogg: 62fdf1f143b41e24485cea50d1cbac27 -> 
  custom:video-codec-MediaFoundation-h265: 746d11721c4dcdbdad8f713fa42b33f4 -> 
  custom:video-decoder-ogg-theora: a1e56fd34408186e4bbccfd4996cb3dc -> 
  custom:framework-win-MediaFoundation: 216162199b28c13a410421893ffa2e32 -> 
  custom:CustomObjectIndexerAttribute: 9a22284fe3817be447336de3de66b15e -> 
  custom:container-demuxer-webm: 4f35f7cbe854078d1ac9338744f61a02 -> 
  custom:container-muxer-webm: aa71ff27fc2769a1b78a27578f13a17b -> 
  custom:video-decoder-webm-vp8: 9c59270c3fd7afecdb556c50c9e8de78 -> 
  custom:SearchIndexIgnoredProperties: e643bd26f0fe6173181afceb89e7c659 -> 
  custom:AudioImporter_EditorPlatform: d09bf68614088b80899f8185d706f6e7 -> 
  custom:video-encoder-webm-vp8: eb34c28f22e8b96e1ab97ce403110664 -> 
  custom:audio-decoder-ogg-vorbis: bf7c407c2cedff20999df2af8eb42d56 -> 
  custom:audio-encoder-webm-vorbis: bf7c407c2cedff20999df2af8eb42d56 -> 
========================================================================
Received Import Request.
  Time since last request: 399665.957035 seconds.
  path: Assets/Assets/VRM/Runtime/FastSpringBone/Blittables/BlittableColliders.cs
  artifactKey: Guid(07087baebec34286ac230d58cd0163d2) Importer(2089858483,0ecaa5967403d082aa24f35e1b516d23)
Start importing Assets/Assets/VRM/Runtime/FastSpringBone/Blittables/BlittableColliders.cs using Guid(07087baebec34286ac230d58cd0163d2) Importer(2089858483,0ecaa5967403d082aa24f35e1b516d23) [PhysX] Initialized MultithreadedTaskDispatcher with 32 workers.
 -> (artifact id: '6a1defbf54933ce9fdd3905f0bdd8147') in 0.091184 seconds
Number of updated asset objects reloaded before import = 0
Number of asset objects unloaded after import = 1
========================================================================
Received Import Request.
  Time since last request: 0.000013 seconds.
  path: Assets/Assets/VRM/Runtime/FastSpringBone/NativeWrappers/NativeTransform.cs
  artifactKey: Guid(2acc8862ffb44f4fbd4e1e03e9a9d46e) Importer(2089858483,0ecaa5967403d082aa24f35e1b516d23)
Start importing Assets/Assets/VRM/Runtime/FastSpringBone/NativeWrappers/NativeTransform.cs using Guid(2acc8862ffb44f4fbd4e1e03e9a9d46e) Importer(2089858483,0ecaa5967403d082aa24f35e1b516d23) [PhysX] Initialized MultithreadedTaskDispatcher with 32 workers.
 -> (artifact id: '108d4c42e3a3f2fccf1db313814b8e2c') in 0.003170 seconds
Number of updated asset objects reloaded before import = 0
Number of asset objects unloaded after import = 1
========================================================================
Received Import Request.
  Time since last request: 0.000014 seconds.
  path: Assets/Assets/UniGLTF/Runtime/UniJSON/ListTreeNode/ListTreeNodeArrayExtensions.cs
  artifactKey: Guid(0633f1f90105acc41b82ef809fe4ebbd) Importer(2089858483,0ecaa5967403d082aa24f35e1b516d23)
Start importing Assets/Assets/UniGLTF/Runtime/UniJSON/ListTreeNode/ListTreeNodeArrayExtensions.cs using Guid(0633f1f90105acc41b82ef809fe4ebbd) Importer(2089858483,0ecaa5967403d082aa24f35e1b516d23) [PhysX] Initialized MultithreadedTaskDispatcher with 32 workers.
 -> (artifact id: 'bb85e039a8f67b6f1e33548fd9af1ece') in 0.006166 seconds
Number of updated asset objects reloaded before import = 0
Number of asset objects unloaded after import = 1
========================================================================
Received Import Request.
  Time since last request: 0.000022 seconds.
  path: Assets/Assets/UniGLTF/Runtime/UniJSON/IStore/StringBuilderStore.cs
  artifactKey: Guid(74639d64f5620dd45a1a8edc65f48aab) Importer(2089858483,0ecaa5967403d082aa24f35e1b516d23)
Start importing Assets/Assets/UniGLTF/Runtime/UniJSON/IStore/StringBuilderStore.cs using Guid(74639d64f5620dd45a1a8edc65f48aab) Importer(2089858483,0ecaa5967403d082aa24f35e1b516d23) [PhysX] Initialized MultithreadedTaskDispatcher with 32 workers.
 -> (artifact id: '4fd8f87439fd3a0d44a1e8f9b8d0417d') in 0.006784 seconds
Number of updated asset objects reloaded before import = 0
Number of asset objects unloaded after import = 1
========================================================================
Received Import Request.
  Time since last request: 0.000028 seconds.
  path: Assets/Assets/UniGLTF/Runtime/UniGLTF/Format/glTFMesh.cs
  artifactKey: Guid(20634c83ea30c99449cd85ef46368b13) Importer(2089858483,0ecaa5967403d082aa24f35e1b516d23)
Start importing Assets/Assets/UniGLTF/Runtime/UniGLTF/Format/glTFMesh.cs using Guid(20634c83ea30c99449cd85ef46368b13) Importer(2089858483,0ecaa5967403d082aa24f35e1b516d23) [PhysX] Initialized MultithreadedTaskDispatcher with 32 workers.
 -> (artifact id: 'db3a52e2b5adb9167d31f24c49900108') in 0.007322 seconds
Number of updated asset objects reloaded before import = 0
Number of asset objects unloaded after import = 1
========================================================================
Received Import Request.
  Time since last request: 0.000017 seconds.
  path: Assets/Assets/UniGLTF/Tests/UniJSON/Json/JsonValueTests.cs
  artifactKey: Guid(1b0dfab85f59470d8cba21b351fa766b) Importer(2089858483,0ecaa5967403d082aa24f35e1b516d23)
Start importing Assets/Assets/UniGLTF/Tests/UniJSON/Json/JsonValueTests.cs using Guid(1b0dfab85f59470d8cba21b351fa766b) Importer(2089858483,0ecaa5967403d082aa24f35e1b516d23) [PhysX] Initialized MultithreadedTaskDispatcher with 32 workers.
 -> (artifact id: 'fb45204d7b956b3191a1e0721b15ab49') in 0.007420 seconds
Number of updated asset objects reloaded before import = 0
Number of asset objects unloaded after import = 1
========================================================================
Received Import Request.
  Time since last request: 0.000022 seconds.
  path: Assets/Assets/UniGLTF/Editor/UniGLTF/ExportDialog/ExportDialogState.cs
  artifactKey: Guid(77f1f7ea6f2c8ef4b8f284d9aa0187a4) Importer(2089858483,0ecaa5967403d082aa24f35e1b516d23)
Start importing Assets/Assets/UniGLTF/Editor/UniGLTF/ExportDialog/ExportDialogState.cs using Guid(77f1f7ea6f2c8ef4b8f284d9aa0187a4) Importer(2089858483,0ecaa5967403d082aa24f35e1b516d23) [PhysX] Initialized MultithreadedTaskDispatcher with 32 workers.
 -> (artifact id: 'e55f00ebc65bc96642efa2f8d58064d1') in 0.005482 seconds
Number of updated asset objects reloaded before import = 0
Number of asset objects unloaded after import = 1
========================================================================
Received Import Request.
  Time since last request: 0.000113 seconds.
  path: Assets/Assets/VRM/Runtime/FastSpringBone/Blittables/BlittableColliderGroups.cs
  artifactKey: Guid(61f56040664345a8aba5309e7714f8f2) Importer(2089858483,0ecaa5967403d082aa24f35e1b516d23)
Start importing Assets/Assets/VRM/Runtime/FastSpringBone/Blittables/BlittableColliderGroups.cs using Guid(61f56040664345a8aba5309e7714f8f2) Importer(2089858483,0ecaa5967403d082aa24f35e1b516d23) [PhysX] Initialized MultithreadedTaskDispatcher with 32 workers.
 -> (artifact id: '7cc9f732d14f27f7990c96fffc97d6a1') in 0.005626 seconds
Number of updated asset objects reloaded before import = 0
Number of asset objects unloaded after import = 1
========================================================================
Received Import Request.
  Time since last request: 0.000028 seconds.
  path: Assets/Assets/UniGLTF/Runtime/UniHumanoid/PoseModifier/HandPose.cs
  artifactKey: Guid(14d18bc5a296a894eb7154d3f5f0e18b) Importer(2089858483,0ecaa5967403d082aa24f35e1b516d23)
Start importing Assets/Assets/UniGLTF/Runtime/UniHumanoid/PoseModifier/HandPose.cs using Guid(14d18bc5a296a894eb7154d3f5f0e18b) Importer(2089858483,0ecaa5967403d082aa24f35e1b516d23) [PhysX] Initialized MultithreadedTaskDispatcher with 32 workers.
 -> (artifact id: '442334d9703b29ccf726447157206961') in 0.003960 seconds
Number of updated asset objects reloaded before import = 0
Number of asset objects unloaded after import = 1
========================================================================
Received Import Request.
  Time since last request: 0.000015 seconds.
  path: Assets/Assets/VRMShaders/GLTF/IO/Runtime/SubAssetKey.cs
  artifactKey: Guid(0c9d1b62a112b9045beb99b48000b71e) Importer(2089858483,0ecaa5967403d082aa24f35e1b516d23)
Start importing Assets/Assets/VRMShaders/GLTF/IO/Runtime/SubAssetKey.cs using Guid(0c9d1b62a112b9045beb99b48000b71e) Importer(2089858483,0ecaa5967403d082aa24f35e1b516d23) [PhysX] Initialized MultithreadedTaskDispatcher with 32 workers.
 -> (artifact id: 'fcd3527348a90942bab8b4f04d7b72f0') in 0.004162 seconds
Number of updated asset objects reloaded before import = 0
Number of asset objects unloaded after import = 1
========================================================================
Received Import Request.
  Time since last request: 0.049002 seconds.
  path: Assets/Assets/UniGLTF/Runtime/Scenes/LookDev/cubemap/ballroom_1k.mat
  artifactKey: Guid(5f6d4071e6e6b414c8ebdced2f05b4e8) Importer(2089858483,0ecaa5967403d082aa24f35e1b516d23)
Start importing Assets/Assets/UniGLTF/Runtime/Scenes/LookDev/cubemap/ballroom_1k.mat using Guid(5f6d4071e6e6b414c8ebdced2f05b4e8) Importer(2089858483,0ecaa5967403d082aa24f35e1b516d23) [PhysX] Initialized MultithreadedTaskDispatcher with 32 workers.
 -> (artifact id: '7a33687ff1b2bd3fcae5759c89fd6be6') in 0.020376 seconds
Number of updated asset objects reloaded before import = 0
Number of asset objects unloaded after import = 2
========================================================================
Received Import Request.
  Time since last request: 0.000027 seconds.
  path: Assets/Assets/UniGLTF/Runtime/Scenes/LookDev/cubemap/moonless_golf_1k.mat
  artifactKey: Guid(278bbe09e9700354691bb32aa1a7af37) Importer(2089858483,0ecaa5967403d082aa24f35e1b516d23)
Start importing Assets/Assets/UniGLTF/Runtime/Scenes/LookDev/cubemap/moonless_golf_1k.mat using Guid(278bbe09e9700354691bb32aa1a7af37) Importer(2089858483,0ecaa5967403d082aa24f35e1b516d23) [PhysX] Initialized MultithreadedTaskDispatcher with 32 workers.
 -> (artifact id: '7c971d97d792b6daaa2bd210b27c26c7') in 0.009381 seconds
Number of updated asset objects reloaded before import = 0
Number of asset objects unloaded after import = 2
========================================================================
Received Import Request.
  Time since last request: 0.000028 seconds.
  path: Assets/Assets/UniGLTF/Runtime/UniGLTF/IO/MaterialIO/BuiltInRP/Import/Materials/BuiltInGltfPbrMaterialImporter.cs
  artifactKey: Guid(96c0d7434bd69ba478e2d77e1b3e4bd2) Importer(2089858483,0ecaa5967403d082aa24f35e1b516d23)
Start importing Assets/Assets/UniGLTF/Runtime/UniGLTF/IO/MaterialIO/BuiltInRP/Import/Materials/BuiltInGltfPbrMaterialImporter.cs using Guid(96c0d7434bd69ba478e2d77e1b3e4bd2) Importer(2089858483,0ecaa5967403d082aa24f35e1b516d23) [PhysX] Initialized MultithreadedTaskDispatcher with 32 workers.
 -> (artifact id: '4a7f88657babdb1870d5fd67cc86e1b2') in 0.003973 seconds
Number of updated asset objects reloaded before import = 0
Number of asset objects unloaded after import = 1
========================================================================
Received Import Request.
  Time since last request: 0.000016 seconds.
  path: Assets/Assets/VRMShaders/VRM/MToon/MToon/Samples/OutlineWidthModes.unity
  artifactKey: Guid(8b731264e8acd0f4b8f56986e5eb2531) Importer(2089858483,0ecaa5967403d082aa24f35e1b516d23)
Start importing Assets/Assets/VRMShaders/VRM/MToon/MToon/Samples/OutlineWidthModes.unity using Guid(8b731264e8acd0f4b8f56986e5eb2531) Importer(2089858483,0ecaa5967403d082aa24f35e1b516d23) [PhysX] Initialized MultithreadedTaskDispatcher with 32 workers.
 -> (artifact id: '03bce20791823962b8f911643736896d') in 0.004123 seconds
Number of updated asset objects reloaded before import = 0
Number of asset objects unloaded after import = 1
========================================================================
Received Import Request.
  Time since last request: 0.000011 seconds.
  path: Assets/Assets/UniGLTF/Runtime/UniGLTF/IO/MeshIO/BlendShapeFilter.cs
  artifactKey: Guid(d962c03c08e3d3a4eb5c52f5b4e0c93f) Importer(2089858483,0ecaa5967403d082aa24f35e1b516d23)
Start importing Assets/Assets/UniGLTF/Runtime/UniGLTF/IO/MeshIO/BlendShapeFilter.cs using Guid(d962c03c08e3d3a4eb5c52f5b4e0c93f) Importer(2089858483,0ecaa5967403d082aa24f35e1b516d23) [PhysX] Initialized MultithreadedTaskDispatcher with 32 workers.
 -> (artifact id: '5fe9eabb30172d41ee0351e78a173b85') in 0.004281 seconds
Number of updated asset objects reloaded before import = 0
Number of asset objects unloaded after import = 1
========================================================================
Received Import Request.
  Time since last request: 0.000016 seconds.
  path: Assets/Assets/VRMShaders/GLTF/IO/Runtime/Texture/Importer/UnitySupportedImageTypeDeserializer.cs
  artifactKey: Guid(f9ea656b813c41caaa40318be35b9ed2) Importer(2089858483,0ecaa5967403d082aa24f35e1b516d23)
Start importing Assets/Assets/VRMShaders/GLTF/IO/Runtime/Texture/Importer/UnitySupportedImageTypeDeserializer.cs using Guid(f9ea656b813c41caaa40318be35b9ed2) Importer(2089858483,0ecaa5967403d082aa24f35e1b516d23) [PhysX] Initialized MultithreadedTaskDispatcher with 32 workers.
 -> (artifact id: '8df9adf9c08f0bd6b29bf0ce5bc8a79d') in 0.007503 seconds
Number of updated asset objects reloaded before import = 0
Number of asset objects unloaded after import = 1
========================================================================
Received Import Request.
  Time since last request: 0.000014 seconds.
  path: Assets/Assets/VRMShaders/VRM10/MToon10/Resources/VRM10/vrmc_materials_mtoon_shadowcaster_vertex.hlsl
  artifactKey: Guid(06e9bdc3bc909534399f25d6769c8396) Importer(2089858483,0ecaa5967403d082aa24f35e1b516d23)
Start importing Assets/Assets/VRMShaders/VRM10/MToon10/Resources/VRM10/vrmc_materials_mtoon_shadowcaster_vertex.hlsl using Guid(06e9bdc3bc909534399f25d6769c8396) Importer(2089858483,0ecaa5967403d082aa24f35e1b516d23) [PhysX] Initialized MultithreadedTaskDispatcher with 32 workers.
 -> (artifact id: 'f6de2c29271810d1e429dbe5f7cde306') in 0.006275 seconds
Number of updated asset objects reloaded before import = 0
Number of asset objects unloaded after import = 1
========================================================================
Received Import Request.
  Time since last request: 0.000013 seconds.
  path: Assets/Assets/VRMShaders/VRM/MToon/MToon/Samples/Materials/Ground.mat
  artifactKey: Guid(54da18ba3126f1343924588562df72e0) Importer(2089858483,0ecaa5967403d082aa24f35e1b516d23)
Start importing Assets/Assets/VRMShaders/VRM/MToon/MToon/Samples/Materials/Ground.mat using Guid(54da18ba3126f1343924588562df72e0) Importer(2089858483,0ecaa5967403d082aa24f35e1b516d23) [PhysX] Initialized MultithreadedTaskDispatcher with 32 workers.
 -> (artifact id: '2ac21cb3d9fc7d5b95941b2225707c48') in 0.016437 seconds
Number of updated asset objects reloaded before import = 0
Number of asset objects unloaded after import = 1
========================================================================
Received Import Request.
  Time since last request: 0.000018 seconds.
  path: Assets/Assets/VRMShaders/VRM10/MToon10/Resources/VRM10/vrmc_materials_mtoon_geometry_normal.hlsl
  artifactKey: Guid(5ddfcfc47ee84eed9365b902bf76ce75) Importer(2089858483,0ecaa5967403d082aa24f35e1b516d23)
Start importing Assets/Assets/VRMShaders/VRM10/MToon10/Resources/VRM10/vrmc_materials_mtoon_geometry_normal.hlsl using Guid(5ddfcfc47ee84eed9365b902bf76ce75) Importer(2089858483,0ecaa5967403d082aa24f35e1b516d23) [PhysX] Initialized MultithreadedTaskDispatcher with 32 workers.
 -> (artifact id: '0d6d96a73eda257f2766acd7906b58b9') in 0.005071 seconds
Number of updated asset objects reloaded before import = 0
Number of asset objects unloaded after import = 1
========================================================================
Received Import Request.
  Time since last request: 0.000018 seconds.
  path: Assets/Assets/VRMShaders/GLTF/IO/Runtime/Texture/Exporter/RuntimeTextureSerializer.cs
  artifactKey: Guid(57623966155c423ba30bf76d64a66760) Importer(2089858483,0ecaa5967403d082aa24f35e1b516d23)
Start importing Assets/Assets/VRMShaders/GLTF/IO/Runtime/Texture/Exporter/RuntimeTextureSerializer.cs using Guid(57623966155c423ba30bf76d64a66760) Importer(2089858483,0ecaa5967403d082aa24f35e1b516d23) [PhysX] Initialized MultithreadedTaskDispatcher with 32 workers.
 -> (artifact id: 'ba70e0ec2d4842bf2d4c354dd633867f') in 0.005229 seconds
Number of updated asset objects reloaded before import = 0
Number of asset objects unloaded after import = 1
========================================================================
Received Import Request.
  Time since last request: 0.000035 seconds.
  path: Assets/Assets/VRMShaders/GLTF/IO/Runtime/AwaitCaller/IAwaitCaller.cs
  artifactKey: Guid(9cd79193a3dfa7148bb76882f4988071) Importer(2089858483,0ecaa5967403d082aa24f35e1b516d23)
Start importing Assets/Assets/VRMShaders/GLTF/IO/Runtime/AwaitCaller/IAwaitCaller.cs using Guid(9cd79193a3dfa7148bb76882f4988071) Importer(2089858483,0ecaa5967403d082aa24f35e1b516d23) [PhysX] Initialized MultithreadedTaskDispatcher with 32 workers.
 -> (artifact id: 'e17b1b7d9df1e94deb71421cc943c265') in 0.005155 seconds
Number of updated asset objects reloaded before import = 0
Number of asset objects unloaded after import = 1
========================================================================
Received Import Request.
  Time since last request: 0.000012 seconds.
  path: Assets/Assets/UniGLTF/Runtime/UniGLTF/Format/ExtensionsAndExtras/KHR_texture_basisu.cs
  artifactKey: Guid(ed158370be0b4340b9d571c199878591) Importer(2089858483,0ecaa5967403d082aa24f35e1b516d23)
Start importing Assets/Assets/UniGLTF/Runtime/UniGLTF/Format/ExtensionsAndExtras/KHR_texture_basisu.cs using Guid(ed158370be0b4340b9d571c199878591) Importer(2089858483,0ecaa5967403d082aa24f35e1b516d23) [PhysX] Initialized MultithreadedTaskDispatcher with 32 workers.
 -> (artifact id: 'd790d5410934ac03f0f71177f8432854') in 0.003623 seconds
Number of updated asset objects reloaded before import = 0
Number of asset objects unloaded after import = 1
========================================================================
Received Import Request.
  Time since last request: 0.000019 seconds.
  path: Assets/Assets/UniGLTF/Runtime/UniGLTF/IO/MeshIO/MeshExporter_SharedVertexBuffer.cs
  artifactKey: Guid(a07de839f30ac2348a5810c50c8b5b3d) Importer(2089858483,0ecaa5967403d082aa24f35e1b516d23)
Start importing Assets/Assets/UniGLTF/Runtime/UniGLTF/IO/MeshIO/MeshExporter_SharedVertexBuffer.cs using Guid(a07de839f30ac2348a5810c50c8b5b3d) Importer(2089858483,0ecaa5967403d082aa24f35e1b516d23) [PhysX] Initialized MultithreadedTaskDispatcher with 32 workers.
 -> (artifact id: '221aaa1cc5cf4f5b3dc917c820f1300a') in 0.004204 seconds
Number of updated asset objects reloaded before import = 0
Number of asset objects unloaded after import = 1
========================================================================
Received Import Request.
  Time since last request: 0.000025 seconds.
  path: Assets/Assets/UniGLTF/Runtime/UniGLTF/IO/Parser/AutoGltfFileParser.cs
  artifactKey: Guid(bc9d157827565c84f9ad41c907fd12e5) Importer(2089858483,0ecaa5967403d082aa24f35e1b516d23)
Start importing Assets/Assets/UniGLTF/Runtime/UniGLTF/IO/Parser/AutoGltfFileParser.cs using Guid(bc9d157827565c84f9ad41c907fd12e5) Importer(2089858483,0ecaa5967403d082aa24f35e1b516d23) [PhysX] Initialized MultithreadedTaskDispatcher with 32 workers.
 -> (artifact id: 'f814d4f7e1d7827671ac8218b755eb15') in 0.006723 seconds
Number of updated asset objects reloaded before import = 0
Number of asset objects unloaded after import = 1
========================================================================
Received Import Request.
  Time since last request: 0.000011 seconds.
  path: Assets/Assets/VRM/Tests/SampleTests/Resources/Materials/vrm_unlit_transparent_zwrite.mat
  artifactKey: Guid(8203c783e4ba99145b40084a01065cac) Importer(2089858483,0ecaa5967403d082aa24f35e1b516d23)
Start importing Assets/Assets/VRM/Tests/SampleTests/Resources/Materials/vrm_unlit_transparent_zwrite.mat using Guid(8203c783e4ba99145b40084a01065cac) Importer(2089858483,0ecaa5967403d082aa24f35e1b516d23) [PhysX] Initialized MultithreadedTaskDispatcher with 32 workers.
 -> (artifact id: 'ad151561a3b1803b96727d00cdd5769a') in 0.005262 seconds
Number of updated asset objects reloaded before import = 0
Number of asset objects unloaded after import = 1
========================================================================
Received Import Request.
  Time since last request: 0.000017 seconds.
  path: Assets/Assets/UniGLTF/Runtime/UniGLTF/IO/MeshIO/MeshUploader.cs
  artifactKey: Guid(385cc2546f5d4a908f679caab659529b) Importer(2089858483,0ecaa5967403d082aa24f35e1b516d23)
Start importing Assets/Assets/UniGLTF/Runtime/UniGLTF/IO/MeshIO/MeshUploader.cs using Guid(385cc2546f5d4a908f679caab659529b) Importer(2089858483,0ecaa5967403d082aa24f35e1b516d23) [PhysX] Initialized MultithreadedTaskDispatcher with 32 workers.
 -> (artifact id: '3d57c1c9e848fa5fb9dbfd4c2512cd85') in 0.007097 seconds
Number of updated asset objects reloaded before import = 0
Number of asset objects unloaded after import = 1
========================================================================
Received Import Request.
  Time since last request: 0.000016 seconds.
  path: Assets/Assets/VRMShaders/VRM10/MToon10/Runtime/Extensions/MaterialExtensions.cs
  artifactKey: Guid(173b50f65d2a44109cc67a84f18bde53) Importer(2089858483,0ecaa5967403d082aa24f35e1b516d23)
Start importing Assets/Assets/VRMShaders/VRM10/MToon10/Runtime/Extensions/MaterialExtensions.cs using Guid(173b50f65d2a44109cc67a84f18bde53) Importer(2089858483,0ecaa5967403d082aa24f35e1b516d23) [PhysX] Initialized MultithreadedTaskDispatcher with 32 workers.
 -> (artifact id: '1ef8c987eeff669bfd7e2bdf2989bb6e') in 0.003730 seconds
Number of updated asset objects reloaded before import = 0
Number of asset objects unloaded after import = 1
========================================================================
Received Import Request.
  Time since last request: 0.000013 seconds.
  path: Assets/Assets/UniGLTF/Runtime/UniGLTF/IO/MaterialIO/BuiltInRP/Import/Materials/BuiltInGltfUnlitMaterialImporter.cs
  artifactKey: Guid(f9748317ec6964a47b0a1c4150fe62e8) Importer(2089858483,0ecaa5967403d082aa24f35e1b516d23)
Start importing Assets/Assets/UniGLTF/Runtime/UniGLTF/IO/MaterialIO/BuiltInRP/Import/Materials/BuiltInGltfUnlitMaterialImporter.cs using Guid(f9748317ec6964a47b0a1c4150fe62e8) Importer(2089858483,0ecaa5967403d082aa24f35e1b516d23) [PhysX] Initialized MultithreadedTaskDispatcher with 32 workers.
 -> (artifact id: 'c73dc4e160f3a413d73ea2aedbdeeff0') in 0.003408 seconds
Number of updated asset objects reloaded before import = 0
Number of asset objects unloaded after import = 1
========================================================================
Received Import Request.
  Time since last request: 0.000016 seconds.
  path: Assets/Assets/VRMShaders/VRM/MToon/MToon/Scripts/Utils.cs
  artifactKey: Guid(9d2012c170a74b3db0002f7ecda53622) Importer(2089858483,0ecaa5967403d082aa24f35e1b516d23)
Start importing Assets/Assets/VRMShaders/VRM/MToon/MToon/Scripts/Utils.cs using Guid(9d2012c170a74b3db0002f7ecda53622) Importer(2089858483,0ecaa5967403d082aa24f35e1b516d23) [PhysX] Initialized MultithreadedTaskDispatcher with 32 workers.
 -> (artifact id: 'fb214ce07b4a7d470b462f0ff4372157') in 0.004835 seconds
Number of updated asset objects reloaded before import = 0
Number of asset objects unloaded after import = 1
========================================================================
Received Import Request.
  Time since last request: 0.000012 seconds.
  path: Assets/Assets/UniGLTF/Runtime/UniGLTF/IO/MaterialIO/BuiltInRP/Import/BuiltInGltfMaterialDescriptorGenerator.cs
  artifactKey: Guid(06d7ddbd9b8b38544a74013a6992210b) Importer(2089858483,0ecaa5967403d082aa24f35e1b516d23)
Start importing Assets/Assets/UniGLTF/Runtime/UniGLTF/IO/MaterialIO/BuiltInRP/Import/BuiltInGltfMaterialDescriptorGenerator.cs using Guid(06d7ddbd9b8b38544a74013a6992210b) Importer(2089858483,0ecaa5967403d082aa24f35e1b516d23) [PhysX] Initialized MultithreadedTaskDispatcher with 32 workers.
 -> (artifact id: '710bdcd61dd74556bacf9883d32c05c8') in 0.003998 seconds
Number of updated asset objects reloaded before import = 0
Number of asset objects unloaded after import = 1
========================================================================
Received Import Request.
  Time since last request: 0.000012 seconds.
  path: Assets/Assets/UniGLTF/Runtime/UniGLTF/IO/TextureIO/GltfTextureExporter.cs
  artifactKey: Guid(edc800243b783ea4392e1d916789c803) Importer(2089858483,0ecaa5967403d082aa24f35e1b516d23)
Start importing Assets/Assets/UniGLTF/Runtime/UniGLTF/IO/TextureIO/GltfTextureExporter.cs using Guid(edc800243b783ea4392e1d916789c803) Importer(2089858483,0ecaa5967403d082aa24f35e1b516d23) [PhysX] Initialized MultithreadedTaskDispatcher with 32 workers.
 -> (artifact id: '3bab1b2b9e4f9ddb4f420d33f056c741') in 0.007566 seconds
Number of updated asset objects reloaded before import = 0
Number of asset objects unloaded after import = 1
========================================================================
Received Import Request.
  Time since last request: 0.000017 seconds.
  path: Assets/Assets/VRMShaders/VRM10/MToon10/Runtime/UnityShaderLab/MToonDefinedValues/MToon10NormalMapKeyword.cs
  artifactKey: Guid(78ea3fe03cac402083bd53882d186b95) Importer(2089858483,0ecaa5967403d082aa24f35e1b516d23)
Start importing Assets/Assets/VRMShaders/VRM10/MToon10/Runtime/UnityShaderLab/MToonDefinedValues/MToon10NormalMapKeyword.cs using Guid(78ea3fe03cac402083bd53882d186b95) Importer(2089858483,0ecaa5967403d082aa24f35e1b516d23) [PhysX] Initialized MultithreadedTaskDispatcher with 32 workers.
 -> (artifact id: '99caa654650fc26370d1e1e1188c694e') in 0.004832 seconds
Number of updated asset objects reloaded before import = 0
Number of asset objects unloaded after import = 1
========================================================================
Received Import Request.
  Time since last request: 0.000012 seconds.
  path: Assets/Assets/UniGLTF/Runtime/UniGLTF/IO/MaterialIO/TextureTransform.cs
  artifactKey: Guid(a652f0fdb4236434a9a64aa35a3cb44f) Importer(2089858483,0ecaa5967403d082aa24f35e1b516d23)
Start importing Assets/Assets/UniGLTF/Runtime/UniGLTF/IO/MaterialIO/TextureTransform.cs using Guid(a652f0fdb4236434a9a64aa35a3cb44f) Importer(2089858483,0ecaa5967403d082aa24f35e1b516d23) [PhysX] Initialized MultithreadedTaskDispatcher with 32 workers.
 -> (artifact id: '5f645ff1c2f4c6fc02cf1ddc0e4fa7da') in 0.002900 seconds
Number of updated asset objects reloaded before import = 0
Number of asset objects unloaded after import = 1
========================================================================
Received Import Request.
  Time since last request: 0.000012 seconds.
  path: Assets/Assets/VRMShaders/GLTF/IO/Runtime/Util/Symbols.cs
  artifactKey: Guid(ffb4175afef01ea48ad7669a8b12d93f) Importer(2089858483,0ecaa5967403d082aa24f35e1b516d23)
Start importing Assets/Assets/VRMShaders/GLTF/IO/Runtime/Util/Symbols.cs using Guid(ffb4175afef01ea48ad7669a8b12d93f) Importer(2089858483,0ecaa5967403d082aa24f35e1b516d23) [PhysX] Initialized MultithreadedTaskDispatcher with 32 workers.
 -> (artifact id: 'd11b68b32f224e7c24fb578d098f73e0') in 0.003709 seconds
Number of updated asset objects reloaded before import = 0
Number of asset objects unloaded after import = 1
========================================================================
Received Import Request.
  Time since last request: 7.736332 seconds.
  path: Assets/Unity.VisualScripting.Generated/VisualScripting.Core/Property Providers/PropertyProvider_UnityEngine_UI_InputField_OnChangeEvent.cs
  artifactKey: Guid(dfb9d1ae4f4df9a459e367062850e1a3) Importer(2089858483,0ecaa5967403d082aa24f35e1b516d23)
Start importing Assets/Unity.VisualScripting.Generated/VisualScripting.Core/Property Providers/PropertyProvider_UnityEngine_UI_InputField_OnChangeEvent.cs using Guid(dfb9d1ae4f4df9a459e367062850e1a3) Importer(2089858483,0ecaa5967403d082aa24f35e1b516d23) [PhysX] Initialized MultithreadedTaskDispatcher with 32 workers.
 -> (artifact id: '53c632386f3291d1f7aa5c38437ceb9f') in 0.004544 seconds
Number of updated asset objects reloaded before import = 0
Number of asset objects unloaded after import = 1
========================================================================
Received Import Request.
  Time since last request: 0.000021 seconds.
  path: Assets/Unity.VisualScripting.Generated/VisualScripting.Core/Property Providers/PropertyProvider_TMPro_TMP_InputField_TextSelectionEvent.cs
  artifactKey: Guid(74e04e159766b6c40986f9e2f1361965) Importer(2089858483,0ecaa5967403d082aa24f35e1b516d23)
Start importing Assets/Unity.VisualScripting.Generated/VisualScripting.Core/Property Providers/PropertyProvider_TMPro_TMP_InputField_TextSelectionEvent.cs using Guid(74e04e159766b6c40986f9e2f1361965) Importer(2089858483,0ecaa5967403d082aa24f35e1b516d23) [PhysX] Initialized MultithreadedTaskDispatcher with 32 workers.
 -> (artifact id: '20dbf8a9eaa4ca4e7b059d3b1a4686c3') in 0.023502 seconds
Number of updated asset objects reloaded before import = 0
Number of asset objects unloaded after import = 1
========================================================================
Received Import Request.
  Time since last request: 0.000032 seconds.
  path: Assets/Unity.VisualScripting.Generated/VisualScripting.Core/Property Providers/PropertyProvider_UnityEngine_TextCore_GlyphMetrics.cs
  artifactKey: Guid(663362d7c0ce917459dcfa488e007d74) Importer(2089858483,0ecaa5967403d082aa24f35e1b516d23)
Start importing Assets/Unity.VisualScripting.Generated/VisualScripting.Core/Property Providers/PropertyProvider_UnityEngine_TextCore_GlyphMetrics.cs using Guid(663362d7c0ce917459dcfa488e007d74) Importer(2089858483,0ecaa5967403d082aa24f35e1b516d23) [PhysX] Initialized MultithreadedTaskDispatcher with 32 workers.
 -> (artifact id: '51529472f4ef192f22d839344c3fe51d') in 0.006367 seconds
Number of updated asset objects reloaded before import = 0
Number of asset objects unloaded after import = 1
========================================================================
Received Import Request.
  Time since last request: 0.000026 seconds.
  path: Assets/Unity.VisualScripting.Generated/VisualScripting.Core/Property Providers/PropertyProvider_TMPro_TMP_Character.cs
  artifactKey: Guid(2506c4a081e915846b40b044cb727534) Importer(2089858483,0ecaa5967403d082aa24f35e1b516d23)
Start importing Assets/Unity.VisualScripting.Generated/VisualScripting.Core/Property Providers/PropertyProvider_TMPro_TMP_Character.cs using Guid(2506c4a081e915846b40b044cb727534) Importer(2089858483,0ecaa5967403d082aa24f35e1b516d23) [PhysX] Initialized MultithreadedTaskDispatcher with 32 workers.
 -> (artifact id: '7676ca2d49071032d8f1f7488bb391fd') in 0.003944 seconds
Number of updated asset objects reloaded before import = 0
Number of asset objects unloaded after import = 1
========================================================================
Received Import Request.
  Time since last request: 0.000066 seconds.
  path: Assets/Unity.VisualScripting.Generated/VisualScripting.Core/Property Providers/PropertyProvider_UnityEngine_UI_ColorBlock.cs
  artifactKey: Guid(5d54a864da4c0f0469c4d31cc226f086) Importer(2089858483,0ecaa5967403d082aa24f35e1b516d23)
Start importing Assets/Unity.VisualScripting.Generated/VisualScripting.Core/Property Providers/PropertyProvider_UnityEngine_UI_ColorBlock.cs using Guid(5d54a864da4c0f0469c4d31cc226f086) Importer(2089858483,0ecaa5967403d082aa24f35e1b516d23) [PhysX] Initialized MultithreadedTaskDispatcher with 32 workers.
 -> (artifact id: '1417279bde56ee535680b4840e05dd20') in 0.005784 seconds
Number of updated asset objects reloaded before import = 0
Number of asset objects unloaded after import = 1
========================================================================
Received Import Request.
  Time since last request: 0.000031 seconds.
  path: Assets/Unity.VisualScripting.Generated/VisualScripting.Core/Property Providers/PropertyProvider_UnityEngine_UI_Button_ButtonClickedEvent.cs
  artifactKey: Guid(7a54c1d778f95df4ea165b85b659646e) Importer(2089858483,0ecaa5967403d082aa24f35e1b516d23)
Start importing Assets/Unity.VisualScripting.Generated/VisualScripting.Core/Property Providers/PropertyProvider_UnityEngine_UI_Button_ButtonClickedEvent.cs using Guid(7a54c1d778f95df4ea165b85b659646e) Importer(2089858483,0ecaa5967403d082aa24f35e1b516d23) [PhysX] Initialized MultithreadedTaskDispatcher with 32 workers.
 -> (artifact id: 'fccd151db068d35d49333ce83e4bee8f') in 0.006834 seconds
Number of updated asset objects reloaded before import = 0
Number of asset objects unloaded after import = 1
========================================================================
Received Import Request.
  Time since last request: 0.000152 seconds.
  path: Assets/Unity.VisualScripting.Generated/VisualScripting.Core/Property Providers/PropertyProvider_TMPro_TMP_InputField_SubmitEvent.cs
  artifactKey: Guid(80e06caeefe587b4e93b558e953f469c) Importer(2089858483,0ecaa5967403d082aa24f35e1b516d23)
Start importing Assets/Unity.VisualScripting.Generated/VisualScripting.Core/Property Providers/PropertyProvider_TMPro_TMP_InputField_SubmitEvent.cs using Guid(80e06caeefe587b4e93b558e953f469c) Importer(2089858483,0ecaa5967403d082aa24f35e1b516d23) [PhysX] Initialized MultithreadedTaskDispatcher with 32 workers.
 -> (artifact id: '0ca826512a42fc7ecf6bfa125d180b89') in 0.004470 seconds
Number of updated asset objects reloaded before import = 0
Number of asset objects unloaded after import = 1
========================================================================
Received Prepare
Caller must complete domain reload
Begin MonoManager ReloadAssembly
- Loaded All Assemblies, in  0.420 seconds
Native extension for WindowsStandalone target not found
Native extension for WebGL target not found
System.Exception: Error! Visual Scripting: couldn't find visual scripting package
  at Unity.VisualScripting.PackageVersionUtility.get_version () [0x00043] in .\Library\PackageCache\com.unity.visualscripting@1.9.4\Editor\VisualScripting.Core\Utilities\PackageVersionUtility.cs:31 
  at Unity.VisualScripting.BoltCoreManifest.get_version () [0x00000] in .\Library\PackageCache\com.unity.visualscripting@1.9.4\Editor\VisualScripting.Core\Plugin\BoltCoreManifest.cs:11 
  at Unity.VisualScripting.PluginManifest.get_currentVersion () [0x00000] in .\Library\PackageCache\com.unity.visualscripting@1.9.4\Editor\VisualScripting.Core\Plugins\PluginManifest.cs:33 
  at Unity.VisualScripting.PluginManifest.get_versionMismatch () [0x00000] in .\Library\PackageCache\com.unity.visualscripting@1.9.4\Editor\VisualScripting.Core\Plugins\PluginManifest.cs:48 
  at Unity.VisualScripting.PluginContainer.Initialize () [0x00525] in .\Library\PackageCache\com.unity.visualscripting@1.9.4\Editor\VisualScripting.Core\Plugins\PluginContainer.cs:208 
  at Unity.VisualScripting.PluginContainer.InitializeOnLoad () [0x00009] in .\Library\PackageCache\com.unity.visualscripting@1.9.4\Editor\VisualScripting.Core\Plugins\PluginContainer.cs:32 
  at Unity.VisualScripting.VSUsageUtility.DoInitializeOnLoadCalls () [0x00034] in .\Library\PackageCache\com.unity.visualscripting@1.9.4\Editor\VisualScripting.Core\Utilities\VSUsageUtility.cs:76 
  at Unity.VisualScripting.VSUsageUtility.set_isVisualScriptingUsed (System.Boolean value) [0x0002c] in .\Library\PackageCache\com.unity.visualscripting@1.9.4\Editor\VisualScripting.Core\Utilities\VSUsageUtility.cs:114 
  at Unity.VisualScripting.VSUsageUtility.CheckAndSetIsVisualScriptingUsed () [0x0000d] in .\Library\PackageCache\com.unity.visualscripting@1.9.4\Editor\VisualScripting.Core\Utilities\VSUsageUtility.cs:33 
  at Unity.VisualScripting.VSUsageUtility..cctor () [0x00000] in .\Library\PackageCache\com.unity.visualscripting@1.9.4\Editor\VisualScripting.Core\Utilities\VSUsageUtility.cs:22 
UnityEngine.StackTraceUtility:ExtractStackTrace ()
UnityEngine.DebugLogHandler:LogFormat (UnityEngine.LogType,UnityEngine.Object,string,object[])
UnityEngine.Logger:Log (UnityEngine.LogType,object)
UnityEngine.Debug:LogError (object)
UnityEditor.EditorAssemblies:ProcessInitializeOnLoadAttributes (System.Type[])

[Package Manager] Server::EnsureServerProcessIsRunning -- launch failed, reason: Unity was launched with the -noUpm command-line argument
[Package Manager] UpmClient::Send -- Unable to send message (not connected to UPM process).
[Package Manager] Cannot connect to Unity Package Manager local server
Mono: successfully reloaded assembly
- Finished resetting the current domain, in  0.989 seconds
Domain Reload Profiling: 1406ms
	BeginReloadAssembly (166ms)
		ExecutionOrderSort (0ms)
		DisableScriptedObjects (5ms)
		BackupInstance (0ms)
		ReleaseScriptingObjects (0ms)
		CreateAndSetChildDomain (66ms)
	RebuildCommonClasses (25ms)
	RebuildNativeTypeToScriptingClass (7ms)
	initialDomainReloadingComplete (22ms)
	LoadAllAssembliesAndSetupDomain (198ms)
		LoadAssemblies (239ms)
		RebuildTransferFunctionScriptingTraits (0ms)
		AnalyzeDomain (17ms)
			TypeCache.Refresh (7ms)
				TypeCache.ScanAssembly (1ms)
			ScanForSourceGeneratedMonoScriptInfo (4ms)
			ResolveRequiredComponents (4ms)
	FinalizeReload (989ms)
		ReleaseScriptCaches (0ms)
		RebuildScriptCaches (0ms)
		SetupLoadedEditorAssemblies (444ms)
			LogAssemblyErrors (0ms)
			InitializePlatformSupportModulesInManaged (5ms)
			SetLoadedEditorAssemblies (3ms)
			RefreshPlugins (0ms)
			BeforeProcessingInitializeOnLoad (46ms)
			ProcessInitializeOnLoadAttributes (370ms)
			ProcessInitializeOnLoadMethodAttributes (15ms)
			AfterProcessingInitializeOnLoad (5ms)
			EditorAssembliesLoaded (0ms)
		ExecutionOrderSort2 (0ms)
		AwakeInstancesAfterBackupRestoration (5ms)
Shader 'VRM10/Universal Render Pipeline/MToon10': fallback shader 'Hidden/Universal Render Pipeline/FallbackError' not found
Shader 'VRM10/Universal Render Pipeline/MToon10': fallback shader 'Hidden/Universal Render Pipeline/FallbackError' not found
Refreshing native plugins compatible for Editor in 4.53 ms, found 3 plugins.
Preloading 0 native plugins for Editor in 0.00 ms.
Unloading 3711 Unused Serialized files (Serialized files now loaded: 0)
Unloading 16 unused Assets / (178.8 KB). Loaded Objects now: 4213.
Memory consumption went from 133.1 MB to 132.9 MB.
Total: 12.634600 ms (FindLiveObjects: 0.409000 ms CreateObjectMapping: 0.292600 ms MarkObjects: 11.744700 ms  DeleteObjects: 0.186500 ms)

Prepare: number of updated asset objects reloaded= 0
AssetImportParameters requested are different than current active one (requested -> active):
  custom:scripting/monoscript/fileName/PropertyProvider_UnityEngine_UI_InputField_SubmitEvent.cs: 0158d585133768c19d604a16c5150b7f -> 
  custom:scripting/monoscript/fileName/PropertyProvider_UnityEngine_TextCore_GlyphMetrics.cs: eabf71f3c03c37c0c7f23edd5cbe1162 -> 
  custom:scripting/monoscript/fileName/PropertyProvider_UnityEngine_UI_ScrollRect_ScrollRectEvent.cs: e4c8516284bf25b102d63c464fb7e15d -> 
  custom:scripting/monoscript/fileName/PropertyProvider_TMPro_TMP_FontWeightPair.cs: 7018d8f97ea3f99cee146e66e59eb094 -> 
  custom:container-demuxer-ogg: 62fdf1f143b41e24485cea50d1cbac27 -> 
  custom:scripting/monoscript/fileName/PropertyProvider_TMPro_TMP_GlyphPairAdjustmentRecord.cs: 8b81f44b4d25a8dc83a83602243e54ff -> 
  custom:video-codec-MediaFoundation-h265: 746d11721c4dcdbdad8f713fa42b33f4 -> 
  custom:scripting/monoscript/fileName/PropertyProvider_UnityEngine_TextCore_Text_TextStyle.cs: eb1c166a308f6740662692f9574fc091 -> 
  custom:scripting/monoscript/fileName/PropertyProvider_TMPro_TMP_InputField_TextSelectionEvent.cs: 515a9a6914de53af16f9f3b16e45daa4 -> 
  custom:video-decoder-ogg-theora: a1e56fd34408186e4bbccfd4996cb3dc -> 
  custom:scripting/monoscript/fileName/PropertyProvider_TMPro_TextAlignmentOptions.cs: 39cd5fe84e8066bc3e954961d7e15819 -> 
  custom:scripting/monoscript/fileName/PropertyProvider_TMPro_TMP_Character.cs: eaa72c8e378463b7267f14eb54ec33b5 -> 
  custom:framework-win-MediaFoundation: 216162199b28c13a410421893ffa2e32 -> 
  custom:scripting/monoscript/fileName/PropertyProvider_UnityEngine_UI_Button_ButtonClickedEvent.cs: b93ebf738c61d1c891755c6725f48604 -> 
  custom:scripting/monoscript/fileName/PropertyProvider_UnityEngine_UI_Scrollbar_ScrollEvent.cs: fd54ec78326ea556b1505266fe98a01d -> 
  custom:scripting/monoscript/fileName/PropertyProvider_UnityEngine_UI_Toggle_ToggleEvent.cs: bfcc8ccf33149947039e7ca40bc97785 -> 
  custom:scripting/monoscript/fileName/PropertyProvider_TMPro_TMP_SpriteCharacter.cs: 8599e0a3d7eaeb40f13c76a6e99f7053 -> 
  custom:scripting/monoscript/fileName/PropertyProvider_UnityEngine_TextCore_Text_UnicodeLineBreakingRules.cs: 73c6fb186280151f1d6b820f0f45fecd -> 
  custom:CustomObjectIndexerAttribute: 9a22284fe3817be447336de3de66b15e -> 
  custom:scripting/monoscript/fileName/PropertyProvider_TMPro_TMP_Style.cs: 8d7eef81843e9fddd6a990b921a6e3c1 -> 
  custom:scripting/monoscript/fileName/PropertyProvider_UnityEngine_TextCore_Text_FontWeightPair.cs: d5455aa2368330e45f1f09d94009c4c0 -> 
  custom:scripting/monoscript/fileName/PropertyProvider_UnityEngine_TextCore_Text_SpriteGlyph.cs: b06b3e139481bab6144063213f525381 -> 
  custom:scripting/monoscript/fileName/PropertyProvider_UnityEngine_TextCore_LowLevel_GlyphPairAdjustmentRecord.cs: bdb2dd6cca050c67034132d9f8cd4140 -> 
  custom:scripting/monoscript/fileName/PropertyProvider_UnityEngine_TextCore_Text_Character.cs: d0272ab30945368704c767a2beb04b50 -> 
  custom:scripting/monoscript/fileName/PropertyProvider_UnityEngine_UI_ColorBlock.cs: e918f6ef237d0e8d4bf87bae2f3111f8 -> 
  custom:container-demuxer-webm: 4f35f7cbe854078d1ac9338744f61a02 -> 
  custom:scripting/monoscript/fileName/PropertyProvider_UnityEngine_UI_InputField_EndEditEvent.cs: fe389e2642133f5a6de3efd4d634a724 -> 
  custom:scripting/monoscript/fileName/PropertyProvider_TMPro_TMP_InputField_SelectionEvent.cs: 264f66097bdfcbb706d524ac5c46b504 -> 
  custom:scripting/monoscript/fileName/PropertyProvider_VRM_VRMFirstPerson_RendererFirstPersonFlags.cs: 9b5d098f8ac49d7a8cb4809346d6f7d5 -> 
  custom:scripting/monoscript/fileName/PropertyProvider_TMPro_TMP_Dropdown_OptionDataList.cs: bbeaf26c2714e7be0fc0a30103efeae2 -> 
  custom:scripting/monoscript/fileName/PropertyProvider_UnityEngine_EventSystems_EventTrigger_TriggerEvent.cs: 3f230b25f026b173452f63f60a0946b2 -> 
  custom:scripting/monoscript/fileName/PropertyProvider_UnityEngine_ParticleSystem_MinMaxGradient.cs: 43f3622b6ae25a6921a8181d72a51958 -> 
  custom:container-muxer-webm: aa71ff27fc2769a1b78a27578f13a17b -> 
  custom:scripting/monoscript/fileName/PropertyProvider_UnityEngine_UI_Slider_SliderEvent.cs: 58c372a4711adfe3b86695c242c16ec9 -> 
  custom:scripting/monoscript/fileName/PropertyProvider_UnityEngine_UI_FontData.cs: 04a625f3ae6938c0e2f2b09c7e021885 -> 
  custom:scripting/monoscript/fileName/PropertyProvider_UnityEngine_UI_Dropdown_DropdownEvent.cs: 45a3e6ca66368ac9cf0c5924a29d53e1 -> 
  custom:video-decoder-webm-vp8: 9c59270c3fd7afecdb556c50c9e8de78 -> 
  custom:scripting/monoscript/fileName/PropertyProvider_TMPro_VerticalAlignmentOptions.cs: e9b0bd2736e9675a8e10569d4105f860 -> 
  custom:SearchIndexIgnoredProperties: e643bd26f0fe6173181afceb89e7c659 -> 
  custom:AudioImporter_EditorPlatform: d09bf68614088b80899f8185d706f6e7 -> 
  custom:scripting/monoscript/fileName/PropertyProvider_UnityEngine_Events_UnityEvent.cs: d54f14228eba4b078b8a0723bcb346b5 -> 
  custom:scripting/monoscript/fileName/PropertyProvider_TMPro_TMP_InputField_SubmitEvent.cs: 7e43cbdf611f91a78865d953ef6f2756 -> 
  custom:scripting/monoscript/fileName/PropertyProvider_UnityEngine_UI_SpriteState.cs: 02d31574bb2528afbfd2ff98e34f1cc8 -> 
  custom:scripting/monoscript/fileName/PropertyProvider_TMPro_TMP_Dropdown_DropdownEvent.cs: 0ab6d2752875a63622b5bc5b51d0da2f -> 
  custom:scripting/monoscript/fileName/PropertyProvider_UnityEngine_UI_AnimationTriggers.cs: 3e792109a275f903c30b2890bb9787d8 -> 
  custom:scripting/monoscript/fileName/PropertyProvider_VRM_BlendShapeClip.cs: 42373a6999af67218153c5d1d52252fb -> 
  custom:scripting/monoscript/fileName/PropertyProvider_UnityEngine_TextCore_Glyph.cs: b789eb11fb5963ffba38575f9659984d -> 
  custom:scripting/monoscript/fileName/PropertyProvider_UnityEngine_UI_MaskableGraphic_CullStateChangedEvent.cs: f51322439471efeea94bdd65b276e2af -> 
  custom:scripting/monoscript/fileName/PropertyProvider_UnityEngine_ParticleSystem_MinMaxCurve.cs: e4c02bf08300d3b3dcc31ee9f87170ce -> 
  custom:scripting/monoscript/fileName/PropertyProvider_TMPro_TMP_SpriteGlyph.cs: a88e9c798874d2eb33a1aa1b23b3ca7a -> 
  custom:scripting/monoscript/fileName/PropertyProvider_UniHumanoid_MuscleDebug_Muscle.cs: 71eb74a3d65cb46eeff552215980aa23 -> 
  custom:scripting/monoscript/fileName/PropertyProvider_UnityEngine_Events_UnityEventBase.cs: da067928ef8b8c94f9e81d646bc61a1f -> 
  custom:video-encoder-webm-vp8: eb34c28f22e8b96e1ab97ce403110664 -> 
  custom:audio-decoder-ogg-vorbis: bf7c407c2cedff20999df2af8eb42d56 -> 
  custom:scripting/monoscript/fileName/PropertyProvider_UnityEngine_TextCore_GlyphRect.cs: b870b02cfae947d6a3b6bb70e20675d1 -> 
  custom:scripting/monoscript/fileName/PropertyProvider_UnityEngine_TextCore_Text_SpriteCharacter.cs: 90dd093cb2912cace82eecc514c56b6b -> 
  custom:scripting/monoscript/fileName/PropertyProvider_TMPro_TMP_InputField_TouchScreenKeyboardEvent.cs: c2e6705b26a95938b5044b7c0dfa9be4 -> 
  custom:scripting/monoscript/fileName/PropertyProvider_TMPro_HorizontalAlignmentOptions.cs: 9105e31080cbd3289d0879cacacf5427 -> 
  custom:scripting/monoscript/fileName/PropertyProvider_UnityEngine_UI_Dropdown_OptionDataList.cs: d2859f95d2197c8bff02dc8536d37ce6 -> 
  custom:scripting/monoscript/fileName/PropertyProvider_UnityEngine_UI_Navigation.cs: 9b711831434d96c562ac181d234e72cc -> 
  custom:audio-encoder-webm-vorbis: bf7c407c2cedff20999df2af8eb42d56 -> 
  custom:scripting/monoscript/fileName/PropertyProvider_UnityEngine_UI_InputField_OnChangeEvent.cs: c98d2e331388125826417bcc3916b228 -> 
  custom:scripting/precompiled-assembly-types:Assembly-CSharp: e0f5881ce6de89375996310bfc053f62 -> 7bb3bc7327edf0447830f6fa6260f186
  custom:scripting/monoscript/fileName/PropertyProvider_TMPro_TMP_InputField_OnChangeEvent.cs: e77f8a421bb747611cfd723a75bbd230 -> 
========================================================================
Received Prepare
Caller must complete domain reload
Begin MonoManager ReloadAssembly
- Loaded All Assemblies, in  0.414 seconds
Native extension for WindowsStandalone target not found
Native extension for WebGL target not found
System.Exception: Error! Visual Scripting: couldn't find visual scripting package
  at Unity.VisualScripting.PackageVersionUtility.get_version () [0x00043] in .\Library\PackageCache\com.unity.visualscripting@1.9.4\Editor\VisualScripting.Core\Utilities\PackageVersionUtility.cs:31 
  at Unity.VisualScripting.BoltCoreManifest.get_version () [0x00000] in .\Library\PackageCache\com.unity.visualscripting@1.9.4\Editor\VisualScripting.Core\Plugin\BoltCoreManifest.cs:11 
  at Unity.VisualScripting.PluginManifest.get_currentVersion () [0x00000] in .\Library\PackageCache\com.unity.visualscripting@1.9.4\Editor\VisualScripting.Core\Plugins\PluginManifest.cs:33 
  at Unity.VisualScripting.PluginManifest.get_versionMismatch () [0x00000] in .\Library\PackageCache\com.unity.visualscripting@1.9.4\Editor\VisualScripting.Core\Plugins\PluginManifest.cs:48 
  at Unity.VisualScripting.PluginContainer.Initialize () [0x00525] in .\Library\PackageCache\com.unity.visualscripting@1.9.4\Editor\VisualScripting.Core\Plugins\PluginContainer.cs:208 
  at Unity.VisualScripting.PluginContainer.InitializeOnLoad () [0x00009] in .\Library\PackageCache\com.unity.visualscripting@1.9.4\Editor\VisualScripting.Core\Plugins\PluginContainer.cs:32 
  at Unity.VisualScripting.VSUsageUtility.DoInitializeOnLoadCalls () [0x00034] in .\Library\PackageCache\com.unity.visualscripting@1.9.4\Editor\VisualScripting.Core\Utilities\VSUsageUtility.cs:76 
  at Unity.VisualScripting.VSUsageUtility.set_isVisualScriptingUsed (System.Boolean value) [0x0002c] in .\Library\PackageCache\com.unity.visualscripting@1.9.4\Editor\VisualScripting.Core\Utilities\VSUsageUtility.cs:114 
  at Unity.VisualScripting.VSUsageUtility.CheckAndSetIsVisualScriptingUsed () [0x0000d] in .\Library\PackageCache\com.unity.visualscripting@1.9.4\Editor\VisualScripting.Core\Utilities\VSUsageUtility.cs:33 
  at Unity.VisualScripting.VSUsageUtility..cctor () [0x00000] in .\Library\PackageCache\com.unity.visualscripting@1.9.4\Editor\VisualScripting.Core\Utilities\VSUsageUtility.cs:22 
UnityEngine.StackTraceUtility:ExtractStackTrace ()
UnityEngine.DebugLogHandler:LogFormat (UnityEngine.LogType,UnityEngine.Object,string,object[])
UnityEngine.Logger:Log (UnityEngine.LogType,object)
UnityEngine.Debug:LogError (object)
UnityEditor.EditorAssemblies:ProcessInitializeOnLoadAttributes (System.Type[])

[Package Manager] Server::EnsureServerProcessIsRunning -- launch failed, reason: Unity was launched with the -noUpm command-line argument
[Package Manager] UpmClient::Send -- Unable to send message (not connected to UPM process).
[Package Manager] Cannot connect to Unity Package Manager local server
Mono: successfully reloaded assembly
- Finished resetting the current domain, in  1.004 seconds
Domain Reload Profiling: 1415ms
	BeginReloadAssembly (138ms)
		ExecutionOrderSort (0ms)
		DisableScriptedObjects (3ms)
		BackupInstance (0ms)
		ReleaseScriptingObjects (0ms)
		CreateAndSetChildDomain (32ms)
	RebuildCommonClasses (30ms)
	RebuildNativeTypeToScriptingClass (12ms)
	initialDomainReloadingComplete (30ms)
	LoadAllAssembliesAndSetupDomain (200ms)
		LoadAssemblies (247ms)
		RebuildTransferFunctionScriptingTraits (0ms)
		AnalyzeDomain (14ms)
			TypeCache.Refresh (9ms)
				TypeCache.ScanAssembly (0ms)
			ScanForSourceGeneratedMonoScriptInfo (0ms)
			ResolveRequiredComponents (3ms)
	FinalizeReload (1005ms)
		ReleaseScriptCaches (0ms)
		RebuildScriptCaches (0ms)
		SetupLoadedEditorAssemblies (451ms)
			LogAssemblyErrors (0ms)
			InitializePlatformSupportModulesInManaged (5ms)
			SetLoadedEditorAssemblies (3ms)
			RefreshPlugins (0ms)
			BeforeProcessingInitializeOnLoad (55ms)
			ProcessInitializeOnLoadAttributes (368ms)
			ProcessInitializeOnLoadMethodAttributes (13ms)
			AfterProcessingInitializeOnLoad (7ms)
			EditorAssembliesLoaded (0ms)
		ExecutionOrderSort2 (0ms)
		AwakeInstancesAfterBackupRestoration (7ms)
Shader 'VRM10/Universal Render Pipeline/MToon10': fallback shader 'Hidden/Universal Render Pipeline/FallbackError' not found
Shader 'VRM10/Universal Render Pipeline/MToon10': fallback shader 'Hidden/Universal Render Pipeline/FallbackError' not found
Refreshing native plugins compatible for Editor in 4.92 ms, found 3 plugins.
Preloading 0 native plugins for Editor in 0.00 ms.
Unloading 3712 Unused Serialized files (Serialized files now loaded: 0)
Unloading 15 unused Assets / (153.4 KB). Loaded Objects now: 4217.
Memory consumption went from 133.3 MB to 133.2 MB.
Total: 12.949200 ms (FindLiveObjects: 0.361700 ms CreateObjectMapping: 0.106300 ms MarkObjects: 12.326200 ms  DeleteObjects: 0.153300 ms)

Prepare: number of updated asset objects reloaded= 0
AssetImportParameters requested are different than current active one (requested -> active):
  custom:scripting/monoscript/fileName/PropertyProvider_UnityEngine_UI_InputField_SubmitEvent.cs: 0158d585133768c19d604a16c5150b7f -> 
  custom:scripting/monoscript/fileName/PropertyProvider_UnityEngine_TextCore_GlyphMetrics.cs: eabf71f3c03c37c0c7f23edd5cbe1162 -> 
  custom:scripting/monoscript/fileName/PropertyProvider_UnityEngine_UI_ScrollRect_ScrollRectEvent.cs: e4c8516284bf25b102d63c464fb7e15d -> 
  custom:scripting/monoscript/fileName/PropertyProvider_TMPro_TMP_FontWeightPair.cs: 7018d8f97ea3f99cee146e66e59eb094 -> 
  custom:container-demuxer-ogg: 62fdf1f143b41e24485cea50d1cbac27 -> 
  custom:scripting/monoscript/fileName/PropertyProvider_TMPro_TMP_GlyphPairAdjustmentRecord.cs: 8b81f44b4d25a8dc83a83602243e54ff -> 
  custom:video-codec-MediaFoundation-h265: 746d11721c4dcdbdad8f713fa42b33f4 -> 
  custom:scripting/monoscript/fileName/PropertyProvider_UnityEngine_TextCore_Text_TextStyle.cs: eb1c166a308f6740662692f9574fc091 -> 
  custom:scripting/monoscript/fileName/PropertyProvider_TMPro_TMP_InputField_TextSelectionEvent.cs: 515a9a6914de53af16f9f3b16e45daa4 -> 
  custom:video-decoder-ogg-theora: a1e56fd34408186e4bbccfd4996cb3dc -> 
  custom:scripting/monoscript/fileName/PropertyProvider_TMPro_TextAlignmentOptions.cs: 39cd5fe84e8066bc3e954961d7e15819 -> 
  custom:scripting/monoscript/fileName/PropertyProvider_TMPro_TMP_Character.cs: eaa72c8e378463b7267f14eb54ec33b5 -> 
  custom:framework-win-MediaFoundation: 216162199b28c13a410421893ffa2e32 -> 
  custom:scripting/monoscript/fileName/PropertyProvider_UnityEngine_UI_Button_ButtonClickedEvent.cs: b93ebf738c61d1c891755c6725f48604 -> 
  custom:scripting/monoscript/fileName/PropertyProvider_UnityEngine_UI_Scrollbar_ScrollEvent.cs: fd54ec78326ea556b1505266fe98a01d -> 
  custom:scripting/monoscript/fileName/PropertyProvider_UnityEngine_UI_Toggle_ToggleEvent.cs: bfcc8ccf33149947039e7ca40bc97785 -> 
  custom:scripting/monoscript/fileName/PropertyProvider_TMPro_TMP_SpriteCharacter.cs: 8599e0a3d7eaeb40f13c76a6e99f7053 -> 
  custom:scripting/monoscript/fileName/PropertyProvider_UnityEngine_TextCore_Text_UnicodeLineBreakingRules.cs: 73c6fb186280151f1d6b820f0f45fecd -> 
  custom:CustomObjectIndexerAttribute: 9a22284fe3817be447336de3de66b15e -> 
  custom:scripting/monoscript/fileName/PropertyProvider_TMPro_TMP_Style.cs: 8d7eef81843e9fddd6a990b921a6e3c1 -> 
  custom:scripting/monoscript/fileName/PropertyProvider_UnityEngine_TextCore_Text_FontWeightPair.cs: d5455aa2368330e45f1f09d94009c4c0 -> 
  custom:scripting/monoscript/fileName/PropertyProvider_UnityEngine_TextCore_Text_SpriteGlyph.cs: b06b3e139481bab6144063213f525381 -> 
  custom:scripting/monoscript/fileName/PropertyProvider_UnityEngine_TextCore_LowLevel_GlyphPairAdjustmentRecord.cs: bdb2dd6cca050c67034132d9f8cd4140 -> 
  custom:scripting/monoscript/fileName/PropertyProvider_UnityEngine_TextCore_Text_Character.cs: d0272ab30945368704c767a2beb04b50 -> 
  custom:scripting/monoscript/fileName/PropertyProvider_UnityEngine_UI_ColorBlock.cs: e918f6ef237d0e8d4bf87bae2f3111f8 -> 
  custom:container-demuxer-webm: 4f35f7cbe854078d1ac9338744f61a02 -> 
  custom:scripting/monoscript/fileName/PropertyProvider_UnityEngine_UI_InputField_EndEditEvent.cs: fe389e2642133f5a6de3efd4d634a724 -> 
  custom:scripting/monoscript/fileName/PropertyProvider_TMPro_TMP_InputField_SelectionEvent.cs: 264f66097bdfcbb706d524ac5c46b504 -> 
  custom:scripting/monoscript/fileName/PropertyProvider_VRM_VRMFirstPerson_RendererFirstPersonFlags.cs: 9b5d098f8ac49d7a8cb4809346d6f7d5 -> 
  custom:scripting/monoscript/fileName/PropertyProvider_TMPro_TMP_Dropdown_OptionDataList.cs: bbeaf26c2714e7be0fc0a30103efeae2 -> 
  custom:scripting/monoscript/fileName/PropertyProvider_UnityEngine_EventSystems_EventTrigger_TriggerEvent.cs: 3f230b25f026b173452f63f60a0946b2 -> 
  custom:scripting/monoscript/fileName/PropertyProvider_UnityEngine_ParticleSystem_MinMaxGradient.cs: 43f3622b6ae25a6921a8181d72a51958 -> 
  custom:container-muxer-webm: aa71ff27fc2769a1b78a27578f13a17b -> 
  custom:scripting/monoscript/fileName/PropertyProvider_UnityEngine_UI_Slider_SliderEvent.cs: 58c372a4711adfe3b86695c242c16ec9 -> 
  custom:scripting/monoscript/fileName/PropertyProvider_UnityEngine_UI_FontData.cs: 04a625f3ae6938c0e2f2b09c7e021885 -> 
  custom:scripting/monoscript/fileName/PropertyProvider_UnityEngine_UI_Dropdown_DropdownEvent.cs: 45a3e6ca66368ac9cf0c5924a29d53e1 -> 
  custom:video-decoder-webm-vp8: 9c59270c3fd7afecdb556c50c9e8de78 -> 
  custom:scripting/monoscript/fileName/PropertyProvider_TMPro_VerticalAlignmentOptions.cs: e9b0bd2736e9675a8e10569d4105f860 -> 
  custom:SearchIndexIgnoredProperties: e643bd26f0fe6173181afceb89e7c659 -> 
  custom:AudioImporter_EditorPlatform: d09bf68614088b80899f8185d706f6e7 -> 
  custom:scripting/monoscript/fileName/PropertyProvider_UnityEngine_Events_UnityEvent.cs: d54f14228eba4b078b8a0723bcb346b5 -> 
  custom:scripting/monoscript/fileName/PropertyProvider_TMPro_TMP_InputField_SubmitEvent.cs: 7e43cbdf611f91a78865d953ef6f2756 -> 
  custom:scripting/monoscript/fileName/PropertyProvider_UnityEngine_UI_SpriteState.cs: 02d31574bb2528afbfd2ff98e34f1cc8 -> 
  custom:scripting/monoscript/fileName/PropertyProvider_TMPro_TMP_Dropdown_DropdownEvent.cs: 0ab6d2752875a63622b5bc5b51d0da2f -> 
  custom:scripting/monoscript/fileName/PropertyProvider_UnityEngine_UI_AnimationTriggers.cs: 3e792109a275f903c30b2890bb9787d8 -> 
  custom:scripting/monoscript/fileName/PropertyProvider_VRM_BlendShapeClip.cs: 42373a6999af67218153c5d1d52252fb -> 
  custom:scripting/monoscript/fileName/PropertyProvider_UnityEngine_TextCore_Glyph.cs: b789eb11fb5963ffba38575f9659984d -> 
  custom:scripting/monoscript/fileName/PropertyProvider_UnityEngine_UI_MaskableGraphic_CullStateChangedEvent.cs: f51322439471efeea94bdd65b276e2af -> 
  custom:scripting/monoscript/fileName/PropertyProvider_UnityEngine_ParticleSystem_MinMaxCurve.cs: e4c02bf08300d3b3dcc31ee9f87170ce -> 
  custom:scripting/monoscript/fileName/PropertyProvider_TMPro_TMP_SpriteGlyph.cs: a88e9c798874d2eb33a1aa1b23b3ca7a -> 
  custom:scripting/monoscript/fileName/PropertyProvider_UniHumanoid_MuscleDebug_Muscle.cs: 71eb74a3d65cb46eeff552215980aa23 -> 
  custom:scripting/monoscript/fileName/PropertyProvider_UnityEngine_Events_UnityEventBase.cs: da067928ef8b8c94f9e81d646bc61a1f -> 
  custom:video-encoder-webm-vp8: eb34c28f22e8b96e1ab97ce403110664 -> 
  custom:audio-decoder-ogg-vorbis: bf7c407c2cedff20999df2af8eb42d56 -> 
  custom:scripting/monoscript/fileName/PropertyProvider_UnityEngine_TextCore_GlyphRect.cs: b870b02cfae947d6a3b6bb70e20675d1 -> 
  custom:scripting/monoscript/fileName/PropertyProvider_UnityEngine_TextCore_Text_SpriteCharacter.cs: 90dd093cb2912cace82eecc514c56b6b -> 
  custom:scripting/monoscript/fileName/PropertyProvider_TMPro_TMP_InputField_TouchScreenKeyboardEvent.cs: c2e6705b26a95938b5044b7c0dfa9be4 -> 
  custom:scripting/monoscript/fileName/PropertyProvider_TMPro_HorizontalAlignmentOptions.cs: 9105e31080cbd3289d0879cacacf5427 -> 
  custom:scripting/monoscript/fileName/PropertyProvider_UnityEngine_UI_Dropdown_OptionDataList.cs: d2859f95d2197c8bff02dc8536d37ce6 -> 
  custom:scripting/monoscript/fileName/PropertyProvider_UnityEngine_UI_Navigation.cs: 9b711831434d96c562ac181d234e72cc -> 
  custom:audio-encoder-webm-vorbis: bf7c407c2cedff20999df2af8eb42d56 -> 
  custom:scripting/monoscript/fileName/PropertyProvider_UnityEngine_UI_InputField_OnChangeEvent.cs: c98d2e331388125826417bcc3916b228 -> 
  custom:scripting/precompiled-assembly-types:Assembly-CSharp: e0f5881ce6de89375996310bfc053f62 -> 7bb3bc7327edf0447830f6fa6260f186
  custom:scripting/monoscript/fileName/PropertyProvider_TMPro_TMP_InputField_OnChangeEvent.cs: e77f8a421bb747611cfd723a75bbd230 -> 
========================================================================
Received Import Request.
  Time since last request: 80.952883 seconds.
  path: Assets/Assets/fujiwara chika/fujiwara chika.Materials/F00_000_00_EyeIris_00_EYE.asset
  artifactKey: Guid(d1ea0c48fd5e8456da666982fe8ad026) Importer(815301076,1909f56bfc062723c751e8b465ee728b)
Start importing Assets/Assets/fujiwara chika/fujiwara chika.Materials/F00_000_00_EyeIris_00_EYE.asset using Guid(d1ea0c48fd5e8456da666982fe8ad026) Importer(815301076,1909f56bfc062723c751e8b465ee728b) [PhysX] Initialized MultithreadedTaskDispatcher with 32 workers.
[PhysX] Initialized MultithreadedTaskDispatcher with 32 workers.
 -> (artifact id: '9a4f6d1eeab706c62fdefc4a963cab05') in 0.082645 seconds
Number of updated asset objects reloaded before import = 0
Number of asset objects unloaded after import = 4
========================================================================
Received Import Request.
  Time since last request: 0.000024 seconds.
  path: Assets/Assets/fujiwara chika/fujiwara chika.Materials/F00_001_01_Bottoms_01_CLOTH.asset
  artifactKey: Guid(613b5d6a5ff27450587165c0f8e9cca1) Importer(815301076,1909f56bfc062723c751e8b465ee728b)
Start importing Assets/Assets/fujiwara chika/fujiwara chika.Materials/F00_001_01_Bottoms_01_CLOTH.asset using Guid(613b5d6a5ff27450587165c0f8e9cca1) Importer(815301076,1909f56bfc062723c751e8b465ee728b) [PhysX] Initialized MultithreadedTaskDispatcher with 32 workers.
[PhysX] Initialized MultithreadedTaskDispatcher with 32 workers.
 -> (artifact id: '75940ea16f663b7e72cbb4ba08a3cfde') in 0.018388 seconds
Number of updated asset objects reloaded before import = 0
Number of asset objects unloaded after import = 5
========================================================================
Received Import Request.
  Time since last request: 0.000060 seconds.
  path: Assets/Assets/fujiwara chika/fujiwara chika.Materials/F00_000_00_FaceEyelash_00_FACE.asset
  artifactKey: Guid(50a18b9b6ffcd457ba2abf84c0dad5a8) Importer(815301076,1909f56bfc062723c751e8b465ee728b)
Start importing Assets/Assets/fujiwara chika/fujiwara chika.Materials/F00_000_00_FaceEyelash_00_FACE.asset using Guid(50a18b9b6ffcd457ba2abf84c0dad5a8) Importer(815301076,1909f56bfc062723c751e8b465ee728b) [PhysX] Initialized MultithreadedTaskDispatcher with 32 workers.
[PhysX] Initialized MultithreadedTaskDispatcher with 32 workers.
 -> (artifact id: '19cb0e717de1dad72c62a7ab4b5fc777') in 0.022049 seconds
Number of updated asset objects reloaded before import = 0
Number of asset objects unloaded after import = 4
========================================================================
Received Import Request.
  Time since last request: 0.000017 seconds.
  path: Assets/Assets/fujiwara chika/fujiwara chika.Materials/F00_000_00_FaceEyeline_00_FACE.asset
  artifactKey: Guid(5de3086db347e43839c6c8718627634b) Importer(815301076,1909f56bfc062723c751e8b465ee728b)
Start importing Assets/Assets/fujiwara chika/fujiwara chika.Materials/F00_000_00_FaceEyeline_00_FACE.asset using Guid(5de3086db347e43839c6c8718627634b) Importer(815301076,1909f56bfc062723c751e8b465ee728b) [PhysX] Initialized MultithreadedTaskDispatcher with 32 workers.
[PhysX] Initialized MultithreadedTaskDispatcher with 32 workers.
 -> (artifact id: 'cbc8a159bc68bc42716052caffc444b1') in 0.007408 seconds
Number of updated asset objects reloaded before import = 0
Number of asset objects unloaded after import = 5
Editor requested this worker to shutdown with reason: Scaling down because of idle timeout
TcpMessagingSession - receive error: operation aborted. errorcode: 995, details: ]ε{nDAҥHw I/O ާ@C
AssetImportWorker is now disconnected from the server
Process exiting
Exiting without the bug reporter. Application will terminate with return code 0