Using pre-set license
Built from '2022.3/staging' branch; Version is '2022.3.46f1 (8e9b8558c41a) revision 9345925'; Using compiler version '192829333'; Build Type 'Release'
OS: 'Windows 11  (10.0.26100) 64bit Core' Language: 'zh' Physical Memory: 48770 MB
BatchMode: 1, IsHumanControllingUs: 0, StartBugReporterOnCrash: 0, Is64bit: 1, IsPro: 1

COMMAND LINE ARGUMENTS:
C:\Program Files\Unity\Hub\Editor\2022.3.46f1\Editor\Unity.exe
-adb2
-batchMode
-noUpm
-name
AssetImportWorker10
-projectPath
C:/Users/USER/Documents/虛擬網紅/mc2024fhw05
-logFile
Logs/AssetImportWorker10.log
-srvPort
10098
Successfully changed project path to: C:/Users/USER/Documents/虛擬網紅/mc2024fhw05
C:/Users/USER/Documents/虛擬網紅/mc2024fhw05
[UnityMemory] Configuration Parameters - Can be set up in boot.config
    "memorysetup-bucket-allocator-granularity=16"
    "memorysetup-bucket-allocator-bucket-count=8"
    "memorysetup-bucket-allocator-block-size=33554432"
    "memorysetup-bucket-allocator-block-count=8"
    "memorysetup-main-allocator-block-size=16777216"
    "memorysetup-thread-allocator-block-size=16777216"
    "memorysetup-gfx-main-allocator-block-size=16777216"
    "memorysetup-gfx-thread-allocator-block-size=16777216"
    "memorysetup-cache-allocator-block-size=4194304"
    "memorysetup-typetree-allocator-block-size=2097152"
    "memorysetup-profiler-bucket-allocator-granularity=16"
    "memorysetup-profiler-bucket-allocator-bucket-count=8"
    "memorysetup-profiler-bucket-allocator-block-size=33554432"
    "memorysetup-profiler-bucket-allocator-block-count=8"
    "memorysetup-profiler-allocator-block-size=16777216"
    "memorysetup-profiler-editor-allocator-block-size=1048576"
    "memorysetup-temp-allocator-size-main=16777216"
    "memorysetup-job-temp-allocator-block-size=2097152"
    "memorysetup-job-temp-allocator-block-size-background=1048576"
    "memorysetup-job-temp-allocator-reduction-small-platforms=262144"
    "memorysetup-allocator-temp-initial-block-size-main=262144"
    "memorysetup-allocator-temp-initial-block-size-worker=262144"
    "memorysetup-temp-allocator-size-background-worker=32768"
    "memorysetup-temp-allocator-size-job-worker=262144"
    "memorysetup-temp-allocator-size-preload-manager=33554432"
    "memorysetup-temp-allocator-size-nav-mesh-worker=65536"
    "memorysetup-temp-allocator-size-audio-worker=65536"
    "memorysetup-temp-allocator-size-cloud-worker=32768"
    "memorysetup-temp-allocator-size-gi-baking-worker=262144"
    "memorysetup-temp-allocator-size-gfx=262144"
Player connection [5840]  Target information:

Player connection [5840]  * "[IP] 172.20.10.7 [Port] 0 [Flags] 2 [Guid] 3023396745 [EditorId] 3023396745 [Version] 1048832 [Id] WindowsEditor(7,LAPTOP-SIC7VNQJ) [Debug] 1 [PackageName] WindowsEditor [ProjectName] Editor" 

Player connection [5840] Host joined multi-casting on [225.0.0.222:54997]...
Player connection [5840] Host joined alternative multi-casting on [225.0.0.222:34997]...
[PhysX] Initialized MultithreadedTaskDispatcher with 32 workers.
Refreshing native plugins compatible for Editor in 9.39 ms, found 3 plugins.
Preloading 0 native plugins for Editor in 0.00 ms.
Initialize engine version: 2022.3.46f1 (8e9b8558c41a)
[Subsystems] Discovering subsystems at path C:/Program Files/Unity/Hub/Editor/2022.3.46f1/Editor/Data/Resources/UnitySubsystems
[Subsystems] Discovering subsystems at path C:/Users/USER/Documents/虛擬網紅/mc2024fhw05/Assets
GfxDevice: creating device client; threaded=0; jobified=0
Direct3D:
    Version:  Direct3D 11.0 [level 11.1]
    Renderer: NVIDIA GeForce RTX 4060 Laptop GPU (ID=0x28e0)
    Vendor:   NVIDIA
    VRAM:     7957 MB
    Driver:   32.0.15.6590
Initialize mono
Mono path[0] = 'C:/Program Files/Unity/Hub/Editor/2022.3.46f1/Editor/Data/Managed'
Mono path[1] = 'C:/Program Files/Unity/Hub/Editor/2022.3.46f1/Editor/Data/MonoBleedingEdge/lib/mono/unityjit-win32'
Mono config path = 'C:/Program Files/Unity/Hub/Editor/2022.3.46f1/Editor/Data/MonoBleedingEdge/etc'
Using monoOptions --debugger-agent=transport=dt_socket,embedding=1,server=y,suspend=n,address=127.0.0.1:56416
Begin MonoManager ReloadAssembly
Registering precompiled unity dll's ...
Register platform support module: C:/Program Files/Unity/Hub/Editor/2022.3.46f1/Editor/Data/PlaybackEngines/WebGLSupport/UnityEditor.WebGL.Extensions.dll
Register platform support module: C:/Program Files/Unity/Hub/Editor/2022.3.46f1/Editor/Data/PlaybackEngines/WindowsStandaloneSupport/UnityEditor.WindowsStandalone.Extensions.dll
Registered in 0.006572 seconds.
- Loaded All Assemblies, in  0.311 seconds
Native extension for WindowsStandalone target not found
Native extension for WebGL target not found
Mono: successfully reloaded assembly
- Finished resetting the current domain, in  0.198 seconds
Domain Reload Profiling: 507ms
	BeginReloadAssembly (97ms)
		ExecutionOrderSort (0ms)
		DisableScriptedObjects (0ms)
		BackupInstance (0ms)
		ReleaseScriptingObjects (0ms)
		CreateAndSetChildDomain (1ms)
	RebuildCommonClasses (30ms)
	RebuildNativeTypeToScriptingClass (7ms)
	initialDomainReloadingComplete (51ms)
	LoadAllAssembliesAndSetupDomain (124ms)
		LoadAssemblies (96ms)
		RebuildTransferFunctionScriptingTraits (0ms)
		AnalyzeDomain (120ms)
			TypeCache.Refresh (119ms)
				TypeCache.ScanAssembly (105ms)
			ScanForSourceGeneratedMonoScriptInfo (0ms)
			ResolveRequiredComponents (0ms)
	FinalizeReload (198ms)
		ReleaseScriptCaches (0ms)
		RebuildScriptCaches (0ms)
		SetupLoadedEditorAssemblies (160ms)
			LogAssemblyErrors (0ms)
			InitializePlatformSupportModulesInManaged (10ms)
			SetLoadedEditorAssemblies (4ms)
			RefreshPlugins (0ms)
			BeforeProcessingInitializeOnLoad (2ms)
			ProcessInitializeOnLoadAttributes (103ms)
			ProcessInitializeOnLoadMethodAttributes (41ms)
			AfterProcessingInitializeOnLoad (0ms)
			EditorAssembliesLoaded (0ms)
		ExecutionOrderSort2 (0ms)
		AwakeInstancesAfterBackupRestoration (0ms)
========================================================================
Worker process is ready to serve import requests
Caller must complete domain reload
Begin MonoManager ReloadAssembly
- Loaded All Assemblies, in  0.578 seconds
Native extension for WindowsStandalone target not found
Native extension for WebGL target not found
System.Exception: Error! Visual Scripting: couldn't find visual scripting package
  at Unity.VisualScripting.PackageVersionUtility.get_version () [0x00043] in .\Library\PackageCache\com.unity.visualscripting@1.9.4\Editor\VisualScripting.Core\Utilities\PackageVersionUtility.cs:31 
  at Unity.VisualScripting.BoltCoreManifest.get_version () [0x00000] in .\Library\PackageCache\com.unity.visualscripting@1.9.4\Editor\VisualScripting.Core\Plugin\BoltCoreManifest.cs:11 
  at Unity.VisualScripting.PluginManifest.get_currentVersion () [0x00000] in .\Library\PackageCache\com.unity.visualscripting@1.9.4\Editor\VisualScripting.Core\Plugins\PluginManifest.cs:33 
  at Unity.VisualScripting.PluginManifest.get_versionMismatch () [0x00000] in .\Library\PackageCache\com.unity.visualscripting@1.9.4\Editor\VisualScripting.Core\Plugins\PluginManifest.cs:48 
  at Unity.VisualScripting.PluginContainer.Initialize () [0x00525] in .\Library\PackageCache\com.unity.visualscripting@1.9.4\Editor\VisualScripting.Core\Plugins\PluginContainer.cs:208 
  at Unity.VisualScripting.PluginContainer.InitializeOnLoad () [0x00009] in .\Library\PackageCache\com.unity.visualscripting@1.9.4\Editor\VisualScripting.Core\Plugins\PluginContainer.cs:32 
  at Unity.VisualScripting.VSUsageUtility.DoInitializeOnLoadCalls () [0x00034] in .\Library\PackageCache\com.unity.visualscripting@1.9.4\Editor\VisualScripting.Core\Utilities\VSUsageUtility.cs:76 
  at Unity.VisualScripting.VSUsageUtility.set_isVisualScriptingUsed (System.Boolean value) [0x0002c] in .\Library\PackageCache\com.unity.visualscripting@1.9.4\Editor\VisualScripting.Core\Utilities\VSUsageUtility.cs:114 
  at Unity.VisualScripting.VSUsageUtility.CheckAndSetIsVisualScriptingUsed () [0x00032] in .\Library\PackageCache\com.unity.visualscripting@1.9.4\Editor\VisualScripting.Core\Utilities\VSUsageUtility.cs:48 
  at Unity.VisualScripting.VSUsageUtility..cctor () [0x00000] in .\Library\PackageCache\com.unity.visualscripting@1.9.4\Editor\VisualScripting.Core\Utilities\VSUsageUtility.cs:22 
UnityEngine.StackTraceUtility:ExtractStackTrace ()
UnityEngine.DebugLogHandler:LogFormat (UnityEngine.LogType,UnityEngine.Object,string,object[])
UnityEngine.Logger:Log (UnityEngine.LogType,object)
UnityEngine.Debug:LogError (object)
UnityEditor.EditorAssemblies:ProcessInitializeOnLoadAttributes (System.Type[])

Package Manager log level set to [2]
[Package Manager] Server::EnsureServerProcessIsRunning -- launch failed, reason: Unity was launched with the -noUpm command-line argument
[Package Manager] UpmClient::Send -- Unable to send message (not connected to UPM process).
[Package Manager] Cannot connect to Unity Package Manager local server
Mono: successfully reloaded assembly
- Finished resetting the current domain, in  0.826 seconds
Domain Reload Profiling: 1401ms
	BeginReloadAssembly (119ms)
		ExecutionOrderSort (0ms)
		DisableScriptedObjects (3ms)
		BackupInstance (0ms)
		ReleaseScriptingObjects (0ms)
		CreateAndSetChildDomain (23ms)
	RebuildCommonClasses (27ms)
	RebuildNativeTypeToScriptingClass (7ms)
	initialDomainReloadingComplete (39ms)
	LoadAllAssembliesAndSetupDomain (382ms)
		LoadAssemblies (287ms)
		RebuildTransferFunctionScriptingTraits (0ms)
		AnalyzeDomain (161ms)
			TypeCache.Refresh (140ms)
				TypeCache.ScanAssembly (121ms)
			ScanForSourceGeneratedMonoScriptInfo (16ms)
			ResolveRequiredComponents (3ms)
	FinalizeReload (827ms)
		ReleaseScriptCaches (0ms)
		RebuildScriptCaches (0ms)
		SetupLoadedEditorAssemblies (709ms)
			LogAssemblyErrors (0ms)
			InitializePlatformSupportModulesInManaged (6ms)
			SetLoadedEditorAssemblies (4ms)
			RefreshPlugins (0ms)
			BeforeProcessingInitializeOnLoad (46ms)
			ProcessInitializeOnLoadAttributes (629ms)
			ProcessInitializeOnLoadMethodAttributes (17ms)
			AfterProcessingInitializeOnLoad (7ms)
			EditorAssembliesLoaded (0ms)
		ExecutionOrderSort2 (0ms)
		AwakeInstancesAfterBackupRestoration (8ms)
Shader 'VRM10/Universal Render Pipeline/MToon10': fallback shader 'Hidden/Universal Render Pipeline/FallbackError' not found
Shader 'VRM10/Universal Render Pipeline/MToon10': fallback shader 'Hidden/Universal Render Pipeline/FallbackError' not found
Launched and connected shader compiler UnityShaderCompiler.exe after 0.07 seconds
Refreshing native plugins compatible for Editor in 5.60 ms, found 3 plugins.
Preloading 0 native plugins for Editor in 0.00 ms.
Unloading 3689 Unused Serialized files (Serialized files now loaded: 0)
Unloading 20 unused Assets / (181.3 KB). Loaded Objects now: 4159.
Memory consumption went from 137.8 MB to 137.7 MB.
Total: 14.364600 ms (FindLiveObjects: 0.273000 ms CreateObjectMapping: 0.077200 ms MarkObjects: 13.592200 ms  DeleteObjects: 0.418400 ms)

AssetImportParameters requested are different than current active one (requested -> active):
  custom:container-demuxer-ogg: 62fdf1f143b41e24485cea50d1cbac27 -> 
  custom:video-codec-MediaFoundation-h265: 746d11721c4dcdbdad8f713fa42b33f4 -> 
  custom:video-decoder-ogg-theora: a1e56fd34408186e4bbccfd4996cb3dc -> 
  custom:framework-win-MediaFoundation: 216162199b28c13a410421893ffa2e32 -> 
  custom:CustomObjectIndexerAttribute: 9a22284fe3817be447336de3de66b15e -> 
  custom:container-demuxer-webm: 4f35f7cbe854078d1ac9338744f61a02 -> 
  custom:container-muxer-webm: aa71ff27fc2769a1b78a27578f13a17b -> 
  custom:video-decoder-webm-vp8: 9c59270c3fd7afecdb556c50c9e8de78 -> 
  custom:SearchIndexIgnoredProperties: e643bd26f0fe6173181afceb89e7c659 -> 
  custom:AudioImporter_EditorPlatform: d09bf68614088b80899f8185d706f6e7 -> 
  custom:video-encoder-webm-vp8: eb34c28f22e8b96e1ab97ce403110664 -> 
  custom:audio-decoder-ogg-vorbis: bf7c407c2cedff20999df2af8eb42d56 -> 
  custom:audio-encoder-webm-vorbis: bf7c407c2cedff20999df2af8eb42d56 -> 
========================================================================
Received Import Request.
  Time since last request: 399665.976713 seconds.
  path: Assets/Assets/UniGLTF/Editor/UniGLTF/Serialization/EnumSerialization.cs
  artifactKey: Guid(135bb9bd3d924ea4abe8fc6219355a6b) Importer(2089858483,0ecaa5967403d082aa24f35e1b516d23)
Start importing Assets/Assets/UniGLTF/Editor/UniGLTF/Serialization/EnumSerialization.cs using Guid(135bb9bd3d924ea4abe8fc6219355a6b) Importer(2089858483,0ecaa5967403d082aa24f35e1b516d23) [PhysX] Initialized MultithreadedTaskDispatcher with 32 workers.
 -> (artifact id: '819d686552ef03c037cd6519f651ad5c') in 0.090703 seconds
Number of updated asset objects reloaded before import = 0
Number of asset objects unloaded after import = 1
========================================================================
Received Import Request.
  Time since last request: 0.000051 seconds.
  path: Assets/Assets/UniGLTF/Runtime/UniGLTF/IO/SafeMarshalCopy.cs
  artifactKey: Guid(234ebccfeacecfe4da0351a092c985af) Importer(2089858483,0ecaa5967403d082aa24f35e1b516d23)
Start importing Assets/Assets/UniGLTF/Runtime/UniGLTF/IO/SafeMarshalCopy.cs using Guid(234ebccfeacecfe4da0351a092c985af) Importer(2089858483,0ecaa5967403d082aa24f35e1b516d23) [PhysX] Initialized MultithreadedTaskDispatcher with 32 workers.
 -> (artifact id: '1d80129ca2d1264272e5a94a6c543620') in 0.003534 seconds
Number of updated asset objects reloaded before import = 0
Number of asset objects unloaded after import = 1
========================================================================
Received Import Request.
  Time since last request: 0.000013 seconds.
  path: Assets/Assets/UniGLTF/Runtime/UniGLTF/IO/NodeImporter.cs
  artifactKey: Guid(dcc3725a84dcf7f49960c89f1f68534c) Importer(2089858483,0ecaa5967403d082aa24f35e1b516d23)
Start importing Assets/Assets/UniGLTF/Runtime/UniGLTF/IO/NodeImporter.cs using Guid(dcc3725a84dcf7f49960c89f1f68534c) Importer(2089858483,0ecaa5967403d082aa24f35e1b516d23) [PhysX] Initialized MultithreadedTaskDispatcher with 32 workers.
 -> (artifact id: 'ee105c5cddf95bdaeabf36df439b4ad6') in 0.004026 seconds
Number of updated asset objects reloaded before import = 0
Number of asset objects unloaded after import = 1
========================================================================
Received Import Request.
  Time since last request: 0.000026 seconds.
  path: Assets/Assets/UniGLTF/Editor/UniGLTF/Serialization/ExtensionSerialization.cs
  artifactKey: Guid(827d441621713194c88a8c94b7b1c2f0) Importer(2089858483,0ecaa5967403d082aa24f35e1b516d23)
Start importing Assets/Assets/UniGLTF/Editor/UniGLTF/Serialization/ExtensionSerialization.cs using Guid(827d441621713194c88a8c94b7b1c2f0) Importer(2089858483,0ecaa5967403d082aa24f35e1b516d23) [PhysX] Initialized MultithreadedTaskDispatcher with 32 workers.
 -> (artifact id: 'd11c484e9b871f17f0743d731c100a61') in 0.005009 seconds
Number of updated asset objects reloaded before import = 0
Number of asset objects unloaded after import = 1
========================================================================
Received Import Request.
  Time since last request: 0.000029 seconds.
  path: Assets/Assets/UniGLTF/Editor/UniGLTF/ScriptedImporter/RemapEditorMaterial.cs
  artifactKey: Guid(85720aed7aabf5e4c86c9ea492f05f00) Importer(2089858483,0ecaa5967403d082aa24f35e1b516d23)
Start importing Assets/Assets/UniGLTF/Editor/UniGLTF/ScriptedImporter/RemapEditorMaterial.cs using Guid(85720aed7aabf5e4c86c9ea492f05f00) Importer(2089858483,0ecaa5967403d082aa24f35e1b516d23) [PhysX] Initialized MultithreadedTaskDispatcher with 32 workers.
 -> (artifact id: 'b55c20ae458ff85c3f95288b12616d3e') in 0.008806 seconds
Number of updated asset objects reloaded before import = 0
Number of asset objects unloaded after import = 1
========================================================================
Received Import Request.
  Time since last request: 0.000017 seconds.
  path: Assets/Assets/UniGLTF/Runtime/Utils/CachedEnum/CachedEnumType.cs
  artifactKey: Guid(439fd6a452234eeca5105e5591e8f9aa) Importer(2089858483,0ecaa5967403d082aa24f35e1b516d23)
Start importing Assets/Assets/UniGLTF/Runtime/Utils/CachedEnum/CachedEnumType.cs using Guid(439fd6a452234eeca5105e5591e8f9aa) Importer(2089858483,0ecaa5967403d082aa24f35e1b516d23) [PhysX] Initialized MultithreadedTaskDispatcher with 32 workers.
 -> (artifact id: 'ea51a4e029fa1e6cc4dc2d11fa5d0580') in 0.003979 seconds
Number of updated asset objects reloaded before import = 0
Number of asset objects unloaded after import = 1
========================================================================
Received Import Request.
  Time since last request: 0.000025 seconds.
  path: Assets/Assets/UniGLTF/Runtime/Scenes/LookDev/RenderingServicePostProcessingProfile.asset
  artifactKey: Guid(b0e684fa1214e6f419f662ce3db4f991) Importer(2089858483,0ecaa5967403d082aa24f35e1b516d23)
Start importing Assets/Assets/UniGLTF/Runtime/Scenes/LookDev/RenderingServicePostProcessingProfile.asset using Guid(b0e684fa1214e6f419f662ce3db4f991) Importer(2089858483,0ecaa5967403d082aa24f35e1b516d23) [PhysX] Initialized MultithreadedTaskDispatcher with 32 workers.
 -> (artifact id: '8a2776c5a4f6c8bf993733e5be4fd0be') in 0.006989 seconds
Number of updated asset objects reloaded before import = 0
Number of asset objects unloaded after import = 1
========================================================================
Received Import Request.
  Time since last request: 0.048984 seconds.
  path: Assets/Assets/UniGLTF/Editor/UniGLTF/Gizmo/Models/SelectedBone.mat
  artifactKey: Guid(dc0c884ca4cfbbd458f2350c25cb7e9d) Importer(2089858483,0ecaa5967403d082aa24f35e1b516d23)
Start importing Assets/Assets/UniGLTF/Editor/UniGLTF/Gizmo/Models/SelectedBone.mat using Guid(dc0c884ca4cfbbd458f2350c25cb7e9d) Importer(2089858483,0ecaa5967403d082aa24f35e1b516d23) [PhysX] Initialized MultithreadedTaskDispatcher with 32 workers.
 -> (artifact id: '425fb5fc40dc1fe1f48b7c0929757a06') in 0.020141 seconds
Number of updated asset objects reloaded before import = 0
Number of asset objects unloaded after import = 1
========================================================================
Received Import Request.
  Time since last request: 0.000024 seconds.
  path: Assets/Assets/VRMShaders/VRM10/MToon10/Resources/VRM10/vrmc_materials_mtoon_forward_vertex.hlsl
  artifactKey: Guid(26b921255f4e4d62a8c0ec730521831f) Importer(2089858483,0ecaa5967403d082aa24f35e1b516d23)
Start importing Assets/Assets/VRMShaders/VRM10/MToon10/Resources/VRM10/vrmc_materials_mtoon_forward_vertex.hlsl using Guid(26b921255f4e4d62a8c0ec730521831f) Importer(2089858483,0ecaa5967403d082aa24f35e1b516d23) [PhysX] Initialized MultithreadedTaskDispatcher with 32 workers.
 -> (artifact id: '914fabf306cd71278f1c5cbf2f8f338d') in 0.003792 seconds
Number of updated asset objects reloaded before import = 0
Number of asset objects unloaded after import = 1
========================================================================
Received Import Request.
  Time since last request: 0.000013 seconds.
  path: Assets/Assets/UniGLTF/Runtime/UniHumanoid/IO/Extensions/BvhExtensions.cs
  artifactKey: Guid(30d4db9a01d6aee4db9a77d762e608f6) Importer(2089858483,0ecaa5967403d082aa24f35e1b516d23)
Start importing Assets/Assets/UniGLTF/Runtime/UniHumanoid/IO/Extensions/BvhExtensions.cs using Guid(30d4db9a01d6aee4db9a77d762e608f6) Importer(2089858483,0ecaa5967403d082aa24f35e1b516d23) [PhysX] Initialized MultithreadedTaskDispatcher with 32 workers.
 -> (artifact id: 'd338201aaf741e1c4f9849449c356416') in 0.004556 seconds
Number of updated asset objects reloaded before import = 0
Number of asset objects unloaded after import = 1
========================================================================
Received Import Request.
  Time since last request: 0.000013 seconds.
  path: Assets/Assets/VRMShaders/VRM10/MToon10/Runtime/UnityShaderLab/ShaderLabDefinedValues/UnityAlphaModeKeyword.cs
  artifactKey: Guid(1e9a4286845a4c998a402e50da51ecc9) Importer(2089858483,0ecaa5967403d082aa24f35e1b516d23)
Start importing Assets/Assets/VRMShaders/VRM10/MToon10/Runtime/UnityShaderLab/ShaderLabDefinedValues/UnityAlphaModeKeyword.cs using Guid(1e9a4286845a4c998a402e50da51ecc9) Importer(2089858483,0ecaa5967403d082aa24f35e1b516d23) [PhysX] Initialized MultithreadedTaskDispatcher with 32 workers.
 -> (artifact id: 'cc50ad0a93e153f48fed08f65d05d792') in 0.003597 seconds
Number of updated asset objects reloaded before import = 0
Number of asset objects unloaded after import = 1
========================================================================
Received Import Request.
  Time since last request: 0.000058 seconds.
  path: Assets/Assets/UniGLTF/Runtime/UniGLTF/IO/TextureIO/GltfTextureDescriptorGenerator.cs
  artifactKey: Guid(205a551be16aede40baa76e1f36e42a2) Importer(2089858483,0ecaa5967403d082aa24f35e1b516d23)
Start importing Assets/Assets/UniGLTF/Runtime/UniGLTF/IO/TextureIO/GltfTextureDescriptorGenerator.cs using Guid(205a551be16aede40baa76e1f36e42a2) Importer(2089858483,0ecaa5967403d082aa24f35e1b516d23) [PhysX] Initialized MultithreadedTaskDispatcher with 32 workers.
 -> (artifact id: '1dd8e26ca070f97ea5854639d68b8bca') in 0.003467 seconds
Number of updated asset objects reloaded before import = 0
Number of asset objects unloaded after import = 1
========================================================================
Received Import Request.
  Time since last request: 0.000114 seconds.
  path: Assets/Assets/VRMShaders/VRM10/MToon10/Runtime/MToon0X/MToon0XDefinition.cs
  artifactKey: Guid(21bea29fcd9a4f15981b4c6c33ac9d87) Importer(2089858483,0ecaa5967403d082aa24f35e1b516d23)
Start importing Assets/Assets/VRMShaders/VRM10/MToon10/Runtime/MToon0X/MToon0XDefinition.cs using Guid(21bea29fcd9a4f15981b4c6c33ac9d87) Importer(2089858483,0ecaa5967403d082aa24f35e1b516d23) [PhysX] Initialized MultithreadedTaskDispatcher with 32 workers.
 -> (artifact id: '5d7c9905f5a964b518f73fb18a1d98cc') in 0.007938 seconds
Number of updated asset objects reloaded before import = 0
Number of asset objects unloaded after import = 1
========================================================================
Received Import Request.
  Time since last request: 0.000026 seconds.
  path: Assets/Assets/UniGLTF/Runtime/UniGLTF/IO/AnimationIO/IAnimationExporter.cs
  artifactKey: Guid(7bcb89e584f47c34c9ad19bdce8ccad0) Importer(2089858483,0ecaa5967403d082aa24f35e1b516d23)
Start importing Assets/Assets/UniGLTF/Runtime/UniGLTF/IO/AnimationIO/IAnimationExporter.cs using Guid(7bcb89e584f47c34c9ad19bdce8ccad0) Importer(2089858483,0ecaa5967403d082aa24f35e1b516d23) [PhysX] Initialized MultithreadedTaskDispatcher with 32 workers.
 -> (artifact id: '031797e21ccdc34103978eab254c2418') in 0.004574 seconds
Number of updated asset objects reloaded before import = 0
Number of asset objects unloaded after import = 1
========================================================================
Received Import Request.
  Time since last request: 0.000014 seconds.
  path: Assets/Assets/VRMShaders/GLTF/IO/Runtime/Texture/Util/TextureExtensions.cs
  artifactKey: Guid(48a12f7410d9670439e5aef512fe0a6c) Importer(2089858483,0ecaa5967403d082aa24f35e1b516d23)
Start importing Assets/Assets/VRMShaders/GLTF/IO/Runtime/Texture/Util/TextureExtensions.cs using Guid(48a12f7410d9670439e5aef512fe0a6c) Importer(2089858483,0ecaa5967403d082aa24f35e1b516d23) [PhysX] Initialized MultithreadedTaskDispatcher with 32 workers.
 -> (artifact id: '61ad538077b1fa26dd10000d794e33f0') in 0.007614 seconds
Number of updated asset objects reloaded before import = 0
Number of asset objects unloaded after import = 1
========================================================================
Received Import Request.
  Time since last request: 0.000013 seconds.
  path: Assets/Assets/VRMShaders/GLTF/IO/Runtime/Animation/Importer/AnimationClipFactory.cs
  artifactKey: Guid(c82f7416fc3e8a44da2fe940bdb57281) Importer(2089858483,0ecaa5967403d082aa24f35e1b516d23)
Start importing Assets/Assets/VRMShaders/GLTF/IO/Runtime/Animation/Importer/AnimationClipFactory.cs using Guid(c82f7416fc3e8a44da2fe940bdb57281) Importer(2089858483,0ecaa5967403d082aa24f35e1b516d23) [PhysX] Initialized MultithreadedTaskDispatcher with 32 workers.
 -> (artifact id: '81871e96cfdb8a87045ce01bb07c047b') in 0.003061 seconds
Number of updated asset objects reloaded before import = 0
Number of asset objects unloaded after import = 1
========================================================================
Received Import Request.
  Time since last request: 0.000023 seconds.
  path: Assets/Assets/UniGLTF/Runtime/UniGLTF/IO/Parser/GlbBinaryParser.cs
  artifactKey: Guid(ba0fe1be89e041138d2937dc07e9fdca) Importer(2089858483,0ecaa5967403d082aa24f35e1b516d23)
Start importing Assets/Assets/UniGLTF/Runtime/UniGLTF/IO/Parser/GlbBinaryParser.cs using Guid(ba0fe1be89e041138d2937dc07e9fdca) Importer(2089858483,0ecaa5967403d082aa24f35e1b516d23) [PhysX] Initialized MultithreadedTaskDispatcher with 32 workers.
 -> (artifact id: 'ca074be0d097741cff21896911cb6629') in 0.004103 seconds
Number of updated asset objects reloaded before import = 0
Number of asset objects unloaded after import = 1
========================================================================
Received Import Request.
  Time since last request: 0.000012 seconds.
  path: Assets/Assets/UniGLTF/Runtime/UniGLTF/IO/MeshIO/MeshData.cs
  artifactKey: Guid(4ef93605dcfe9014fbf96a3b681795ec) Importer(2089858483,0ecaa5967403d082aa24f35e1b516d23)
Start importing Assets/Assets/UniGLTF/Runtime/UniGLTF/IO/MeshIO/MeshData.cs using Guid(4ef93605dcfe9014fbf96a3b681795ec) Importer(2089858483,0ecaa5967403d082aa24f35e1b516d23) [PhysX] Initialized MultithreadedTaskDispatcher with 32 workers.
 -> (artifact id: 'b914025ea00a3f70bad105ef1369c693') in 0.006456 seconds
Number of updated asset objects reloaded before import = 0
Number of asset objects unloaded after import = 1
========================================================================
Received Import Request.
  Time since last request: 0.000017 seconds.
  path: Assets/Assets/VRMShaders/VRM10/MToon10/Resources/VRM10/vrmc_materials_mtoon_lighting_mtoon.hlsl
  artifactKey: Guid(54d13d2ffd7249259772084874b76659) Importer(2089858483,0ecaa5967403d082aa24f35e1b516d23)
Start importing Assets/Assets/VRMShaders/VRM10/MToon10/Resources/VRM10/vrmc_materials_mtoon_lighting_mtoon.hlsl using Guid(54d13d2ffd7249259772084874b76659) Importer(2089858483,0ecaa5967403d082aa24f35e1b516d23) [PhysX] Initialized MultithreadedTaskDispatcher with 32 workers.
 -> (artifact id: '022920b616792a4b46fd11dc6e0f1314') in 0.005098 seconds
Number of updated asset objects reloaded before import = 0
Number of asset objects unloaded after import = 1
========================================================================
Received Import Request.
  Time since last request: 0.000013 seconds.
  path: Assets/Assets/VRMShaders/GLTF/UniUnlit/Resources/UniGLTF/UniUnlit.shader
  artifactKey: Guid(8c17b56f4bf084c47872edcb95237e4a) Importer(2089858483,0ecaa5967403d082aa24f35e1b516d23)
Start importing Assets/Assets/VRMShaders/GLTF/UniUnlit/Resources/UniGLTF/UniUnlit.shader using Guid(8c17b56f4bf084c47872edcb95237e4a) Importer(2089858483,0ecaa5967403d082aa24f35e1b516d23) [PhysX] Initialized MultithreadedTaskDispatcher with 32 workers.
 -> (artifact id: 'a99945b19e3fce66af4e2caecdf4a110') in 0.008010 seconds
Number of updated asset objects reloaded before import = 0
Number of asset objects unloaded after import = 1
========================================================================
Received Import Request.
  Time since last request: 0.000016 seconds.
  path: Assets/Assets/VRMShaders/VRM/MToon/MToon/Scripts/UtilsVersion.cs
  artifactKey: Guid(4702d4b2c1414cc08b4382c3762eebab) Importer(2089858483,0ecaa5967403d082aa24f35e1b516d23)
Start importing Assets/Assets/VRMShaders/VRM/MToon/MToon/Scripts/UtilsVersion.cs using Guid(4702d4b2c1414cc08b4382c3762eebab) Importer(2089858483,0ecaa5967403d082aa24f35e1b516d23) [PhysX] Initialized MultithreadedTaskDispatcher with 32 workers.
 -> (artifact id: '67287bfe50242097490a9b08aa18f707') in 0.002879 seconds
Number of updated asset objects reloaded before import = 0
Number of asset objects unloaded after import = 1
========================================================================
Received Import Request.
  Time since last request: 0.000014 seconds.
  path: Assets/Assets/VRMShaders/GLTF/IO/Runtime/Util/UnityObjectDestroyer.cs
  artifactKey: Guid(0b4d1043455aa2c489e9ad8250a80fc4) Importer(2089858483,0ecaa5967403d082aa24f35e1b516d23)
Start importing Assets/Assets/VRMShaders/GLTF/IO/Runtime/Util/UnityObjectDestroyer.cs using Guid(0b4d1043455aa2c489e9ad8250a80fc4) Importer(2089858483,0ecaa5967403d082aa24f35e1b516d23) [PhysX] Initialized MultithreadedTaskDispatcher with 32 workers.
 -> (artifact id: 'f8019287b9512a627afb68ed911751b4') in 0.004022 seconds
Number of updated asset objects reloaded before import = 0
Number of asset objects unloaded after import = 1
========================================================================
Received Import Request.
  Time since last request: 0.000024 seconds.
  path: Assets/Assets/VRMShaders/VRM/MToon/MToon/Resources/Shaders/MToon.shader
  artifactKey: Guid(1a97144e4ad27a04aafd70f7b915cedb) Importer(2089858483,0ecaa5967403d082aa24f35e1b516d23)
Start importing Assets/Assets/VRMShaders/VRM/MToon/MToon/Resources/Shaders/MToon.shader using Guid(1a97144e4ad27a04aafd70f7b915cedb) Importer(2089858483,0ecaa5967403d082aa24f35e1b516d23) [PhysX] Initialized MultithreadedTaskDispatcher with 32 workers.
 -> (artifact id: '61b0f37a86762a4592df5be7e140c991') in 0.008373 seconds
Number of updated asset objects reloaded before import = 0
Number of asset objects unloaded after import = 1
========================================================================
Received Import Request.
  Time since last request: 0.000026 seconds.
  path: Assets/Assets/UniGLTF/Runtime/UniGLTF/IO/MeshIO/VertexColorState.cs
  artifactKey: Guid(63e5d425c70cb5f4480e3ad09f323425) Importer(2089858483,0ecaa5967403d082aa24f35e1b516d23)
Start importing Assets/Assets/UniGLTF/Runtime/UniGLTF/IO/MeshIO/VertexColorState.cs using Guid(63e5d425c70cb5f4480e3ad09f323425) Importer(2089858483,0ecaa5967403d082aa24f35e1b516d23) [PhysX] Initialized MultithreadedTaskDispatcher with 32 workers.
 -> (artifact id: 'ac3272151a3823a1c742b054376c62cc') in 0.005152 seconds
Number of updated asset objects reloaded before import = 0
Number of asset objects unloaded after import = 1
========================================================================
Received Import Request.
  Time since last request: 0.000013 seconds.
  path: Assets/Assets/VRMShaders/VRM10/MToon10/Resources/VRM10/vrmc_materials_mtoon_shadowcaster_fragment.hlsl
  artifactKey: Guid(de3bc67bd63189846842d2a03b2b13a9) Importer(2089858483,0ecaa5967403d082aa24f35e1b516d23)
Start importing Assets/Assets/VRMShaders/VRM10/MToon10/Resources/VRM10/vrmc_materials_mtoon_shadowcaster_fragment.hlsl using Guid(de3bc67bd63189846842d2a03b2b13a9) Importer(2089858483,0ecaa5967403d082aa24f35e1b516d23) [PhysX] Initialized MultithreadedTaskDispatcher with 32 workers.
 -> (artifact id: 'c829f75f0fe0cb4789d940a0b881ff86') in 0.004920 seconds
Number of updated asset objects reloaded before import = 0
Number of asset objects unloaded after import = 1
========================================================================
Received Import Request.
  Time since last request: 0.000035 seconds.
  path: Assets/Assets/VRMShaders/VRM10/MToon10/Resources/VRM10/vrmc_materials_mtoon_geometry_alpha.hlsl
  artifactKey: Guid(87aa2d8d38194c35a6531b8f5e3da7aa) Importer(2089858483,0ecaa5967403d082aa24f35e1b516d23)
Start importing Assets/Assets/VRMShaders/VRM10/MToon10/Resources/VRM10/vrmc_materials_mtoon_geometry_alpha.hlsl using Guid(87aa2d8d38194c35a6531b8f5e3da7aa) Importer(2089858483,0ecaa5967403d082aa24f35e1b516d23) [PhysX] Initialized MultithreadedTaskDispatcher with 32 workers.
 -> (artifact id: '8db2dda5aa64bcabf3423327be5675c0') in 0.004591 seconds
Number of updated asset objects reloaded before import = 0
Number of asset objects unloaded after import = 1
========================================================================
Received Import Request.
  Time since last request: 0.000039 seconds.
  path: Assets/Assets/UniGLTF/Runtime/UniHumanoid/Resources/UniHumanoid/T-Pose.pose.asset
  artifactKey: Guid(879e332f84a378c4da3b87af13da3e85) Importer(2089858483,0ecaa5967403d082aa24f35e1b516d23)
Start importing Assets/Assets/UniGLTF/Runtime/UniHumanoid/Resources/UniHumanoid/T-Pose.pose.asset using Guid(879e332f84a378c4da3b87af13da3e85) Importer(2089858483,0ecaa5967403d082aa24f35e1b516d23) [PhysX] Initialized MultithreadedTaskDispatcher with 32 workers.
 -> (artifact id: 'e2b741e5703b0582c944b15aa53b8b61') in 0.015869 seconds
Number of updated asset objects reloaded before import = 0
Number of asset objects unloaded after import = 1
========================================================================
Received Import Request.
  Time since last request: 0.000017 seconds.
  path: Assets/Assets/UniGLTF/Runtime/UniGLTF/IO/MaterialIO/IMaterialExporter.cs
  artifactKey: Guid(afbe933c51a9404199ba1efe6d2f8c62) Importer(2089858483,0ecaa5967403d082aa24f35e1b516d23)
Start importing Assets/Assets/UniGLTF/Runtime/UniGLTF/IO/MaterialIO/IMaterialExporter.cs using Guid(afbe933c51a9404199ba1efe6d2f8c62) Importer(2089858483,0ecaa5967403d082aa24f35e1b516d23) [PhysX] Initialized MultithreadedTaskDispatcher with 32 workers.
 -> (artifact id: '1ee73d02d62854a63bbb56a448315169') in 0.004664 seconds
Number of updated asset objects reloaded before import = 0
Number of asset objects unloaded after import = 1
========================================================================
Received Import Request.
  Time since last request: 0.000014 seconds.
  path: Assets/Assets/UniGLTF/Runtime/UniGLTF/IO/MeshIO/MeshExporter_DividedVertexBuffer.cs
  artifactKey: Guid(39e41ff133b545d43a1dfb6eb98cdf60) Importer(2089858483,0ecaa5967403d082aa24f35e1b516d23)
Start importing Assets/Assets/UniGLTF/Runtime/UniGLTF/IO/MeshIO/MeshExporter_DividedVertexBuffer.cs using Guid(39e41ff133b545d43a1dfb6eb98cdf60) Importer(2089858483,0ecaa5967403d082aa24f35e1b516d23) [PhysX] Initialized MultithreadedTaskDispatcher with 32 workers.
 -> (artifact id: '46b4977c9c557a86b92150aa8e324e13') in 0.007627 seconds
Number of updated asset objects reloaded before import = 0
Number of asset objects unloaded after import = 1
========================================================================
Received Import Request.
  Time since last request: 0.000012 seconds.
  path: Assets/Assets/UniGLTF/Runtime/UniHumanoid/IO/Extensions/UnityExtensions.cs
  artifactKey: Guid(6c4a2b80b74e499428637f36774bbdcf) Importer(2089858483,0ecaa5967403d082aa24f35e1b516d23)
Start importing Assets/Assets/UniGLTF/Runtime/UniHumanoid/IO/Extensions/UnityExtensions.cs using Guid(6c4a2b80b74e499428637f36774bbdcf) Importer(2089858483,0ecaa5967403d082aa24f35e1b516d23) [PhysX] Initialized MultithreadedTaskDispatcher with 32 workers.
 -> (artifact id: '9a25af7c158c6f66e985cf064244686e') in 0.004066 seconds
Number of updated asset objects reloaded before import = 0
Number of asset objects unloaded after import = 1
========================================================================
Received Import Request.
  Time since last request: 0.000013 seconds.
  path: Assets/Assets/VRMShaders/VRM10/MToon10/Runtime/UnityShaderLab/ShaderLabDefinedValues/UnityCullMode.cs
  artifactKey: Guid(03ac85ab52a547019ff7e377f1778225) Importer(2089858483,0ecaa5967403d082aa24f35e1b516d23)
Start importing Assets/Assets/VRMShaders/VRM10/MToon10/Runtime/UnityShaderLab/ShaderLabDefinedValues/UnityCullMode.cs using Guid(03ac85ab52a547019ff7e377f1778225) Importer(2089858483,0ecaa5967403d082aa24f35e1b516d23) [PhysX] Initialized MultithreadedTaskDispatcher with 32 workers.
 -> (artifact id: '02143881754660b2c43dc8d82fc1f6fb') in 0.003953 seconds
Number of updated asset objects reloaded before import = 0
Number of asset objects unloaded after import = 1
========================================================================
Received Import Request.
  Time since last request: 7.737349 seconds.
  path: Assets/Unity.VisualScripting.Generated/VisualScripting.Core/Property Providers/PropertyProvider_UniHumanoid_MuscleDebug_Muscle.cs
  artifactKey: Guid(309141c55482b5244bc4efb6c6e7a0c7) Importer(2089858483,0ecaa5967403d082aa24f35e1b516d23)
Start importing Assets/Unity.VisualScripting.Generated/VisualScripting.Core/Property Providers/PropertyProvider_UniHumanoid_MuscleDebug_Muscle.cs using Guid(309141c55482b5244bc4efb6c6e7a0c7) Importer(2089858483,0ecaa5967403d082aa24f35e1b516d23) [PhysX] Initialized MultithreadedTaskDispatcher with 32 workers.
 -> (artifact id: 'b361c069f44cf07d44e613e2e61fe505') in 0.004601 seconds
Number of updated asset objects reloaded before import = 0
Number of asset objects unloaded after import = 1
========================================================================
Received Import Request.
  Time since last request: 0.000017 seconds.
  path: Assets/Unity.VisualScripting.Generated/VisualScripting.Core/Property Providers/PropertyProvider_UnityEngine_UI_Scrollbar_ScrollEvent.cs
  artifactKey: Guid(8fe1ec4e455e81f46ae530510cb18bbc) Importer(2089858483,0ecaa5967403d082aa24f35e1b516d23)
Start importing Assets/Unity.VisualScripting.Generated/VisualScripting.Core/Property Providers/PropertyProvider_UnityEngine_UI_Scrollbar_ScrollEvent.cs using Guid(8fe1ec4e455e81f46ae530510cb18bbc) Importer(2089858483,0ecaa5967403d082aa24f35e1b516d23) [PhysX] Initialized MultithreadedTaskDispatcher with 32 workers.
 -> (artifact id: 'cffe886555194e70cc1ada2d89131056') in 0.023803 seconds
Number of updated asset objects reloaded before import = 0
Number of asset objects unloaded after import = 1
========================================================================
Received Import Request.
  Time since last request: 0.000143 seconds.
  path: Assets/Unity.VisualScripting.Generated/VisualScripting.Core/Property Providers/PropertyProvider_TMPro_TextAlignmentOptions.cs
  artifactKey: Guid(18de5d9f3d461f447b997bae15d4aed0) Importer(2089858483,0ecaa5967403d082aa24f35e1b516d23)
Start importing Assets/Unity.VisualScripting.Generated/VisualScripting.Core/Property Providers/PropertyProvider_TMPro_TextAlignmentOptions.cs using Guid(18de5d9f3d461f447b997bae15d4aed0) Importer(2089858483,0ecaa5967403d082aa24f35e1b516d23) [PhysX] Initialized MultithreadedTaskDispatcher with 32 workers.
 -> (artifact id: '54bc636d8a1a6a33ce4746430eb892f7') in 0.007753 seconds
Number of updated asset objects reloaded before import = 0
Number of asset objects unloaded after import = 1
========================================================================
Received Import Request.
  Time since last request: 0.000445 seconds.
  path: Assets/Unity.VisualScripting.Generated/VisualScripting.Core/Property Providers/PropertyProvider_UnityEngine_UI_Toggle_ToggleEvent.cs
  artifactKey: Guid(0c97f1d9b11ab854bbe4718df5595709) Importer(2089858483,0ecaa5967403d082aa24f35e1b516d23)
Start importing Assets/Unity.VisualScripting.Generated/VisualScripting.Core/Property Providers/PropertyProvider_UnityEngine_UI_Toggle_ToggleEvent.cs using Guid(0c97f1d9b11ab854bbe4718df5595709) Importer(2089858483,0ecaa5967403d082aa24f35e1b516d23) [PhysX] Initialized MultithreadedTaskDispatcher with 32 workers.
 -> (artifact id: '0929962455a238560667c356aff1ed89') in 0.005403 seconds
Number of updated asset objects reloaded before import = 0
Number of asset objects unloaded after import = 1
========================================================================
Received Import Request.
  Time since last request: 0.000323 seconds.
  path: Assets/Unity.VisualScripting.Generated/VisualScripting.Core/Property Providers/PropertyProvider_TMPro_TMP_InputField_SelectionEvent.cs
  artifactKey: Guid(c392e7d162b744943acdcd86b05b0291) Importer(2089858483,0ecaa5967403d082aa24f35e1b516d23)
Start importing Assets/Unity.VisualScripting.Generated/VisualScripting.Core/Property Providers/PropertyProvider_TMPro_TMP_InputField_SelectionEvent.cs using Guid(c392e7d162b744943acdcd86b05b0291) Importer(2089858483,0ecaa5967403d082aa24f35e1b516d23) [PhysX] Initialized MultithreadedTaskDispatcher with 32 workers.
 -> (artifact id: '5036d0d6ad154d3b1b86d917ee9d841f') in 0.004661 seconds
Number of updated asset objects reloaded before import = 0
Number of asset objects unloaded after import = 1
========================================================================
Received Import Request.
  Time since last request: 0.000028 seconds.
  path: Assets/Unity.VisualScripting.Generated/VisualScripting.Core/Property Providers/PropertyProvider_VRM_BlendShapeClip.cs
  artifactKey: Guid(3d2d54ca1754085469c28cfa0e989c31) Importer(2089858483,0ecaa5967403d082aa24f35e1b516d23)
Start importing Assets/Unity.VisualScripting.Generated/VisualScripting.Core/Property Providers/PropertyProvider_VRM_BlendShapeClip.cs using Guid(3d2d54ca1754085469c28cfa0e989c31) Importer(2089858483,0ecaa5967403d082aa24f35e1b516d23) [PhysX] Initialized MultithreadedTaskDispatcher with 32 workers.
 -> (artifact id: '28418c74d58b0e544141de3ff8c3a659') in 0.005632 seconds
Number of updated asset objects reloaded before import = 0
Number of asset objects unloaded after import = 1
========================================================================
Received Prepare
Caller must complete domain reload
Begin MonoManager ReloadAssembly
- Loaded All Assemblies, in  0.419 seconds
Native extension for WindowsStandalone target not found
Native extension for WebGL target not found
System.Exception: Error! Visual Scripting: couldn't find visual scripting package
  at Unity.VisualScripting.PackageVersionUtility.get_version () [0x00043] in .\Library\PackageCache\com.unity.visualscripting@1.9.4\Editor\VisualScripting.Core\Utilities\PackageVersionUtility.cs:31 
  at Unity.VisualScripting.BoltCoreManifest.get_version () [0x00000] in .\Library\PackageCache\com.unity.visualscripting@1.9.4\Editor\VisualScripting.Core\Plugin\BoltCoreManifest.cs:11 
  at Unity.VisualScripting.PluginManifest.get_currentVersion () [0x00000] in .\Library\PackageCache\com.unity.visualscripting@1.9.4\Editor\VisualScripting.Core\Plugins\PluginManifest.cs:33 
  at Unity.VisualScripting.PluginManifest.get_versionMismatch () [0x00000] in .\Library\PackageCache\com.unity.visualscripting@1.9.4\Editor\VisualScripting.Core\Plugins\PluginManifest.cs:48 
  at Unity.VisualScripting.PluginContainer.Initialize () [0x00525] in .\Library\PackageCache\com.unity.visualscripting@1.9.4\Editor\VisualScripting.Core\Plugins\PluginContainer.cs:208 
  at Unity.VisualScripting.PluginContainer.InitializeOnLoad () [0x00009] in .\Library\PackageCache\com.unity.visualscripting@1.9.4\Editor\VisualScripting.Core\Plugins\PluginContainer.cs:32 
  at Unity.VisualScripting.VSUsageUtility.DoInitializeOnLoadCalls () [0x00034] in .\Library\PackageCache\com.unity.visualscripting@1.9.4\Editor\VisualScripting.Core\Utilities\VSUsageUtility.cs:76 
  at Unity.VisualScripting.VSUsageUtility.set_isVisualScriptingUsed (System.Boolean value) [0x0002c] in .\Library\PackageCache\com.unity.visualscripting@1.9.4\Editor\VisualScripting.Core\Utilities\VSUsageUtility.cs:114 
  at Unity.VisualScripting.VSUsageUtility.CheckAndSetIsVisualScriptingUsed () [0x0000d] in .\Library\PackageCache\com.unity.visualscripting@1.9.4\Editor\VisualScripting.Core\Utilities\VSUsageUtility.cs:33 
  at Unity.VisualScripting.VSUsageUtility..cctor () [0x00000] in .\Library\PackageCache\com.unity.visualscripting@1.9.4\Editor\VisualScripting.Core\Utilities\VSUsageUtility.cs:22 
UnityEngine.StackTraceUtility:ExtractStackTrace ()
UnityEngine.DebugLogHandler:LogFormat (UnityEngine.LogType,UnityEngine.Object,string,object[])
UnityEngine.Logger:Log (UnityEngine.LogType,object)
UnityEngine.Debug:LogError (object)
UnityEditor.EditorAssemblies:ProcessInitializeOnLoadAttributes (System.Type[])

[Package Manager] Server::EnsureServerProcessIsRunning -- launch failed, reason: Unity was launched with the -noUpm command-line argument
[Package Manager] UpmClient::Send -- Unable to send message (not connected to UPM process).
[Package Manager] Cannot connect to Unity Package Manager local server
Mono: successfully reloaded assembly
- Finished resetting the current domain, in  1.000 seconds
Domain Reload Profiling: 1416ms
	BeginReloadAssembly (165ms)
		ExecutionOrderSort (0ms)
		DisableScriptedObjects (3ms)
		BackupInstance (0ms)
		ReleaseScriptingObjects (0ms)
		CreateAndSetChildDomain (39ms)
	RebuildCommonClasses (20ms)
	RebuildNativeTypeToScriptingClass (7ms)
	initialDomainReloadingComplete (23ms)
	LoadAllAssembliesAndSetupDomain (202ms)
		LoadAssemblies (254ms)
		RebuildTransferFunctionScriptingTraits (0ms)
		AnalyzeDomain (32ms)
			TypeCache.Refresh (19ms)
				TypeCache.ScanAssembly (1ms)
			ScanForSourceGeneratedMonoScriptInfo (5ms)
			ResolveRequiredComponents (4ms)
	FinalizeReload (1000ms)
		ReleaseScriptCaches (0ms)
		RebuildScriptCaches (0ms)
		SetupLoadedEditorAssemblies (446ms)
			LogAssemblyErrors (0ms)
			InitializePlatformSupportModulesInManaged (8ms)
			SetLoadedEditorAssemblies (5ms)
			RefreshPlugins (0ms)
			BeforeProcessingInitializeOnLoad (46ms)
			ProcessInitializeOnLoadAttributes (367ms)
			ProcessInitializeOnLoadMethodAttributes (15ms)
			AfterProcessingInitializeOnLoad (5ms)
			EditorAssembliesLoaded (0ms)
		ExecutionOrderSort2 (0ms)
		AwakeInstancesAfterBackupRestoration (5ms)
Shader 'VRM10/Universal Render Pipeline/MToon10': fallback shader 'Hidden/Universal Render Pipeline/FallbackError' not found
Shader 'VRM10/Universal Render Pipeline/MToon10': fallback shader 'Hidden/Universal Render Pipeline/FallbackError' not found
Refreshing native plugins compatible for Editor in 6.21 ms, found 3 plugins.
Preloading 0 native plugins for Editor in 0.00 ms.
Unloading 3711 Unused Serialized files (Serialized files now loaded: 0)
Unloading 15 unused Assets / (153.5 KB). Loaded Objects now: 4213.
Memory consumption went from 133.1 MB to 132.9 MB.
Total: 16.068100 ms (FindLiveObjects: 0.346000 ms CreateObjectMapping: 0.111600 ms MarkObjects: 15.402700 ms  DeleteObjects: 0.206600 ms)

Prepare: number of updated asset objects reloaded= 0
AssetImportParameters requested are different than current active one (requested -> active):
  custom:scripting/monoscript/fileName/PropertyProvider_UnityEngine_UI_InputField_SubmitEvent.cs: 0158d585133768c19d604a16c5150b7f -> 
  custom:scripting/monoscript/fileName/PropertyProvider_UnityEngine_TextCore_GlyphMetrics.cs: eabf71f3c03c37c0c7f23edd5cbe1162 -> 
  custom:scripting/monoscript/fileName/PropertyProvider_UnityEngine_UI_ScrollRect_ScrollRectEvent.cs: e4c8516284bf25b102d63c464fb7e15d -> 
  custom:scripting/monoscript/fileName/PropertyProvider_TMPro_TMP_FontWeightPair.cs: 7018d8f97ea3f99cee146e66e59eb094 -> 
  custom:container-demuxer-ogg: 62fdf1f143b41e24485cea50d1cbac27 -> 
  custom:scripting/monoscript/fileName/PropertyProvider_TMPro_TMP_GlyphPairAdjustmentRecord.cs: 8b81f44b4d25a8dc83a83602243e54ff -> 
  custom:video-codec-MediaFoundation-h265: 746d11721c4dcdbdad8f713fa42b33f4 -> 
  custom:scripting/monoscript/fileName/PropertyProvider_UnityEngine_TextCore_Text_TextStyle.cs: eb1c166a308f6740662692f9574fc091 -> 
  custom:scripting/monoscript/fileName/PropertyProvider_TMPro_TMP_InputField_TextSelectionEvent.cs: 515a9a6914de53af16f9f3b16e45daa4 -> 
  custom:video-decoder-ogg-theora: a1e56fd34408186e4bbccfd4996cb3dc -> 
  custom:scripting/monoscript/fileName/PropertyProvider_TMPro_TextAlignmentOptions.cs: 39cd5fe84e8066bc3e954961d7e15819 -> 
  custom:scripting/monoscript/fileName/PropertyProvider_TMPro_TMP_Character.cs: eaa72c8e378463b7267f14eb54ec33b5 -> 
  custom:framework-win-MediaFoundation: 216162199b28c13a410421893ffa2e32 -> 
  custom:scripting/monoscript/fileName/PropertyProvider_UnityEngine_UI_Button_ButtonClickedEvent.cs: b93ebf738c61d1c891755c6725f48604 -> 
  custom:scripting/monoscript/fileName/PropertyProvider_UnityEngine_UI_Scrollbar_ScrollEvent.cs: fd54ec78326ea556b1505266fe98a01d -> 
  custom:scripting/monoscript/fileName/PropertyProvider_UnityEngine_UI_Toggle_ToggleEvent.cs: bfcc8ccf33149947039e7ca40bc97785 -> 
  custom:scripting/monoscript/fileName/PropertyProvider_TMPro_TMP_SpriteCharacter.cs: 8599e0a3d7eaeb40f13c76a6e99f7053 -> 
  custom:scripting/monoscript/fileName/PropertyProvider_UnityEngine_TextCore_Text_UnicodeLineBreakingRules.cs: 73c6fb186280151f1d6b820f0f45fecd -> 
  custom:CustomObjectIndexerAttribute: 9a22284fe3817be447336de3de66b15e -> 
  custom:scripting/monoscript/fileName/PropertyProvider_TMPro_TMP_Style.cs: 8d7eef81843e9fddd6a990b921a6e3c1 -> 
  custom:scripting/monoscript/fileName/PropertyProvider_UnityEngine_TextCore_Text_FontWeightPair.cs: d5455aa2368330e45f1f09d94009c4c0 -> 
  custom:scripting/monoscript/fileName/PropertyProvider_UnityEngine_TextCore_Text_SpriteGlyph.cs: b06b3e139481bab6144063213f525381 -> 
  custom:scripting/monoscript/fileName/PropertyProvider_UnityEngine_TextCore_LowLevel_GlyphPairAdjustmentRecord.cs: bdb2dd6cca050c67034132d9f8cd4140 -> 
  custom:scripting/monoscript/fileName/PropertyProvider_UnityEngine_TextCore_Text_Character.cs: d0272ab30945368704c767a2beb04b50 -> 
  custom:scripting/monoscript/fileName/PropertyProvider_UnityEngine_UI_ColorBlock.cs: e918f6ef237d0e8d4bf87bae2f3111f8 -> 
  custom:container-demuxer-webm: 4f35f7cbe854078d1ac9338744f61a02 -> 
  custom:scripting/monoscript/fileName/PropertyProvider_UnityEngine_UI_InputField_EndEditEvent.cs: fe389e2642133f5a6de3efd4d634a724 -> 
  custom:scripting/monoscript/fileName/PropertyProvider_TMPro_TMP_InputField_SelectionEvent.cs: 264f66097bdfcbb706d524ac5c46b504 -> 
  custom:scripting/monoscript/fileName/PropertyProvider_VRM_VRMFirstPerson_RendererFirstPersonFlags.cs: 9b5d098f8ac49d7a8cb4809346d6f7d5 -> 
  custom:scripting/monoscript/fileName/PropertyProvider_TMPro_TMP_Dropdown_OptionDataList.cs: bbeaf26c2714e7be0fc0a30103efeae2 -> 
  custom:scripting/monoscript/fileName/PropertyProvider_UnityEngine_EventSystems_EventTrigger_TriggerEvent.cs: 3f230b25f026b173452f63f60a0946b2 -> 
  custom:scripting/monoscript/fileName/PropertyProvider_UnityEngine_ParticleSystem_MinMaxGradient.cs: 43f3622b6ae25a6921a8181d72a51958 -> 
  custom:container-muxer-webm: aa71ff27fc2769a1b78a27578f13a17b -> 
  custom:scripting/monoscript/fileName/PropertyProvider_UnityEngine_UI_Slider_SliderEvent.cs: 58c372a4711adfe3b86695c242c16ec9 -> 
  custom:scripting/monoscript/fileName/PropertyProvider_UnityEngine_UI_FontData.cs: 04a625f3ae6938c0e2f2b09c7e021885 -> 
  custom:scripting/monoscript/fileName/PropertyProvider_UnityEngine_UI_Dropdown_DropdownEvent.cs: 45a3e6ca66368ac9cf0c5924a29d53e1 -> 
  custom:video-decoder-webm-vp8: 9c59270c3fd7afecdb556c50c9e8de78 -> 
  custom:scripting/monoscript/fileName/PropertyProvider_TMPro_VerticalAlignmentOptions.cs: e9b0bd2736e9675a8e10569d4105f860 -> 
  custom:SearchIndexIgnoredProperties: e643bd26f0fe6173181afceb89e7c659 -> 
  custom:AudioImporter_EditorPlatform: d09bf68614088b80899f8185d706f6e7 -> 
  custom:scripting/monoscript/fileName/PropertyProvider_UnityEngine_Events_UnityEvent.cs: d54f14228eba4b078b8a0723bcb346b5 -> 
  custom:scripting/monoscript/fileName/PropertyProvider_TMPro_TMP_InputField_SubmitEvent.cs: 7e43cbdf611f91a78865d953ef6f2756 -> 
  custom:scripting/monoscript/fileName/PropertyProvider_UnityEngine_UI_SpriteState.cs: 02d31574bb2528afbfd2ff98e34f1cc8 -> 
  custom:scripting/monoscript/fileName/PropertyProvider_TMPro_TMP_Dropdown_DropdownEvent.cs: 0ab6d2752875a63622b5bc5b51d0da2f -> 
  custom:scripting/monoscript/fileName/PropertyProvider_UnityEngine_UI_AnimationTriggers.cs: 3e792109a275f903c30b2890bb9787d8 -> 
  custom:scripting/monoscript/fileName/PropertyProvider_VRM_BlendShapeClip.cs: 42373a6999af67218153c5d1d52252fb -> 
  custom:scripting/monoscript/fileName/PropertyProvider_UnityEngine_TextCore_Glyph.cs: b789eb11fb5963ffba38575f9659984d -> 
  custom:scripting/monoscript/fileName/PropertyProvider_UnityEngine_UI_MaskableGraphic_CullStateChangedEvent.cs: f51322439471efeea94bdd65b276e2af -> 
  custom:scripting/monoscript/fileName/PropertyProvider_UnityEngine_ParticleSystem_MinMaxCurve.cs: e4c02bf08300d3b3dcc31ee9f87170ce -> 
  custom:scripting/monoscript/fileName/PropertyProvider_TMPro_TMP_SpriteGlyph.cs: a88e9c798874d2eb33a1aa1b23b3ca7a -> 
  custom:scripting/monoscript/fileName/PropertyProvider_UniHumanoid_MuscleDebug_Muscle.cs: 71eb74a3d65cb46eeff552215980aa23 -> 
  custom:scripting/monoscript/fileName/PropertyProvider_UnityEngine_Events_UnityEventBase.cs: da067928ef8b8c94f9e81d646bc61a1f -> 
  custom:video-encoder-webm-vp8: eb34c28f22e8b96e1ab97ce403110664 -> 
  custom:audio-decoder-ogg-vorbis: bf7c407c2cedff20999df2af8eb42d56 -> 
  custom:scripting/monoscript/fileName/PropertyProvider_UnityEngine_TextCore_GlyphRect.cs: b870b02cfae947d6a3b6bb70e20675d1 -> 
  custom:scripting/monoscript/fileName/PropertyProvider_UnityEngine_TextCore_Text_SpriteCharacter.cs: 90dd093cb2912cace82eecc514c56b6b -> 
  custom:scripting/monoscript/fileName/PropertyProvider_TMPro_TMP_InputField_TouchScreenKeyboardEvent.cs: c2e6705b26a95938b5044b7c0dfa9be4 -> 
  custom:scripting/monoscript/fileName/PropertyProvider_TMPro_HorizontalAlignmentOptions.cs: 9105e31080cbd3289d0879cacacf5427 -> 
  custom:scripting/monoscript/fileName/PropertyProvider_UnityEngine_UI_Dropdown_OptionDataList.cs: d2859f95d2197c8bff02dc8536d37ce6 -> 
  custom:scripting/monoscript/fileName/PropertyProvider_UnityEngine_UI_Navigation.cs: 9b711831434d96c562ac181d234e72cc -> 
  custom:audio-encoder-webm-vorbis: bf7c407c2cedff20999df2af8eb42d56 -> 
  custom:scripting/monoscript/fileName/PropertyProvider_UnityEngine_UI_InputField_OnChangeEvent.cs: c98d2e331388125826417bcc3916b228 -> 
  custom:scripting/precompiled-assembly-types:Assembly-CSharp: e0f5881ce6de89375996310bfc053f62 -> 7bb3bc7327edf0447830f6fa6260f186
  custom:scripting/monoscript/fileName/PropertyProvider_TMPro_TMP_InputField_OnChangeEvent.cs: e77f8a421bb747611cfd723a75bbd230 -> 
========================================================================
Received Prepare
Caller must complete domain reload
Begin MonoManager ReloadAssembly
- Loaded All Assemblies, in  0.403 seconds
Native extension for WindowsStandalone target not found
Native extension for WebGL target not found
System.Exception: Error! Visual Scripting: couldn't find visual scripting package
  at Unity.VisualScripting.PackageVersionUtility.get_version () [0x00043] in .\Library\PackageCache\com.unity.visualscripting@1.9.4\Editor\VisualScripting.Core\Utilities\PackageVersionUtility.cs:31 
  at Unity.VisualScripting.BoltCoreManifest.get_version () [0x00000] in .\Library\PackageCache\com.unity.visualscripting@1.9.4\Editor\VisualScripting.Core\Plugin\BoltCoreManifest.cs:11 
  at Unity.VisualScripting.PluginManifest.get_currentVersion () [0x00000] in .\Library\PackageCache\com.unity.visualscripting@1.9.4\Editor\VisualScripting.Core\Plugins\PluginManifest.cs:33 
  at Unity.VisualScripting.PluginManifest.get_versionMismatch () [0x00000] in .\Library\PackageCache\com.unity.visualscripting@1.9.4\Editor\VisualScripting.Core\Plugins\PluginManifest.cs:48 
  at Unity.VisualScripting.PluginContainer.Initialize () [0x00525] in .\Library\PackageCache\com.unity.visualscripting@1.9.4\Editor\VisualScripting.Core\Plugins\PluginContainer.cs:208 
  at Unity.VisualScripting.PluginContainer.InitializeOnLoad () [0x00009] in .\Library\PackageCache\com.unity.visualscripting@1.9.4\Editor\VisualScripting.Core\Plugins\PluginContainer.cs:32 
  at Unity.VisualScripting.VSUsageUtility.DoInitializeOnLoadCalls () [0x00034] in .\Library\PackageCache\com.unity.visualscripting@1.9.4\Editor\VisualScripting.Core\Utilities\VSUsageUtility.cs:76 
  at Unity.VisualScripting.VSUsageUtility.set_isVisualScriptingUsed (System.Boolean value) [0x0002c] in .\Library\PackageCache\com.unity.visualscripting@1.9.4\Editor\VisualScripting.Core\Utilities\VSUsageUtility.cs:114 
  at Unity.VisualScripting.VSUsageUtility.CheckAndSetIsVisualScriptingUsed () [0x0000d] in .\Library\PackageCache\com.unity.visualscripting@1.9.4\Editor\VisualScripting.Core\Utilities\VSUsageUtility.cs:33 
  at Unity.VisualScripting.VSUsageUtility..cctor () [0x00000] in .\Library\PackageCache\com.unity.visualscripting@1.9.4\Editor\VisualScripting.Core\Utilities\VSUsageUtility.cs:22 
UnityEngine.StackTraceUtility:ExtractStackTrace ()
UnityEngine.DebugLogHandler:LogFormat (UnityEngine.LogType,UnityEngine.Object,string,object[])
UnityEngine.Logger:Log (UnityEngine.LogType,object)
UnityEngine.Debug:LogError (object)
UnityEditor.EditorAssemblies:ProcessInitializeOnLoadAttributes (System.Type[])

[Package Manager] Server::EnsureServerProcessIsRunning -- launch failed, reason: Unity was launched with the -noUpm command-line argument
[Package Manager] UpmClient::Send -- Unable to send message (not connected to UPM process).
[Package Manager] Cannot connect to Unity Package Manager local server
Mono: successfully reloaded assembly
- Finished resetting the current domain, in  1.002 seconds
Domain Reload Profiling: 1402ms
	BeginReloadAssembly (149ms)
		ExecutionOrderSort (0ms)
		DisableScriptedObjects (3ms)
		BackupInstance (0ms)
		ReleaseScriptingObjects (0ms)
		CreateAndSetChildDomain (30ms)
	RebuildCommonClasses (22ms)
	RebuildNativeTypeToScriptingClass (7ms)
	initialDomainReloadingComplete (21ms)
	LoadAllAssembliesAndSetupDomain (200ms)
		LoadAssemblies (265ms)
		RebuildTransferFunctionScriptingTraits (0ms)
		AnalyzeDomain (13ms)
			TypeCache.Refresh (7ms)
				TypeCache.ScanAssembly (0ms)
			ScanForSourceGeneratedMonoScriptInfo (0ms)
			ResolveRequiredComponents (4ms)
	FinalizeReload (1002ms)
		ReleaseScriptCaches (0ms)
		RebuildScriptCaches (0ms)
		SetupLoadedEditorAssemblies (464ms)
			LogAssemblyErrors (0ms)
			InitializePlatformSupportModulesInManaged (5ms)
			SetLoadedEditorAssemblies (3ms)
			RefreshPlugins (0ms)
			BeforeProcessingInitializeOnLoad (48ms)
			ProcessInitializeOnLoadAttributes (390ms)
			ProcessInitializeOnLoadMethodAttributes (13ms)
			AfterProcessingInitializeOnLoad (5ms)
			EditorAssembliesLoaded (0ms)
		ExecutionOrderSort2 (0ms)
		AwakeInstancesAfterBackupRestoration (5ms)
Shader 'VRM10/Universal Render Pipeline/MToon10': fallback shader 'Hidden/Universal Render Pipeline/FallbackError' not found
Shader 'VRM10/Universal Render Pipeline/MToon10': fallback shader 'Hidden/Universal Render Pipeline/FallbackError' not found
Refreshing native plugins compatible for Editor in 5.12 ms, found 3 plugins.
Preloading 0 native plugins for Editor in 0.00 ms.
Unloading 3712 Unused Serialized files (Serialized files now loaded: 0)
Unloading 15 unused Assets / (153.6 KB). Loaded Objects now: 4217.
Memory consumption went from 133.3 MB to 133.2 MB.
Total: 13.733800 ms (FindLiveObjects: 0.409400 ms CreateObjectMapping: 0.257900 ms MarkObjects: 12.914500 ms  DeleteObjects: 0.150400 ms)

Prepare: number of updated asset objects reloaded= 0
AssetImportParameters requested are different than current active one (requested -> active):
  custom:scripting/monoscript/fileName/PropertyProvider_UnityEngine_UI_InputField_SubmitEvent.cs: 0158d585133768c19d604a16c5150b7f -> 
  custom:scripting/monoscript/fileName/PropertyProvider_UnityEngine_TextCore_GlyphMetrics.cs: eabf71f3c03c37c0c7f23edd5cbe1162 -> 
  custom:scripting/monoscript/fileName/PropertyProvider_UnityEngine_UI_ScrollRect_ScrollRectEvent.cs: e4c8516284bf25b102d63c464fb7e15d -> 
  custom:scripting/monoscript/fileName/PropertyProvider_TMPro_TMP_FontWeightPair.cs: 7018d8f97ea3f99cee146e66e59eb094 -> 
  custom:container-demuxer-ogg: 62fdf1f143b41e24485cea50d1cbac27 -> 
  custom:scripting/monoscript/fileName/PropertyProvider_TMPro_TMP_GlyphPairAdjustmentRecord.cs: 8b81f44b4d25a8dc83a83602243e54ff -> 
  custom:video-codec-MediaFoundation-h265: 746d11721c4dcdbdad8f713fa42b33f4 -> 
  custom:scripting/monoscript/fileName/PropertyProvider_UnityEngine_TextCore_Text_TextStyle.cs: eb1c166a308f6740662692f9574fc091 -> 
  custom:scripting/monoscript/fileName/PropertyProvider_TMPro_TMP_InputField_TextSelectionEvent.cs: 515a9a6914de53af16f9f3b16e45daa4 -> 
  custom:video-decoder-ogg-theora: a1e56fd34408186e4bbccfd4996cb3dc -> 
  custom:scripting/monoscript/fileName/PropertyProvider_TMPro_TextAlignmentOptions.cs: 39cd5fe84e8066bc3e954961d7e15819 -> 
  custom:scripting/monoscript/fileName/PropertyProvider_TMPro_TMP_Character.cs: eaa72c8e378463b7267f14eb54ec33b5 -> 
  custom:framework-win-MediaFoundation: 216162199b28c13a410421893ffa2e32 -> 
  custom:scripting/monoscript/fileName/PropertyProvider_UnityEngine_UI_Button_ButtonClickedEvent.cs: b93ebf738c61d1c891755c6725f48604 -> 
  custom:scripting/monoscript/fileName/PropertyProvider_UnityEngine_UI_Scrollbar_ScrollEvent.cs: fd54ec78326ea556b1505266fe98a01d -> 
  custom:scripting/monoscript/fileName/PropertyProvider_UnityEngine_UI_Toggle_ToggleEvent.cs: bfcc8ccf33149947039e7ca40bc97785 -> 
  custom:scripting/monoscript/fileName/PropertyProvider_TMPro_TMP_SpriteCharacter.cs: 8599e0a3d7eaeb40f13c76a6e99f7053 -> 
  custom:scripting/monoscript/fileName/PropertyProvider_UnityEngine_TextCore_Text_UnicodeLineBreakingRules.cs: 73c6fb186280151f1d6b820f0f45fecd -> 
  custom:CustomObjectIndexerAttribute: 9a22284fe3817be447336de3de66b15e -> 
  custom:scripting/monoscript/fileName/PropertyProvider_TMPro_TMP_Style.cs: 8d7eef81843e9fddd6a990b921a6e3c1 -> 
  custom:scripting/monoscript/fileName/PropertyProvider_UnityEngine_TextCore_Text_FontWeightPair.cs: d5455aa2368330e45f1f09d94009c4c0 -> 
  custom:scripting/monoscript/fileName/PropertyProvider_UnityEngine_TextCore_Text_SpriteGlyph.cs: b06b3e139481bab6144063213f525381 -> 
  custom:scripting/monoscript/fileName/PropertyProvider_UnityEngine_TextCore_LowLevel_GlyphPairAdjustmentRecord.cs: bdb2dd6cca050c67034132d9f8cd4140 -> 
  custom:scripting/monoscript/fileName/PropertyProvider_UnityEngine_TextCore_Text_Character.cs: d0272ab30945368704c767a2beb04b50 -> 
  custom:scripting/monoscript/fileName/PropertyProvider_UnityEngine_UI_ColorBlock.cs: e918f6ef237d0e8d4bf87bae2f3111f8 -> 
  custom:container-demuxer-webm: 4f35f7cbe854078d1ac9338744f61a02 -> 
  custom:scripting/monoscript/fileName/PropertyProvider_UnityEngine_UI_InputField_EndEditEvent.cs: fe389e2642133f5a6de3efd4d634a724 -> 
  custom:scripting/monoscript/fileName/PropertyProvider_TMPro_TMP_InputField_SelectionEvent.cs: 264f66097bdfcbb706d524ac5c46b504 -> 
  custom:scripting/monoscript/fileName/PropertyProvider_VRM_VRMFirstPerson_RendererFirstPersonFlags.cs: 9b5d098f8ac49d7a8cb4809346d6f7d5 -> 
  custom:scripting/monoscript/fileName/PropertyProvider_TMPro_TMP_Dropdown_OptionDataList.cs: bbeaf26c2714e7be0fc0a30103efeae2 -> 
  custom:scripting/monoscript/fileName/PropertyProvider_UnityEngine_EventSystems_EventTrigger_TriggerEvent.cs: 3f230b25f026b173452f63f60a0946b2 -> 
  custom:scripting/monoscript/fileName/PropertyProvider_UnityEngine_ParticleSystem_MinMaxGradient.cs: 43f3622b6ae25a6921a8181d72a51958 -> 
  custom:container-muxer-webm: aa71ff27fc2769a1b78a27578f13a17b -> 
  custom:scripting/monoscript/fileName/PropertyProvider_UnityEngine_UI_Slider_SliderEvent.cs: 58c372a4711adfe3b86695c242c16ec9 -> 
  custom:scripting/monoscript/fileName/PropertyProvider_UnityEngine_UI_FontData.cs: 04a625f3ae6938c0e2f2b09c7e021885 -> 
  custom:scripting/monoscript/fileName/PropertyProvider_UnityEngine_UI_Dropdown_DropdownEvent.cs: 45a3e6ca66368ac9cf0c5924a29d53e1 -> 
  custom:video-decoder-webm-vp8: 9c59270c3fd7afecdb556c50c9e8de78 -> 
  custom:scripting/monoscript/fileName/PropertyProvider_TMPro_VerticalAlignmentOptions.cs: e9b0bd2736e9675a8e10569d4105f860 -> 
  custom:SearchIndexIgnoredProperties: e643bd26f0fe6173181afceb89e7c659 -> 
  custom:AudioImporter_EditorPlatform: d09bf68614088b80899f8185d706f6e7 -> 
  custom:scripting/monoscript/fileName/PropertyProvider_UnityEngine_Events_UnityEvent.cs: d54f14228eba4b078b8a0723bcb346b5 -> 
  custom:scripting/monoscript/fileName/PropertyProvider_TMPro_TMP_InputField_SubmitEvent.cs: 7e43cbdf611f91a78865d953ef6f2756 -> 
  custom:scripting/monoscript/fileName/PropertyProvider_UnityEngine_UI_SpriteState.cs: 02d31574bb2528afbfd2ff98e34f1cc8 -> 
  custom:scripting/monoscript/fileName/PropertyProvider_TMPro_TMP_Dropdown_DropdownEvent.cs: 0ab6d2752875a63622b5bc5b51d0da2f -> 
  custom:scripting/monoscript/fileName/PropertyProvider_UnityEngine_UI_AnimationTriggers.cs: 3e792109a275f903c30b2890bb9787d8 -> 
  custom:scripting/monoscript/fileName/PropertyProvider_VRM_BlendShapeClip.cs: 42373a6999af67218153c5d1d52252fb -> 
  custom:scripting/monoscript/fileName/PropertyProvider_UnityEngine_TextCore_Glyph.cs: b789eb11fb5963ffba38575f9659984d -> 
  custom:scripting/monoscript/fileName/PropertyProvider_UnityEngine_UI_MaskableGraphic_CullStateChangedEvent.cs: f51322439471efeea94bdd65b276e2af -> 
  custom:scripting/monoscript/fileName/PropertyProvider_UnityEngine_ParticleSystem_MinMaxCurve.cs: e4c02bf08300d3b3dcc31ee9f87170ce -> 
  custom:scripting/monoscript/fileName/PropertyProvider_TMPro_TMP_SpriteGlyph.cs: a88e9c798874d2eb33a1aa1b23b3ca7a -> 
  custom:scripting/monoscript/fileName/PropertyProvider_UniHumanoid_MuscleDebug_Muscle.cs: 71eb74a3d65cb46eeff552215980aa23 -> 
  custom:scripting/monoscript/fileName/PropertyProvider_UnityEngine_Events_UnityEventBase.cs: da067928ef8b8c94f9e81d646bc61a1f -> 
  custom:video-encoder-webm-vp8: eb34c28f22e8b96e1ab97ce403110664 -> 
  custom:audio-decoder-ogg-vorbis: bf7c407c2cedff20999df2af8eb42d56 -> 
  custom:scripting/monoscript/fileName/PropertyProvider_UnityEngine_TextCore_GlyphRect.cs: b870b02cfae947d6a3b6bb70e20675d1 -> 
  custom:scripting/monoscript/fileName/PropertyProvider_UnityEngine_TextCore_Text_SpriteCharacter.cs: 90dd093cb2912cace82eecc514c56b6b -> 
  custom:scripting/monoscript/fileName/PropertyProvider_TMPro_TMP_InputField_TouchScreenKeyboardEvent.cs: c2e6705b26a95938b5044b7c0dfa9be4 -> 
  custom:scripting/monoscript/fileName/PropertyProvider_TMPro_HorizontalAlignmentOptions.cs: 9105e31080cbd3289d0879cacacf5427 -> 
  custom:scripting/monoscript/fileName/PropertyProvider_UnityEngine_UI_Dropdown_OptionDataList.cs: d2859f95d2197c8bff02dc8536d37ce6 -> 
  custom:scripting/monoscript/fileName/PropertyProvider_UnityEngine_UI_Navigation.cs: 9b711831434d96c562ac181d234e72cc -> 
  custom:audio-encoder-webm-vorbis: bf7c407c2cedff20999df2af8eb42d56 -> 
  custom:scripting/monoscript/fileName/PropertyProvider_UnityEngine_UI_InputField_OnChangeEvent.cs: c98d2e331388125826417bcc3916b228 -> 
  custom:scripting/precompiled-assembly-types:Assembly-CSharp: e0f5881ce6de89375996310bfc053f62 -> 7bb3bc7327edf0447830f6fa6260f186
  custom:scripting/monoscript/fileName/PropertyProvider_TMPro_TMP_InputField_OnChangeEvent.cs: e77f8a421bb747611cfd723a75bbd230 -> 
Editor requested this worker to shutdown with reason: Scaling down because of idle timeout
TcpMessagingSession - receive error: operation aborted. errorcode: 995, details: ]ε{nDAҥHw I/O ާ@C
AssetImportWorker is now disconnected from the server
Process exiting
Exiting without the bug reporter. Application will terminate with return code 0