Using pre-set license
Built from '2022.3/staging' branch; Version is '2022.3.46f1 (8e9b8558c41a) revision 9345925'; Using compiler version '192829333'; Build Type 'Release'
OS: 'Windows 11  (10.0.26100) 64bit Core' Language: 'zh' Physical Memory: 48770 MB
BatchMode: 1, IsHumanControllingUs: 0, StartBugReporterOnCrash: 0, Is64bit: 1, IsPro: 1

COMMAND LINE ARGUMENTS:
C:\Program Files\Unity\Hub\Editor\2022.3.46f1\Editor\Unity.exe
-adb2
-batchMode
-noUpm
-name
AssetImportWorker9
-projectPath
C:/Users/USER/Documents/虛擬網紅/mc2024fhw05
-logFile
Logs/AssetImportWorker9.log
-srvPort
10098
Successfully changed project path to: C:/Users/USER/Documents/虛擬網紅/mc2024fhw05
C:/Users/USER/Documents/虛擬網紅/mc2024fhw05
[UnityMemory] Configuration Parameters - Can be set up in boot.config
    "memorysetup-bucket-allocator-granularity=16"
    "memorysetup-bucket-allocator-bucket-count=8"
    "memorysetup-bucket-allocator-block-size=33554432"
    "memorysetup-bucket-allocator-block-count=8"
    "memorysetup-main-allocator-block-size=16777216"
    "memorysetup-thread-allocator-block-size=16777216"
    "memorysetup-gfx-main-allocator-block-size=16777216"
    "memorysetup-gfx-thread-allocator-block-size=16777216"
    "memorysetup-cache-allocator-block-size=4194304"
    "memorysetup-typetree-allocator-block-size=2097152"
    "memorysetup-profiler-bucket-allocator-granularity=16"
    "memorysetup-profiler-bucket-allocator-bucket-count=8"
    "memorysetup-profiler-bucket-allocator-block-size=33554432"
    "memorysetup-profiler-bucket-allocator-block-count=8"
    "memorysetup-profiler-allocator-block-size=16777216"
    "memorysetup-profiler-editor-allocator-block-size=1048576"
    "memorysetup-temp-allocator-size-main=16777216"
    "memorysetup-job-temp-allocator-block-size=2097152"
    "memorysetup-job-temp-allocator-block-size-background=1048576"
    "memorysetup-job-temp-allocator-reduction-small-platforms=262144"
    "memorysetup-allocator-temp-initial-block-size-main=262144"
    "memorysetup-allocator-temp-initial-block-size-worker=262144"
    "memorysetup-temp-allocator-size-background-worker=32768"
    "memorysetup-temp-allocator-size-job-worker=262144"
    "memorysetup-temp-allocator-size-preload-manager=33554432"
    "memorysetup-temp-allocator-size-nav-mesh-worker=65536"
    "memorysetup-temp-allocator-size-audio-worker=65536"
    "memorysetup-temp-allocator-size-cloud-worker=32768"
    "memorysetup-temp-allocator-size-gi-baking-worker=262144"
    "memorysetup-temp-allocator-size-gfx=262144"
Player connection [37856]  Target information:

Player connection [37856]  * "[IP] 172.20.10.7 [Port] 0 [Flags] 2 [Guid] 533122419 [EditorId] 533122419 [Version] 1048832 [Id] WindowsEditor(7,LAPTOP-SIC7VNQJ) [Debug] 1 [PackageName] WindowsEditor [ProjectName] Editor" 

Player connection [37856] Host joined multi-casting on [225.0.0.222:54997]...
Player connection [37856] Host joined alternative multi-casting on [225.0.0.222:34997]...
[PhysX] Initialized MultithreadedTaskDispatcher with 32 workers.
Refreshing native plugins compatible for Editor in 7.91 ms, found 3 plugins.
Preloading 0 native plugins for Editor in 0.00 ms.
Initialize engine version: 2022.3.46f1 (8e9b8558c41a)
[Subsystems] Discovering subsystems at path C:/Program Files/Unity/Hub/Editor/2022.3.46f1/Editor/Data/Resources/UnitySubsystems
[Subsystems] Discovering subsystems at path C:/Users/USER/Documents/虛擬網紅/mc2024fhw05/Assets
GfxDevice: creating device client; threaded=0; jobified=0
Direct3D:
    Version:  Direct3D 11.0 [level 11.1]
    Renderer: NVIDIA GeForce RTX 4060 Laptop GPU (ID=0x28e0)
    Vendor:   NVIDIA
    VRAM:     7957 MB
    Driver:   32.0.15.6590
Initialize mono
Mono path[0] = 'C:/Program Files/Unity/Hub/Editor/2022.3.46f1/Editor/Data/Managed'
Mono path[1] = 'C:/Program Files/Unity/Hub/Editor/2022.3.46f1/Editor/Data/MonoBleedingEdge/lib/mono/unityjit-win32'
Mono config path = 'C:/Program Files/Unity/Hub/Editor/2022.3.46f1/Editor/Data/MonoBleedingEdge/etc'
Using monoOptions --debugger-agent=transport=dt_socket,embedding=1,server=y,suspend=n,address=127.0.0.1:56112
Begin MonoManager ReloadAssembly
Registering precompiled unity dll's ...
Register platform support module: C:/Program Files/Unity/Hub/Editor/2022.3.46f1/Editor/Data/PlaybackEngines/WebGLSupport/UnityEditor.WebGL.Extensions.dll
Register platform support module: C:/Program Files/Unity/Hub/Editor/2022.3.46f1/Editor/Data/PlaybackEngines/WindowsStandaloneSupport/UnityEditor.WindowsStandalone.Extensions.dll
Registered in 0.005913 seconds.
- Loaded All Assemblies, in  0.309 seconds
Native extension for WindowsStandalone target not found
Native extension for WebGL target not found
Mono: successfully reloaded assembly
- Finished resetting the current domain, in  0.198 seconds
Domain Reload Profiling: 505ms
	BeginReloadAssembly (96ms)
		ExecutionOrderSort (0ms)
		DisableScriptedObjects (0ms)
		BackupInstance (0ms)
		ReleaseScriptingObjects (0ms)
		CreateAndSetChildDomain (0ms)
	RebuildCommonClasses (27ms)
	RebuildNativeTypeToScriptingClass (8ms)
	initialDomainReloadingComplete (47ms)
	LoadAllAssembliesAndSetupDomain (129ms)
		LoadAssemblies (95ms)
		RebuildTransferFunctionScriptingTraits (0ms)
		AnalyzeDomain (127ms)
			TypeCache.Refresh (125ms)
				TypeCache.ScanAssembly (113ms)
			ScanForSourceGeneratedMonoScriptInfo (0ms)
			ResolveRequiredComponents (0ms)
	FinalizeReload (198ms)
		ReleaseScriptCaches (0ms)
		RebuildScriptCaches (0ms)
		SetupLoadedEditorAssemblies (161ms)
			LogAssemblyErrors (0ms)
			InitializePlatformSupportModulesInManaged (8ms)
			SetLoadedEditorAssemblies (4ms)
			RefreshPlugins (0ms)
			BeforeProcessingInitializeOnLoad (1ms)
			ProcessInitializeOnLoadAttributes (106ms)
			ProcessInitializeOnLoadMethodAttributes (40ms)
			AfterProcessingInitializeOnLoad (0ms)
			EditorAssembliesLoaded (0ms)
		ExecutionOrderSort2 (0ms)
		AwakeInstancesAfterBackupRestoration (0ms)
========================================================================
Worker process is ready to serve import requests
Caller must complete domain reload
Begin MonoManager ReloadAssembly
- Loaded All Assemblies, in  0.587 seconds
Native extension for WindowsStandalone target not found
Native extension for WebGL target not found
System.Exception: Error! Visual Scripting: couldn't find visual scripting package
  at Unity.VisualScripting.PackageVersionUtility.get_version () [0x00043] in .\Library\PackageCache\com.unity.visualscripting@1.9.4\Editor\VisualScripting.Core\Utilities\PackageVersionUtility.cs:31 
  at Unity.VisualScripting.BoltCoreManifest.get_version () [0x00000] in .\Library\PackageCache\com.unity.visualscripting@1.9.4\Editor\VisualScripting.Core\Plugin\BoltCoreManifest.cs:11 
  at Unity.VisualScripting.PluginManifest.get_currentVersion () [0x00000] in .\Library\PackageCache\com.unity.visualscripting@1.9.4\Editor\VisualScripting.Core\Plugins\PluginManifest.cs:33 
  at Unity.VisualScripting.PluginManifest.get_versionMismatch () [0x00000] in .\Library\PackageCache\com.unity.visualscripting@1.9.4\Editor\VisualScripting.Core\Plugins\PluginManifest.cs:48 
  at Unity.VisualScripting.PluginContainer.Initialize () [0x00525] in .\Library\PackageCache\com.unity.visualscripting@1.9.4\Editor\VisualScripting.Core\Plugins\PluginContainer.cs:208 
  at Unity.VisualScripting.PluginContainer.InitializeOnLoad () [0x00009] in .\Library\PackageCache\com.unity.visualscripting@1.9.4\Editor\VisualScripting.Core\Plugins\PluginContainer.cs:32 
  at Unity.VisualScripting.VSUsageUtility.DoInitializeOnLoadCalls () [0x00034] in .\Library\PackageCache\com.unity.visualscripting@1.9.4\Editor\VisualScripting.Core\Utilities\VSUsageUtility.cs:76 
  at Unity.VisualScripting.VSUsageUtility.set_isVisualScriptingUsed (System.Boolean value) [0x0002c] in .\Library\PackageCache\com.unity.visualscripting@1.9.4\Editor\VisualScripting.Core\Utilities\VSUsageUtility.cs:114 
  at Unity.VisualScripting.VSUsageUtility.CheckAndSetIsVisualScriptingUsed () [0x00032] in .\Library\PackageCache\com.unity.visualscripting@1.9.4\Editor\VisualScripting.Core\Utilities\VSUsageUtility.cs:48 
  at Unity.VisualScripting.VSUsageUtility..cctor () [0x00000] in .\Library\PackageCache\com.unity.visualscripting@1.9.4\Editor\VisualScripting.Core\Utilities\VSUsageUtility.cs:22 
UnityEngine.StackTraceUtility:ExtractStackTrace ()
UnityEngine.DebugLogHandler:LogFormat (UnityEngine.LogType,UnityEngine.Object,string,object[])
UnityEngine.Logger:Log (UnityEngine.LogType,object)
UnityEngine.Debug:LogError (object)
UnityEditor.EditorAssemblies:ProcessInitializeOnLoadAttributes (System.Type[])

Package Manager log level set to [2]
[Package Manager] Server::EnsureServerProcessIsRunning -- launch failed, reason: Unity was launched with the -noUpm command-line argument
[Package Manager] UpmClient::Send -- Unable to send message (not connected to UPM process).
[Package Manager] Cannot connect to Unity Package Manager local server
Mono: successfully reloaded assembly
- Finished resetting the current domain, in  0.866 seconds
Domain Reload Profiling: 1448ms
	BeginReloadAssembly (124ms)
		ExecutionOrderSort (0ms)
		DisableScriptedObjects (3ms)
		BackupInstance (0ms)
		ReleaseScriptingObjects (0ms)
		CreateAndSetChildDomain (18ms)
	RebuildCommonClasses (27ms)
	RebuildNativeTypeToScriptingClass (8ms)
	initialDomainReloadingComplete (42ms)
	LoadAllAssembliesAndSetupDomain (381ms)
		LoadAssemblies (292ms)
		RebuildTransferFunctionScriptingTraits (0ms)
		AnalyzeDomain (168ms)
			TypeCache.Refresh (149ms)
				TypeCache.ScanAssembly (131ms)
			ScanForSourceGeneratedMonoScriptInfo (14ms)
			ResolveRequiredComponents (3ms)
	FinalizeReload (866ms)
		ReleaseScriptCaches (0ms)
		RebuildScriptCaches (0ms)
		SetupLoadedEditorAssemblies (752ms)
			LogAssemblyErrors (0ms)
			InitializePlatformSupportModulesInManaged (7ms)
			SetLoadedEditorAssemblies (3ms)
			RefreshPlugins (0ms)
			BeforeProcessingInitializeOnLoad (53ms)
			ProcessInitializeOnLoadAttributes (658ms)
			ProcessInitializeOnLoadMethodAttributes (24ms)
			AfterProcessingInitializeOnLoad (6ms)
			EditorAssembliesLoaded (0ms)
		ExecutionOrderSort2 (0ms)
		AwakeInstancesAfterBackupRestoration (6ms)
Shader 'VRM10/Universal Render Pipeline/MToon10': fallback shader 'Hidden/Universal Render Pipeline/FallbackError' not found
Shader 'VRM10/Universal Render Pipeline/MToon10': fallback shader 'Hidden/Universal Render Pipeline/FallbackError' not found
Launched and connected shader compiler UnityShaderCompiler.exe after 0.07 seconds
Refreshing native plugins compatible for Editor in 6.49 ms, found 3 plugins.
Preloading 0 native plugins for Editor in 0.00 ms.
Unloading 3689 Unused Serialized files (Serialized files now loaded: 0)
Unloading 20 unused Assets / (181.1 KB). Loaded Objects now: 4159.
Memory consumption went from 137.9 MB to 137.7 MB.
Total: 10.399000 ms (FindLiveObjects: 0.408100 ms CreateObjectMapping: 0.104500 ms MarkObjects: 9.740800 ms  DeleteObjects: 0.143800 ms)

AssetImportParameters requested are different than current active one (requested -> active):
  custom:container-demuxer-ogg: 62fdf1f143b41e24485cea50d1cbac27 -> 
  custom:video-codec-MediaFoundation-h265: 746d11721c4dcdbdad8f713fa42b33f4 -> 
  custom:video-decoder-ogg-theora: a1e56fd34408186e4bbccfd4996cb3dc -> 
  custom:framework-win-MediaFoundation: 216162199b28c13a410421893ffa2e32 -> 
  custom:CustomObjectIndexerAttribute: 9a22284fe3817be447336de3de66b15e -> 
  custom:container-demuxer-webm: 4f35f7cbe854078d1ac9338744f61a02 -> 
  custom:container-muxer-webm: aa71ff27fc2769a1b78a27578f13a17b -> 
  custom:video-decoder-webm-vp8: 9c59270c3fd7afecdb556c50c9e8de78 -> 
  custom:SearchIndexIgnoredProperties: e643bd26f0fe6173181afceb89e7c659 -> 
  custom:AudioImporter_EditorPlatform: d09bf68614088b80899f8185d706f6e7 -> 
  custom:video-encoder-webm-vp8: eb34c28f22e8b96e1ab97ce403110664 -> 
  custom:audio-decoder-ogg-vorbis: bf7c407c2cedff20999df2af8eb42d56 -> 
  custom:audio-encoder-webm-vorbis: bf7c407c2cedff20999df2af8eb42d56 -> 
========================================================================
Received Import Request.
  Time since last request: 399666.038343 seconds.
  path: Assets/Assets/UniGLTF/Editor/UniGLTF/Validation/NameValidator.cs
  artifactKey: Guid(27720b3b18437104b91e44c3f66166ee) Importer(2089858483,0ecaa5967403d082aa24f35e1b516d23)
Start importing Assets/Assets/UniGLTF/Editor/UniGLTF/Validation/NameValidator.cs using Guid(27720b3b18437104b91e44c3f66166ee) Importer(2089858483,0ecaa5967403d082aa24f35e1b516d23) [PhysX] Initialized MultithreadedTaskDispatcher with 32 workers.
 -> (artifact id: '480c1bfe81b330f8df82f911f31d2c98') in 0.086184 seconds
Number of updated asset objects reloaded before import = 0
Number of asset objects unloaded after import = 1
========================================================================
Received Import Request.
  Time since last request: 0.031097 seconds.
  path: Assets/Assets/UniGLTF/Runtime/Scenes/LookDev/cubemap/ballroom_1k.exr
  artifactKey: Guid(cb5229eb8a46ed14daf2be5f1292b6c0) Importer(2089858483,0ecaa5967403d082aa24f35e1b516d23)
Start importing Assets/Assets/UniGLTF/Runtime/Scenes/LookDev/cubemap/ballroom_1k.exr using Guid(cb5229eb8a46ed14daf2be5f1292b6c0) Importer(2089858483,0ecaa5967403d082aa24f35e1b516d23) [PhysX] Initialized MultithreadedTaskDispatcher with 32 workers.
 -> (artifact id: '2d5266e5b908bd8f8cc1657b846c3700') in 0.039699 seconds
Number of updated asset objects reloaded before import = 0
Number of asset objects unloaded after import = 1
========================================================================
Received Import Request.
  Time since last request: 0.000018 seconds.
  path: Assets/Assets/UniGLTF/Runtime/UniGLTF/IO/MeshIO/MeshExportInfo.cs
  artifactKey: Guid(ecf20ba1c412b944fb37bf627ed986c8) Importer(2089858483,0ecaa5967403d082aa24f35e1b516d23)
Start importing Assets/Assets/UniGLTF/Runtime/UniGLTF/IO/MeshIO/MeshExportInfo.cs using Guid(ecf20ba1c412b944fb37bf627ed986c8) Importer(2089858483,0ecaa5967403d082aa24f35e1b516d23) [PhysX] Initialized MultithreadedTaskDispatcher with 32 workers.
 -> (artifact id: '8f0331148aa4d3445e2e70542ebacba4') in 0.005789 seconds
Number of updated asset objects reloaded before import = 0
Number of asset objects unloaded after import = 1
========================================================================
Received Import Request.
  Time since last request: 0.000021 seconds.
  path: Assets/Assets/UniGLTF/Runtime/UniGLTF/IO/MeshIO/TriangleUtil.cs
  artifactKey: Guid(595d12f21fcf6564c8ecc24ba73d15c1) Importer(2089858483,0ecaa5967403d082aa24f35e1b516d23)
Start importing Assets/Assets/UniGLTF/Runtime/UniGLTF/IO/MeshIO/TriangleUtil.cs using Guid(595d12f21fcf6564c8ecc24ba73d15c1) Importer(2089858483,0ecaa5967403d082aa24f35e1b516d23) [PhysX] Initialized MultithreadedTaskDispatcher with 32 workers.
 -> (artifact id: 'd77426e319b84c60498f6de4eb6ca064') in 0.003990 seconds
Number of updated asset objects reloaded before import = 0
Number of asset objects unloaded after import = 1
========================================================================
Received Import Request.
  Time since last request: 0.000012 seconds.
  path: Assets/Assets/VRMShaders/GLTF/IO/Runtime/Material/Importer/MaterialFactory.cs
  artifactKey: Guid(49debef8f9942e8478c291dc7a41870c) Importer(2089858483,0ecaa5967403d082aa24f35e1b516d23)
Start importing Assets/Assets/VRMShaders/GLTF/IO/Runtime/Material/Importer/MaterialFactory.cs using Guid(49debef8f9942e8478c291dc7a41870c) Importer(2089858483,0ecaa5967403d082aa24f35e1b516d23) [PhysX] Initialized MultithreadedTaskDispatcher with 32 workers.
 -> (artifact id: 'fd583bf33602ef65845cd6d16379f8df') in 0.008375 seconds
Number of updated asset objects reloaded before import = 0
Number of asset objects unloaded after import = 1
========================================================================
Received Import Request.
  Time since last request: 0.000013 seconds.
  path: Assets/Assets/VRMShaders/GLTF/IO/Runtime/Texture/Importer/UnityTextureDeserializer.cs
  artifactKey: Guid(170beedd62e24506acc42b7c04464e84) Importer(2089858483,0ecaa5967403d082aa24f35e1b516d23)
Start importing Assets/Assets/VRMShaders/GLTF/IO/Runtime/Texture/Importer/UnityTextureDeserializer.cs using Guid(170beedd62e24506acc42b7c04464e84) Importer(2089858483,0ecaa5967403d082aa24f35e1b516d23) [PhysX] Initialized MultithreadedTaskDispatcher with 32 workers.
 -> (artifact id: '583dab68feb66084fa80ad5342060132') in 0.003228 seconds
Number of updated asset objects reloaded before import = 0
Number of asset objects unloaded after import = 1
========================================================================
Received Import Request.
  Time since last request: 0.000012 seconds.
  path: Assets/Assets/VRMShaders/GLTF/IO/Runtime/Texture/Importer/TextureDescriptor.cs
  artifactKey: Guid(405597f56d6540347bbecb1203aba033) Importer(2089858483,0ecaa5967403d082aa24f35e1b516d23)
Start importing Assets/Assets/VRMShaders/GLTF/IO/Runtime/Texture/Importer/TextureDescriptor.cs using Guid(405597f56d6540347bbecb1203aba033) Importer(2089858483,0ecaa5967403d082aa24f35e1b516d23) [PhysX] Initialized MultithreadedTaskDispatcher with 32 workers.
 -> (artifact id: '16290703aeaea634ef5c4553b7aa90c3') in 0.002950 seconds
Number of updated asset objects reloaded before import = 0
Number of asset objects unloaded after import = 1
========================================================================
Received Import Request.
  Time since last request: 0.000136 seconds.
  path: Assets/Assets/UniGLTF/Runtime/UniGLTF/IO/MeshIO/MeshExportUtil.cs
  artifactKey: Guid(d765a267f1a340d4a9349b032a05e922) Importer(2089858483,0ecaa5967403d082aa24f35e1b516d23)
Start importing Assets/Assets/UniGLTF/Runtime/UniGLTF/IO/MeshIO/MeshExportUtil.cs using Guid(d765a267f1a340d4a9349b032a05e922) Importer(2089858483,0ecaa5967403d082aa24f35e1b516d23) [PhysX] Initialized MultithreadedTaskDispatcher with 32 workers.
 -> (artifact id: '293bec0a6f6297f48d6b09705681d296') in 0.003995 seconds
Number of updated asset objects reloaded before import = 0
Number of asset objects unloaded after import = 1
========================================================================
Received Import Request.
  Time since last request: 0.000032 seconds.
  path: Assets/Assets/VRM/Runtime/IO/MaterialIO/BuiltInRP/Export/Materials/BuiltInVrmMToonMaterialExporter.cs
  artifactKey: Guid(1afab05a32ff435082b4ae879730886d) Importer(2089858483,0ecaa5967403d082aa24f35e1b516d23)
Start importing Assets/Assets/VRM/Runtime/IO/MaterialIO/BuiltInRP/Export/Materials/BuiltInVrmMToonMaterialExporter.cs using Guid(1afab05a32ff435082b4ae879730886d) Importer(2089858483,0ecaa5967403d082aa24f35e1b516d23) [PhysX] Initialized MultithreadedTaskDispatcher with 32 workers.
 -> (artifact id: '9a93d00c4c24f8c57a6373a000c2aa47') in 0.006940 seconds
Number of updated asset objects reloaded before import = 0
Number of asset objects unloaded after import = 1
========================================================================
Received Import Request.
  Time since last request: 0.000012 seconds.
  path: Assets/Assets/VRMShaders/VRM/MToon/MToon/Resources/Shaders/MToonSM4.cginc
  artifactKey: Guid(17d4e0f990fbc794ab41e4fcc196d559) Importer(2089858483,0ecaa5967403d082aa24f35e1b516d23)
Start importing Assets/Assets/VRMShaders/VRM/MToon/MToon/Resources/Shaders/MToonSM4.cginc using Guid(17d4e0f990fbc794ab41e4fcc196d559) Importer(2089858483,0ecaa5967403d082aa24f35e1b516d23) [PhysX] Initialized MultithreadedTaskDispatcher with 32 workers.
 -> (artifact id: 'b8e63ea3092bf5794d44f8c90dc3d91d') in 0.004795 seconds
Number of updated asset objects reloaded before import = 0
Number of asset objects unloaded after import = 1
========================================================================
Received Import Request.
  Time since last request: 0.000019 seconds.
  path: Assets/Assets/UniGLTF/Runtime/UniGLTF/IO/Parser/ZipArchivedGltfFileParser.cs
  artifactKey: Guid(78c9576bb53142eea2fef19b8ba16fa8) Importer(2089858483,0ecaa5967403d082aa24f35e1b516d23)
Start importing Assets/Assets/UniGLTF/Runtime/UniGLTF/IO/Parser/ZipArchivedGltfFileParser.cs using Guid(78c9576bb53142eea2fef19b8ba16fa8) Importer(2089858483,0ecaa5967403d082aa24f35e1b516d23) [PhysX] Initialized MultithreadedTaskDispatcher with 32 workers.
 -> (artifact id: '1d4044cbbc25b8969d0645c6376a7e8e') in 0.005543 seconds
Number of updated asset objects reloaded before import = 0
Number of asset objects unloaded after import = 1
========================================================================
Received Import Request.
  Time since last request: 0.000016 seconds.
  path: Assets/Assets/VRMShaders/GLTF/IO/Runtime/Texture/Converter/TextureConverter.cs
  artifactKey: Guid(843bfd183520d064ea63b4716d26b7cc) Importer(2089858483,0ecaa5967403d082aa24f35e1b516d23)
Start importing Assets/Assets/VRMShaders/GLTF/IO/Runtime/Texture/Converter/TextureConverter.cs using Guid(843bfd183520d064ea63b4716d26b7cc) Importer(2089858483,0ecaa5967403d082aa24f35e1b516d23) [PhysX] Initialized MultithreadedTaskDispatcher with 32 workers.
 -> (artifact id: '3b05e4447ef8f6c6171122c01737d97b') in 0.003802 seconds
Number of updated asset objects reloaded before import = 0
Number of asset objects unloaded after import = 1
========================================================================
Received Import Request.
  Time since last request: 0.000027 seconds.
  path: Assets/Assets/VRMShaders/VRM10/MToon10/Resources/VRM10/vrmc_materials_mtoon_define.hlsl
  artifactKey: Guid(cfd10dec96ea4e3f9fad70e2e5dc148e) Importer(2089858483,0ecaa5967403d082aa24f35e1b516d23)
Start importing Assets/Assets/VRMShaders/VRM10/MToon10/Resources/VRM10/vrmc_materials_mtoon_define.hlsl using Guid(cfd10dec96ea4e3f9fad70e2e5dc148e) Importer(2089858483,0ecaa5967403d082aa24f35e1b516d23) [PhysX] Initialized MultithreadedTaskDispatcher with 32 workers.
 -> (artifact id: '6f359a0fccb57abb8b9f489d357bc413') in 0.003247 seconds
Number of updated asset objects reloaded before import = 0
Number of asset objects unloaded after import = 1
========================================================================
Received Import Request.
  Time since last request: 0.000013 seconds.
  path: Assets/Assets/VRMShaders/GLTF/IO/Runtime/Texture/Importer/DeserializingTextureInfo.cs
  artifactKey: Guid(83f927a8b2da47b793985326c2e7bd96) Importer(2089858483,0ecaa5967403d082aa24f35e1b516d23)
Start importing Assets/Assets/VRMShaders/GLTF/IO/Runtime/Texture/Importer/DeserializingTextureInfo.cs using Guid(83f927a8b2da47b793985326c2e7bd96) Importer(2089858483,0ecaa5967403d082aa24f35e1b516d23) [PhysX] Initialized MultithreadedTaskDispatcher with 32 workers.
 -> (artifact id: 'e14a416d5efa83376a09bcafd210b32e') in 0.004461 seconds
Number of updated asset objects reloaded before import = 0
Number of asset objects unloaded after import = 1
========================================================================
Received Import Request.
  Time since last request: 0.000023 seconds.
  path: Assets/Assets/VRMShaders/VRM10/MToon10/Runtime/MToon0X/MToon0XEnums.cs
  artifactKey: Guid(1214b566b5cd4dc390d11b3bed7f2a50) Importer(2089858483,0ecaa5967403d082aa24f35e1b516d23)
Start importing Assets/Assets/VRMShaders/VRM10/MToon10/Runtime/MToon0X/MToon0XEnums.cs using Guid(1214b566b5cd4dc390d11b3bed7f2a50) Importer(2089858483,0ecaa5967403d082aa24f35e1b516d23) [PhysX] Initialized MultithreadedTaskDispatcher with 32 workers.
 -> (artifact id: 'a7aa49f3a6de4a0df1a07722127e1f53') in 0.005172 seconds
Number of updated asset objects reloaded before import = 0
Number of asset objects unloaded after import = 1
========================================================================
Received Import Request.
  Time since last request: 0.000010 seconds.
  path: Assets/Assets/VRMShaders/VRM10/MToon10/Runtime/MToon0X/MToon0XUtilsVersion.cs
  artifactKey: Guid(48606eb94ede4ce88f49a8abf19b8b26) Importer(2089858483,0ecaa5967403d082aa24f35e1b516d23)
Start importing Assets/Assets/VRMShaders/VRM10/MToon10/Runtime/MToon0X/MToon0XUtilsVersion.cs using Guid(48606eb94ede4ce88f49a8abf19b8b26) Importer(2089858483,0ecaa5967403d082aa24f35e1b516d23) [PhysX] Initialized MultithreadedTaskDispatcher with 32 workers.
 -> (artifact id: '7d260292faa1d0df23460eb66f5e0c46') in 0.004032 seconds
Number of updated asset objects reloaded before import = 0
Number of asset objects unloaded after import = 1
========================================================================
Received Import Request.
  Time since last request: 0.000017 seconds.
  path: Assets/Assets/UniGLTF/Runtime/UniGLTF/Format/ExtensionsAndExtras/gltf_mesh_extras_targetNames.cs
  artifactKey: Guid(c8450226c96b1454483cab736a03a337) Importer(2089858483,0ecaa5967403d082aa24f35e1b516d23)
Start importing Assets/Assets/UniGLTF/Runtime/UniGLTF/Format/ExtensionsAndExtras/gltf_mesh_extras_targetNames.cs using Guid(c8450226c96b1454483cab736a03a337) Importer(2089858483,0ecaa5967403d082aa24f35e1b516d23) [PhysX] Initialized MultithreadedTaskDispatcher with 32 workers.
 -> (artifact id: '1084ead1ad3611f1b0f018e238f2d71b') in 0.003695 seconds
Number of updated asset objects reloaded before import = 0
Number of asset objects unloaded after import = 1
========================================================================
Received Import Request.
  Time since last request: 0.000020 seconds.
  path: Assets/Assets/VRM/Runtime/IO/MaterialIO/BuiltInRP/Export/BuiltInVrmMaterialExporter.cs
  artifactKey: Guid(d2c64f4ed81bb144b90cca5260272ecf) Importer(2089858483,0ecaa5967403d082aa24f35e1b516d23)
Start importing Assets/Assets/VRM/Runtime/IO/MaterialIO/BuiltInRP/Export/BuiltInVrmMaterialExporter.cs using Guid(d2c64f4ed81bb144b90cca5260272ecf) Importer(2089858483,0ecaa5967403d082aa24f35e1b516d23) [PhysX] Initialized MultithreadedTaskDispatcher with 32 workers.
 -> (artifact id: '4c836c68fb5b892f9dc1a5ddde537b5f') in 0.003528 seconds
Number of updated asset objects reloaded before import = 0
Number of asset objects unloaded after import = 1
========================================================================
Received Import Request.
  Time since last request: 0.000060 seconds.
  path: Assets/Assets/VRMShaders/GLTF/IO/Runtime/Texture/Exporter/ITextureExporter.cs
  artifactKey: Guid(4e22c9906e3e42038724e1bcf46450bf) Importer(2089858483,0ecaa5967403d082aa24f35e1b516d23)
Start importing Assets/Assets/VRMShaders/GLTF/IO/Runtime/Texture/Exporter/ITextureExporter.cs using Guid(4e22c9906e3e42038724e1bcf46450bf) Importer(2089858483,0ecaa5967403d082aa24f35e1b516d23) [PhysX] Initialized MultithreadedTaskDispatcher with 32 workers.
 -> (artifact id: '66de7cda6a995cc43986c6d8422037dd') in 0.003377 seconds
Number of updated asset objects reloaded before import = 0
Number of asset objects unloaded after import = 1
========================================================================
Received Import Request.
  Time since last request: 0.000015 seconds.
  path: Assets/Assets/VRMShaders/VRM/MToon/MToon/Samples/Materials/Ex_OutlineWidth_World.mat
  artifactKey: Guid(e40a129e14e378c4db040df3fd4a6077) Importer(2089858483,0ecaa5967403d082aa24f35e1b516d23)
Start importing Assets/Assets/VRMShaders/VRM/MToon/MToon/Samples/Materials/Ex_OutlineWidth_World.mat using Guid(e40a129e14e378c4db040df3fd4a6077) Importer(2089858483,0ecaa5967403d082aa24f35e1b516d23) [PhysX] Initialized MultithreadedTaskDispatcher with 32 workers.
 -> (artifact id: '5f79a661e4a300bcdc5ae9fc3030fe4a') in 0.019724 seconds
Number of updated asset objects reloaded before import = 0
Number of asset objects unloaded after import = 1
========================================================================
Received Import Request.
  Time since last request: 0.000022 seconds.
  path: Assets/Assets/VRMShaders/VRM10/MToon10/Resources/VRM10/vrmc_materials_mtoon_depthonly_vertex.hlsl
  artifactKey: Guid(6957b39e3ab2cbc43aa0de76d9b4a411) Importer(2089858483,0ecaa5967403d082aa24f35e1b516d23)
Start importing Assets/Assets/VRMShaders/VRM10/MToon10/Resources/VRM10/vrmc_materials_mtoon_depthonly_vertex.hlsl using Guid(6957b39e3ab2cbc43aa0de76d9b4a411) Importer(2089858483,0ecaa5967403d082aa24f35e1b516d23) [PhysX] Initialized MultithreadedTaskDispatcher with 32 workers.
 -> (artifact id: '32ab91150f0343961ec272bab1046c3b') in 0.004457 seconds
Number of updated asset objects reloaded before import = 0
Number of asset objects unloaded after import = 1
========================================================================
Received Import Request.
  Time since last request: 0.000011 seconds.
  path: Assets/Assets/VRMShaders/GLTF/IO/Runtime/Texture/Importer/SamplerParam.cs
  artifactKey: Guid(85fc44cc7e2cb4048866c1e3dfdcf6e0) Importer(2089858483,0ecaa5967403d082aa24f35e1b516d23)
Start importing Assets/Assets/VRMShaders/GLTF/IO/Runtime/Texture/Importer/SamplerParam.cs using Guid(85fc44cc7e2cb4048866c1e3dfdcf6e0) Importer(2089858483,0ecaa5967403d082aa24f35e1b516d23) [PhysX] Initialized MultithreadedTaskDispatcher with 32 workers.
 -> (artifact id: '685e2f4e66ffe129727b400c8f789edc') in 0.003211 seconds
Number of updated asset objects reloaded before import = 0
Number of asset objects unloaded after import = 1
========================================================================
Received Import Request.
  Time since last request: 0.000017 seconds.
  path: Assets/Assets/UniGLTF/Runtime/UniGLTF/IO/TextureIO/GltfPbrTextureImporter.cs
  artifactKey: Guid(9a1c5210d71f47ab80a1549b77c9a8a3) Importer(2089858483,0ecaa5967403d082aa24f35e1b516d23)
Start importing Assets/Assets/UniGLTF/Runtime/UniGLTF/IO/TextureIO/GltfPbrTextureImporter.cs using Guid(9a1c5210d71f47ab80a1549b77c9a8a3) Importer(2089858483,0ecaa5967403d082aa24f35e1b516d23) [PhysX] Initialized MultithreadedTaskDispatcher with 32 workers.
 -> (artifact id: 'ecadfa74eddaeaf5e01d6eff49c4c2ff') in 0.002861 seconds
Number of updated asset objects reloaded before import = 0
Number of asset objects unloaded after import = 1
========================================================================
Received Import Request.
  Time since last request: 0.000011 seconds.
  path: Assets/Assets/VRMShaders/GLTF/IO/Runtime/AwaitCaller/NextFrameTaskScheduler.cs
  artifactKey: Guid(3ce7defdc7144878a058274ae561d0be) Importer(2089858483,0ecaa5967403d082aa24f35e1b516d23)
Start importing Assets/Assets/VRMShaders/GLTF/IO/Runtime/AwaitCaller/NextFrameTaskScheduler.cs using Guid(3ce7defdc7144878a058274ae561d0be) Importer(2089858483,0ecaa5967403d082aa24f35e1b516d23) [PhysX] Initialized MultithreadedTaskDispatcher with 32 workers.
 -> (artifact id: '23bdcc52e8968f153d13e3981510e566') in 0.004826 seconds
Number of updated asset objects reloaded before import = 0
Number of asset objects unloaded after import = 1
========================================================================
Received Import Request.
  Time since last request: 7.736017 seconds.
  path: Assets/Unity.VisualScripting.Generated/VisualScripting.Core/Property Providers/PropertyProvider_UnityEngine_UI_MaskableGraphic_CullStateChangedEvent.cs
  artifactKey: Guid(f42974b165a01c244b21499e2f023212) Importer(2089858483,0ecaa5967403d082aa24f35e1b516d23)
Start importing Assets/Unity.VisualScripting.Generated/VisualScripting.Core/Property Providers/PropertyProvider_UnityEngine_UI_MaskableGraphic_CullStateChangedEvent.cs using Guid(f42974b165a01c244b21499e2f023212) Importer(2089858483,0ecaa5967403d082aa24f35e1b516d23) [PhysX] Initialized MultithreadedTaskDispatcher with 32 workers.
 -> (artifact id: '8409b83326ef5bb5fc1446ddc048952d') in 0.024023 seconds
Number of updated asset objects reloaded before import = 0
Number of asset objects unloaded after import = 1
========================================================================
Received Import Request.
  Time since last request: 0.000057 seconds.
  path: Assets/Unity.VisualScripting.Generated/VisualScripting.Core/Property Providers/PropertyProvider_UnityEngine_TextCore_Text_TextStyle.cs
  artifactKey: Guid(e8a21f634c13212489984f5713742459) Importer(2089858483,0ecaa5967403d082aa24f35e1b516d23)
Start importing Assets/Unity.VisualScripting.Generated/VisualScripting.Core/Property Providers/PropertyProvider_UnityEngine_TextCore_Text_TextStyle.cs using Guid(e8a21f634c13212489984f5713742459) Importer(2089858483,0ecaa5967403d082aa24f35e1b516d23) [PhysX] Initialized MultithreadedTaskDispatcher with 32 workers.
 -> (artifact id: 'dc46c1c3532701f891e5153875fcf490') in 0.007690 seconds
Number of updated asset objects reloaded before import = 0
Number of asset objects unloaded after import = 1
========================================================================
Received Import Request.
  Time since last request: 0.000028 seconds.
  path: Assets/Unity.VisualScripting.Generated/VisualScripting.Core/Property Providers/PropertyProvider_UnityEngine_UI_Dropdown_DropdownEvent.cs
  artifactKey: Guid(870127acc1d98644c8b45dfbaf86d25e) Importer(2089858483,0ecaa5967403d082aa24f35e1b516d23)
Start importing Assets/Unity.VisualScripting.Generated/VisualScripting.Core/Property Providers/PropertyProvider_UnityEngine_UI_Dropdown_DropdownEvent.cs using Guid(870127acc1d98644c8b45dfbaf86d25e) Importer(2089858483,0ecaa5967403d082aa24f35e1b516d23) [PhysX] Initialized MultithreadedTaskDispatcher with 32 workers.
 -> (artifact id: 'e2ba5531689021d1ed2e0018dbe15828') in 0.005263 seconds
Number of updated asset objects reloaded before import = 0
Number of asset objects unloaded after import = 1
========================================================================
Received Import Request.
  Time since last request: 0.000020 seconds.
  path: Assets/Unity.VisualScripting.Generated/VisualScripting.Core/Property Providers/PropertyProvider_TMPro_TMP_SpriteCharacter.cs
  artifactKey: Guid(712e5c23ca183ff45a329373b3d9ccb2) Importer(2089858483,0ecaa5967403d082aa24f35e1b516d23)
Start importing Assets/Unity.VisualScripting.Generated/VisualScripting.Core/Property Providers/PropertyProvider_TMPro_TMP_SpriteCharacter.cs using Guid(712e5c23ca183ff45a329373b3d9ccb2) Importer(2089858483,0ecaa5967403d082aa24f35e1b516d23) [PhysX] Initialized MultithreadedTaskDispatcher with 32 workers.
 -> (artifact id: '62489358632be84b3223cacd9e85d4d5') in 0.008481 seconds
Number of updated asset objects reloaded before import = 0
Number of asset objects unloaded after import = 1
========================================================================
Received Import Request.
  Time since last request: 0.000029 seconds.
  path: Assets/Unity.VisualScripting.Generated/VisualScripting.Core/Property Providers/PropertyProvider_UnityEngine_UI_Slider_SliderEvent.cs
  artifactKey: Guid(1b716d57152103b419f7b5c34037da55) Importer(2089858483,0ecaa5967403d082aa24f35e1b516d23)
Start importing Assets/Unity.VisualScripting.Generated/VisualScripting.Core/Property Providers/PropertyProvider_UnityEngine_UI_Slider_SliderEvent.cs using Guid(1b716d57152103b419f7b5c34037da55) Importer(2089858483,0ecaa5967403d082aa24f35e1b516d23) [PhysX] Initialized MultithreadedTaskDispatcher with 32 workers.
 -> (artifact id: 'cbb02fc67478b426d97e604818b7c980') in 0.004624 seconds
Number of updated asset objects reloaded before import = 0
Number of asset objects unloaded after import = 1
========================================================================
Received Import Request.
  Time since last request: 0.000089 seconds.
  path: Assets/Unity.VisualScripting.Generated/VisualScripting.Core/Property Providers/PropertyProvider_UnityEngine_Events_UnityEventBase.cs
  artifactKey: Guid(20b0f3d379128ad4c9b50ca4a60ff625) Importer(2089858483,0ecaa5967403d082aa24f35e1b516d23)
Start importing Assets/Unity.VisualScripting.Generated/VisualScripting.Core/Property Providers/PropertyProvider_UnityEngine_Events_UnityEventBase.cs using Guid(20b0f3d379128ad4c9b50ca4a60ff625) Importer(2089858483,0ecaa5967403d082aa24f35e1b516d23) [PhysX] Initialized MultithreadedTaskDispatcher with 32 workers.
 -> (artifact id: '51221270a018c60af62034d448e058c2') in 0.004685 seconds
Number of updated asset objects reloaded before import = 0
Number of asset objects unloaded after import = 1
========================================================================
Received Prepare
Caller must complete domain reload
Begin MonoManager ReloadAssembly
- Loaded All Assemblies, in  0.415 seconds
Native extension for WindowsStandalone target not found
Native extension for WebGL target not found
System.Exception: Error! Visual Scripting: couldn't find visual scripting package
  at Unity.VisualScripting.PackageVersionUtility.get_version () [0x00043] in .\Library\PackageCache\com.unity.visualscripting@1.9.4\Editor\VisualScripting.Core\Utilities\PackageVersionUtility.cs:31 
  at Unity.VisualScripting.BoltCoreManifest.get_version () [0x00000] in .\Library\PackageCache\com.unity.visualscripting@1.9.4\Editor\VisualScripting.Core\Plugin\BoltCoreManifest.cs:11 
  at Unity.VisualScripting.PluginManifest.get_currentVersion () [0x00000] in .\Library\PackageCache\com.unity.visualscripting@1.9.4\Editor\VisualScripting.Core\Plugins\PluginManifest.cs:33 
  at Unity.VisualScripting.PluginManifest.get_versionMismatch () [0x00000] in .\Library\PackageCache\com.unity.visualscripting@1.9.4\Editor\VisualScripting.Core\Plugins\PluginManifest.cs:48 
  at Unity.VisualScripting.PluginContainer.Initialize () [0x00525] in .\Library\PackageCache\com.unity.visualscripting@1.9.4\Editor\VisualScripting.Core\Plugins\PluginContainer.cs:208 
  at Unity.VisualScripting.PluginContainer.InitializeOnLoad () [0x00009] in .\Library\PackageCache\com.unity.visualscripting@1.9.4\Editor\VisualScripting.Core\Plugins\PluginContainer.cs:32 
  at Unity.VisualScripting.VSUsageUtility.DoInitializeOnLoadCalls () [0x00034] in .\Library\PackageCache\com.unity.visualscripting@1.9.4\Editor\VisualScripting.Core\Utilities\VSUsageUtility.cs:76 
  at Unity.VisualScripting.VSUsageUtility.set_isVisualScriptingUsed (System.Boolean value) [0x0002c] in .\Library\PackageCache\com.unity.visualscripting@1.9.4\Editor\VisualScripting.Core\Utilities\VSUsageUtility.cs:114 
  at Unity.VisualScripting.VSUsageUtility.CheckAndSetIsVisualScriptingUsed () [0x0000d] in .\Library\PackageCache\com.unity.visualscripting@1.9.4\Editor\VisualScripting.Core\Utilities\VSUsageUtility.cs:33 
  at Unity.VisualScripting.VSUsageUtility..cctor () [0x00000] in .\Library\PackageCache\com.unity.visualscripting@1.9.4\Editor\VisualScripting.Core\Utilities\VSUsageUtility.cs:22 
UnityEngine.StackTraceUtility:ExtractStackTrace ()
UnityEngine.DebugLogHandler:LogFormat (UnityEngine.LogType,UnityEngine.Object,string,object[])
UnityEngine.Logger:Log (UnityEngine.LogType,object)
UnityEngine.Debug:LogError (object)
UnityEditor.EditorAssemblies:ProcessInitializeOnLoadAttributes (System.Type[])

[Package Manager] Server::EnsureServerProcessIsRunning -- launch failed, reason: Unity was launched with the -noUpm command-line argument
[Package Manager] UpmClient::Send -- Unable to send message (not connected to UPM process).
[Package Manager] Cannot connect to Unity Package Manager local server
Mono: successfully reloaded assembly
- Finished resetting the current domain, in  0.998 seconds
Domain Reload Profiling: 1410ms
	BeginReloadAssembly (160ms)
		ExecutionOrderSort (0ms)
		DisableScriptedObjects (2ms)
		BackupInstance (0ms)
		ReleaseScriptingObjects (0ms)
		CreateAndSetChildDomain (42ms)
	RebuildCommonClasses (26ms)
	RebuildNativeTypeToScriptingClass (7ms)
	initialDomainReloadingComplete (29ms)
	LoadAllAssembliesAndSetupDomain (191ms)
		LoadAssemblies (242ms)
		RebuildTransferFunctionScriptingTraits (0ms)
		AnalyzeDomain (24ms)
			TypeCache.Refresh (13ms)
				TypeCache.ScanAssembly (1ms)
			ScanForSourceGeneratedMonoScriptInfo (4ms)
			ResolveRequiredComponents (3ms)
	FinalizeReload (998ms)
		ReleaseScriptCaches (0ms)
		RebuildScriptCaches (0ms)
		SetupLoadedEditorAssemblies (438ms)
			LogAssemblyErrors (0ms)
			InitializePlatformSupportModulesInManaged (5ms)
			SetLoadedEditorAssemblies (3ms)
			RefreshPlugins (0ms)
			BeforeProcessingInitializeOnLoad (44ms)
			ProcessInitializeOnLoadAttributes (365ms)
			ProcessInitializeOnLoadMethodAttributes (15ms)
			AfterProcessingInitializeOnLoad (6ms)
			EditorAssembliesLoaded (0ms)
		ExecutionOrderSort2 (0ms)
		AwakeInstancesAfterBackupRestoration (8ms)
Shader 'VRM10/Universal Render Pipeline/MToon10': fallback shader 'Hidden/Universal Render Pipeline/FallbackError' not found
Shader 'VRM10/Universal Render Pipeline/MToon10': fallback shader 'Hidden/Universal Render Pipeline/FallbackError' not found
Refreshing native plugins compatible for Editor in 5.68 ms, found 3 plugins.
Preloading 0 native plugins for Editor in 0.00 ms.
Unloading 3711 Unused Serialized files (Serialized files now loaded: 0)
Unloading 15 unused Assets / (153.4 KB). Loaded Objects now: 4213.
Memory consumption went from 133.1 MB to 133.0 MB.
Total: 14.331900 ms (FindLiveObjects: 0.401200 ms CreateObjectMapping: 0.183700 ms MarkObjects: 13.561700 ms  DeleteObjects: 0.183500 ms)

Prepare: number of updated asset objects reloaded= 0
AssetImportParameters requested are different than current active one (requested -> active):
  custom:scripting/monoscript/fileName/PropertyProvider_UnityEngine_UI_InputField_SubmitEvent.cs: 0158d585133768c19d604a16c5150b7f -> 
  custom:scripting/monoscript/fileName/PropertyProvider_UnityEngine_TextCore_GlyphMetrics.cs: eabf71f3c03c37c0c7f23edd5cbe1162 -> 
  custom:scripting/monoscript/fileName/PropertyProvider_UnityEngine_UI_ScrollRect_ScrollRectEvent.cs: e4c8516284bf25b102d63c464fb7e15d -> 
  custom:scripting/monoscript/fileName/PropertyProvider_TMPro_TMP_FontWeightPair.cs: 7018d8f97ea3f99cee146e66e59eb094 -> 
  custom:container-demuxer-ogg: 62fdf1f143b41e24485cea50d1cbac27 -> 
  custom:scripting/monoscript/fileName/PropertyProvider_TMPro_TMP_GlyphPairAdjustmentRecord.cs: 8b81f44b4d25a8dc83a83602243e54ff -> 
  custom:video-codec-MediaFoundation-h265: 746d11721c4dcdbdad8f713fa42b33f4 -> 
  custom:scripting/monoscript/fileName/PropertyProvider_UnityEngine_TextCore_Text_TextStyle.cs: eb1c166a308f6740662692f9574fc091 -> 
  custom:scripting/monoscript/fileName/PropertyProvider_TMPro_TMP_InputField_TextSelectionEvent.cs: 515a9a6914de53af16f9f3b16e45daa4 -> 
  custom:video-decoder-ogg-theora: a1e56fd34408186e4bbccfd4996cb3dc -> 
  custom:scripting/monoscript/fileName/PropertyProvider_TMPro_TextAlignmentOptions.cs: 39cd5fe84e8066bc3e954961d7e15819 -> 
  custom:scripting/monoscript/fileName/PropertyProvider_TMPro_TMP_Character.cs: eaa72c8e378463b7267f14eb54ec33b5 -> 
  custom:framework-win-MediaFoundation: 216162199b28c13a410421893ffa2e32 -> 
  custom:scripting/monoscript/fileName/PropertyProvider_UnityEngine_UI_Button_ButtonClickedEvent.cs: b93ebf738c61d1c891755c6725f48604 -> 
  custom:scripting/monoscript/fileName/PropertyProvider_UnityEngine_UI_Scrollbar_ScrollEvent.cs: fd54ec78326ea556b1505266fe98a01d -> 
  custom:scripting/monoscript/fileName/PropertyProvider_UnityEngine_UI_Toggle_ToggleEvent.cs: bfcc8ccf33149947039e7ca40bc97785 -> 
  custom:scripting/monoscript/fileName/PropertyProvider_TMPro_TMP_SpriteCharacter.cs: 8599e0a3d7eaeb40f13c76a6e99f7053 -> 
  custom:scripting/monoscript/fileName/PropertyProvider_UnityEngine_TextCore_Text_UnicodeLineBreakingRules.cs: 73c6fb186280151f1d6b820f0f45fecd -> 
  custom:CustomObjectIndexerAttribute: 9a22284fe3817be447336de3de66b15e -> 
  custom:scripting/monoscript/fileName/PropertyProvider_TMPro_TMP_Style.cs: 8d7eef81843e9fddd6a990b921a6e3c1 -> 
  custom:scripting/monoscript/fileName/PropertyProvider_UnityEngine_TextCore_Text_FontWeightPair.cs: d5455aa2368330e45f1f09d94009c4c0 -> 
  custom:scripting/monoscript/fileName/PropertyProvider_UnityEngine_TextCore_Text_SpriteGlyph.cs: b06b3e139481bab6144063213f525381 -> 
  custom:scripting/monoscript/fileName/PropertyProvider_UnityEngine_TextCore_LowLevel_GlyphPairAdjustmentRecord.cs: bdb2dd6cca050c67034132d9f8cd4140 -> 
  custom:scripting/monoscript/fileName/PropertyProvider_UnityEngine_TextCore_Text_Character.cs: d0272ab30945368704c767a2beb04b50 -> 
  custom:scripting/monoscript/fileName/PropertyProvider_UnityEngine_UI_ColorBlock.cs: e918f6ef237d0e8d4bf87bae2f3111f8 -> 
  custom:container-demuxer-webm: 4f35f7cbe854078d1ac9338744f61a02 -> 
  custom:scripting/monoscript/fileName/PropertyProvider_UnityEngine_UI_InputField_EndEditEvent.cs: fe389e2642133f5a6de3efd4d634a724 -> 
  custom:scripting/monoscript/fileName/PropertyProvider_TMPro_TMP_InputField_SelectionEvent.cs: 264f66097bdfcbb706d524ac5c46b504 -> 
  custom:scripting/monoscript/fileName/PropertyProvider_VRM_VRMFirstPerson_RendererFirstPersonFlags.cs: 9b5d098f8ac49d7a8cb4809346d6f7d5 -> 
  custom:scripting/monoscript/fileName/PropertyProvider_TMPro_TMP_Dropdown_OptionDataList.cs: bbeaf26c2714e7be0fc0a30103efeae2 -> 
  custom:scripting/monoscript/fileName/PropertyProvider_UnityEngine_EventSystems_EventTrigger_TriggerEvent.cs: 3f230b25f026b173452f63f60a0946b2 -> 
  custom:scripting/monoscript/fileName/PropertyProvider_UnityEngine_ParticleSystem_MinMaxGradient.cs: 43f3622b6ae25a6921a8181d72a51958 -> 
  custom:container-muxer-webm: aa71ff27fc2769a1b78a27578f13a17b -> 
  custom:scripting/monoscript/fileName/PropertyProvider_UnityEngine_UI_Slider_SliderEvent.cs: 58c372a4711adfe3b86695c242c16ec9 -> 
  custom:scripting/monoscript/fileName/PropertyProvider_UnityEngine_UI_FontData.cs: 04a625f3ae6938c0e2f2b09c7e021885 -> 
  custom:scripting/monoscript/fileName/PropertyProvider_UnityEngine_UI_Dropdown_DropdownEvent.cs: 45a3e6ca66368ac9cf0c5924a29d53e1 -> 
  custom:video-decoder-webm-vp8: 9c59270c3fd7afecdb556c50c9e8de78 -> 
  custom:scripting/monoscript/fileName/PropertyProvider_TMPro_VerticalAlignmentOptions.cs: e9b0bd2736e9675a8e10569d4105f860 -> 
  custom:SearchIndexIgnoredProperties: e643bd26f0fe6173181afceb89e7c659 -> 
  custom:AudioImporter_EditorPlatform: d09bf68614088b80899f8185d706f6e7 -> 
  custom:scripting/monoscript/fileName/PropertyProvider_UnityEngine_Events_UnityEvent.cs: d54f14228eba4b078b8a0723bcb346b5 -> 
  custom:scripting/monoscript/fileName/PropertyProvider_TMPro_TMP_InputField_SubmitEvent.cs: 7e43cbdf611f91a78865d953ef6f2756 -> 
  custom:scripting/monoscript/fileName/PropertyProvider_UnityEngine_UI_SpriteState.cs: 02d31574bb2528afbfd2ff98e34f1cc8 -> 
  custom:scripting/monoscript/fileName/PropertyProvider_TMPro_TMP_Dropdown_DropdownEvent.cs: 0ab6d2752875a63622b5bc5b51d0da2f -> 
  custom:scripting/monoscript/fileName/PropertyProvider_UnityEngine_UI_AnimationTriggers.cs: 3e792109a275f903c30b2890bb9787d8 -> 
  custom:scripting/monoscript/fileName/PropertyProvider_VRM_BlendShapeClip.cs: 42373a6999af67218153c5d1d52252fb -> 
  custom:scripting/monoscript/fileName/PropertyProvider_UnityEngine_TextCore_Glyph.cs: b789eb11fb5963ffba38575f9659984d -> 
  custom:scripting/monoscript/fileName/PropertyProvider_UnityEngine_UI_MaskableGraphic_CullStateChangedEvent.cs: f51322439471efeea94bdd65b276e2af -> 
  custom:scripting/monoscript/fileName/PropertyProvider_UnityEngine_ParticleSystem_MinMaxCurve.cs: e4c02bf08300d3b3dcc31ee9f87170ce -> 
  custom:scripting/monoscript/fileName/PropertyProvider_TMPro_TMP_SpriteGlyph.cs: a88e9c798874d2eb33a1aa1b23b3ca7a -> 
  custom:scripting/monoscript/fileName/PropertyProvider_UniHumanoid_MuscleDebug_Muscle.cs: 71eb74a3d65cb46eeff552215980aa23 -> 
  custom:scripting/monoscript/fileName/PropertyProvider_UnityEngine_Events_UnityEventBase.cs: da067928ef8b8c94f9e81d646bc61a1f -> 
  custom:video-encoder-webm-vp8: eb34c28f22e8b96e1ab97ce403110664 -> 
  custom:audio-decoder-ogg-vorbis: bf7c407c2cedff20999df2af8eb42d56 -> 
  custom:scripting/monoscript/fileName/PropertyProvider_UnityEngine_TextCore_GlyphRect.cs: b870b02cfae947d6a3b6bb70e20675d1 -> 
  custom:scripting/monoscript/fileName/PropertyProvider_UnityEngine_TextCore_Text_SpriteCharacter.cs: 90dd093cb2912cace82eecc514c56b6b -> 
  custom:scripting/monoscript/fileName/PropertyProvider_TMPro_TMP_InputField_TouchScreenKeyboardEvent.cs: c2e6705b26a95938b5044b7c0dfa9be4 -> 
  custom:scripting/monoscript/fileName/PropertyProvider_TMPro_HorizontalAlignmentOptions.cs: 9105e31080cbd3289d0879cacacf5427 -> 
  custom:scripting/monoscript/fileName/PropertyProvider_UnityEngine_UI_Dropdown_OptionDataList.cs: d2859f95d2197c8bff02dc8536d37ce6 -> 
  custom:scripting/monoscript/fileName/PropertyProvider_UnityEngine_UI_Navigation.cs: 9b711831434d96c562ac181d234e72cc -> 
  custom:audio-encoder-webm-vorbis: bf7c407c2cedff20999df2af8eb42d56 -> 
  custom:scripting/monoscript/fileName/PropertyProvider_UnityEngine_UI_InputField_OnChangeEvent.cs: c98d2e331388125826417bcc3916b228 -> 
  custom:scripting/precompiled-assembly-types:Assembly-CSharp: e0f5881ce6de89375996310bfc053f62 -> 7bb3bc7327edf0447830f6fa6260f186
  custom:scripting/monoscript/fileName/PropertyProvider_TMPro_TMP_InputField_OnChangeEvent.cs: e77f8a421bb747611cfd723a75bbd230 -> 
========================================================================
Received Prepare
Caller must complete domain reload
Begin MonoManager ReloadAssembly
- Loaded All Assemblies, in  0.386 seconds
Native extension for WindowsStandalone target not found
Native extension for WebGL target not found
System.Exception: Error! Visual Scripting: couldn't find visual scripting package
  at Unity.VisualScripting.PackageVersionUtility.get_version () [0x00043] in .\Library\PackageCache\com.unity.visualscripting@1.9.4\Editor\VisualScripting.Core\Utilities\PackageVersionUtility.cs:31 
  at Unity.VisualScripting.BoltCoreManifest.get_version () [0x00000] in .\Library\PackageCache\com.unity.visualscripting@1.9.4\Editor\VisualScripting.Core\Plugin\BoltCoreManifest.cs:11 
  at Unity.VisualScripting.PluginManifest.get_currentVersion () [0x00000] in .\Library\PackageCache\com.unity.visualscripting@1.9.4\Editor\VisualScripting.Core\Plugins\PluginManifest.cs:33 
  at Unity.VisualScripting.PluginManifest.get_versionMismatch () [0x00000] in .\Library\PackageCache\com.unity.visualscripting@1.9.4\Editor\VisualScripting.Core\Plugins\PluginManifest.cs:48 
  at Unity.VisualScripting.PluginContainer.Initialize () [0x00525] in .\Library\PackageCache\com.unity.visualscripting@1.9.4\Editor\VisualScripting.Core\Plugins\PluginContainer.cs:208 
  at Unity.VisualScripting.PluginContainer.InitializeOnLoad () [0x00009] in .\Library\PackageCache\com.unity.visualscripting@1.9.4\Editor\VisualScripting.Core\Plugins\PluginContainer.cs:32 
  at Unity.VisualScripting.VSUsageUtility.DoInitializeOnLoadCalls () [0x00034] in .\Library\PackageCache\com.unity.visualscripting@1.9.4\Editor\VisualScripting.Core\Utilities\VSUsageUtility.cs:76 
  at Unity.VisualScripting.VSUsageUtility.set_isVisualScriptingUsed (System.Boolean value) [0x0002c] in .\Library\PackageCache\com.unity.visualscripting@1.9.4\Editor\VisualScripting.Core\Utilities\VSUsageUtility.cs:114 
  at Unity.VisualScripting.VSUsageUtility.CheckAndSetIsVisualScriptingUsed () [0x0000d] in .\Library\PackageCache\com.unity.visualscripting@1.9.4\Editor\VisualScripting.Core\Utilities\VSUsageUtility.cs:33 
  at Unity.VisualScripting.VSUsageUtility..cctor () [0x00000] in .\Library\PackageCache\com.unity.visualscripting@1.9.4\Editor\VisualScripting.Core\Utilities\VSUsageUtility.cs:22 
UnityEngine.StackTraceUtility:ExtractStackTrace ()
UnityEngine.DebugLogHandler:LogFormat (UnityEngine.LogType,UnityEngine.Object,string,object[])
UnityEngine.Logger:Log (UnityEngine.LogType,object)
UnityEngine.Debug:LogError (object)
UnityEditor.EditorAssemblies:ProcessInitializeOnLoadAttributes (System.Type[])

[Package Manager] Server::EnsureServerProcessIsRunning -- launch failed, reason: Unity was launched with the -noUpm command-line argument
[Package Manager] UpmClient::Send -- Unable to send message (not connected to UPM process).
[Package Manager] Cannot connect to Unity Package Manager local server
Mono: successfully reloaded assembly
- Finished resetting the current domain, in  1.000 seconds
Domain Reload Profiling: 1383ms
	BeginReloadAssembly (135ms)
		ExecutionOrderSort (0ms)
		DisableScriptedObjects (3ms)
		BackupInstance (0ms)
		ReleaseScriptingObjects (0ms)
		CreateAndSetChildDomain (31ms)
	RebuildCommonClasses (21ms)
	RebuildNativeTypeToScriptingClass (7ms)
	initialDomainReloadingComplete (22ms)
	LoadAllAssembliesAndSetupDomain (198ms)
		LoadAssemblies (244ms)
		RebuildTransferFunctionScriptingTraits (0ms)
		AnalyzeDomain (21ms)
			TypeCache.Refresh (12ms)
				TypeCache.ScanAssembly (0ms)
			ScanForSourceGeneratedMonoScriptInfo (0ms)
			ResolveRequiredComponents (6ms)
	FinalizeReload (1000ms)
		ReleaseScriptCaches (0ms)
		RebuildScriptCaches (0ms)
		SetupLoadedEditorAssemblies (437ms)
			LogAssemblyErrors (0ms)
			InitializePlatformSupportModulesInManaged (7ms)
			SetLoadedEditorAssemblies (4ms)
			RefreshPlugins (0ms)
			BeforeProcessingInitializeOnLoad (52ms)
			ProcessInitializeOnLoadAttributes (353ms)
			ProcessInitializeOnLoadMethodAttributes (13ms)
			AfterProcessingInitializeOnLoad (7ms)
			EditorAssembliesLoaded (0ms)
		ExecutionOrderSort2 (0ms)
		AwakeInstancesAfterBackupRestoration (6ms)
Shader 'VRM10/Universal Render Pipeline/MToon10': fallback shader 'Hidden/Universal Render Pipeline/FallbackError' not found
Shader 'VRM10/Universal Render Pipeline/MToon10': fallback shader 'Hidden/Universal Render Pipeline/FallbackError' not found
Refreshing native plugins compatible for Editor in 5.22 ms, found 3 plugins.
Preloading 0 native plugins for Editor in 0.00 ms.
Unloading 3712 Unused Serialized files (Serialized files now loaded: 0)
Unloading 15 unused Assets / (153.4 KB). Loaded Objects now: 4217.
Memory consumption went from 133.4 MB to 133.2 MB.
Total: 15.066000 ms (FindLiveObjects: 0.322300 ms CreateObjectMapping: 0.141100 ms MarkObjects: 14.430200 ms  DeleteObjects: 0.170700 ms)

Prepare: number of updated asset objects reloaded= 0
AssetImportParameters requested are different than current active one (requested -> active):
  custom:scripting/monoscript/fileName/PropertyProvider_UnityEngine_UI_InputField_SubmitEvent.cs: 0158d585133768c19d604a16c5150b7f -> 
  custom:scripting/monoscript/fileName/PropertyProvider_UnityEngine_TextCore_GlyphMetrics.cs: eabf71f3c03c37c0c7f23edd5cbe1162 -> 
  custom:scripting/monoscript/fileName/PropertyProvider_UnityEngine_UI_ScrollRect_ScrollRectEvent.cs: e4c8516284bf25b102d63c464fb7e15d -> 
  custom:scripting/monoscript/fileName/PropertyProvider_TMPro_TMP_FontWeightPair.cs: 7018d8f97ea3f99cee146e66e59eb094 -> 
  custom:container-demuxer-ogg: 62fdf1f143b41e24485cea50d1cbac27 -> 
  custom:scripting/monoscript/fileName/PropertyProvider_TMPro_TMP_GlyphPairAdjustmentRecord.cs: 8b81f44b4d25a8dc83a83602243e54ff -> 
  custom:video-codec-MediaFoundation-h265: 746d11721c4dcdbdad8f713fa42b33f4 -> 
  custom:scripting/monoscript/fileName/PropertyProvider_UnityEngine_TextCore_Text_TextStyle.cs: eb1c166a308f6740662692f9574fc091 -> 
  custom:scripting/monoscript/fileName/PropertyProvider_TMPro_TMP_InputField_TextSelectionEvent.cs: 515a9a6914de53af16f9f3b16e45daa4 -> 
  custom:video-decoder-ogg-theora: a1e56fd34408186e4bbccfd4996cb3dc -> 
  custom:scripting/monoscript/fileName/PropertyProvider_TMPro_TextAlignmentOptions.cs: 39cd5fe84e8066bc3e954961d7e15819 -> 
  custom:scripting/monoscript/fileName/PropertyProvider_TMPro_TMP_Character.cs: eaa72c8e378463b7267f14eb54ec33b5 -> 
  custom:framework-win-MediaFoundation: 216162199b28c13a410421893ffa2e32 -> 
  custom:scripting/monoscript/fileName/PropertyProvider_UnityEngine_UI_Button_ButtonClickedEvent.cs: b93ebf738c61d1c891755c6725f48604 -> 
  custom:scripting/monoscript/fileName/PropertyProvider_UnityEngine_UI_Scrollbar_ScrollEvent.cs: fd54ec78326ea556b1505266fe98a01d -> 
  custom:scripting/monoscript/fileName/PropertyProvider_UnityEngine_UI_Toggle_ToggleEvent.cs: bfcc8ccf33149947039e7ca40bc97785 -> 
  custom:scripting/monoscript/fileName/PropertyProvider_TMPro_TMP_SpriteCharacter.cs: 8599e0a3d7eaeb40f13c76a6e99f7053 -> 
  custom:scripting/monoscript/fileName/PropertyProvider_UnityEngine_TextCore_Text_UnicodeLineBreakingRules.cs: 73c6fb186280151f1d6b820f0f45fecd -> 
  custom:CustomObjectIndexerAttribute: 9a22284fe3817be447336de3de66b15e -> 
  custom:scripting/monoscript/fileName/PropertyProvider_TMPro_TMP_Style.cs: 8d7eef81843e9fddd6a990b921a6e3c1 -> 
  custom:scripting/monoscript/fileName/PropertyProvider_UnityEngine_TextCore_Text_FontWeightPair.cs: d5455aa2368330e45f1f09d94009c4c0 -> 
  custom:scripting/monoscript/fileName/PropertyProvider_UnityEngine_TextCore_Text_SpriteGlyph.cs: b06b3e139481bab6144063213f525381 -> 
  custom:scripting/monoscript/fileName/PropertyProvider_UnityEngine_TextCore_LowLevel_GlyphPairAdjustmentRecord.cs: bdb2dd6cca050c67034132d9f8cd4140 -> 
  custom:scripting/monoscript/fileName/PropertyProvider_UnityEngine_TextCore_Text_Character.cs: d0272ab30945368704c767a2beb04b50 -> 
  custom:scripting/monoscript/fileName/PropertyProvider_UnityEngine_UI_ColorBlock.cs: e918f6ef237d0e8d4bf87bae2f3111f8 -> 
  custom:container-demuxer-webm: 4f35f7cbe854078d1ac9338744f61a02 -> 
  custom:scripting/monoscript/fileName/PropertyProvider_UnityEngine_UI_InputField_EndEditEvent.cs: fe389e2642133f5a6de3efd4d634a724 -> 
  custom:scripting/monoscript/fileName/PropertyProvider_TMPro_TMP_InputField_SelectionEvent.cs: 264f66097bdfcbb706d524ac5c46b504 -> 
  custom:scripting/monoscript/fileName/PropertyProvider_VRM_VRMFirstPerson_RendererFirstPersonFlags.cs: 9b5d098f8ac49d7a8cb4809346d6f7d5 -> 
  custom:scripting/monoscript/fileName/PropertyProvider_TMPro_TMP_Dropdown_OptionDataList.cs: bbeaf26c2714e7be0fc0a30103efeae2 -> 
  custom:scripting/monoscript/fileName/PropertyProvider_UnityEngine_EventSystems_EventTrigger_TriggerEvent.cs: 3f230b25f026b173452f63f60a0946b2 -> 
  custom:scripting/monoscript/fileName/PropertyProvider_UnityEngine_ParticleSystem_MinMaxGradient.cs: 43f3622b6ae25a6921a8181d72a51958 -> 
  custom:container-muxer-webm: aa71ff27fc2769a1b78a27578f13a17b -> 
  custom:scripting/monoscript/fileName/PropertyProvider_UnityEngine_UI_Slider_SliderEvent.cs: 58c372a4711adfe3b86695c242c16ec9 -> 
  custom:scripting/monoscript/fileName/PropertyProvider_UnityEngine_UI_FontData.cs: 04a625f3ae6938c0e2f2b09c7e021885 -> 
  custom:scripting/monoscript/fileName/PropertyProvider_UnityEngine_UI_Dropdown_DropdownEvent.cs: 45a3e6ca66368ac9cf0c5924a29d53e1 -> 
  custom:video-decoder-webm-vp8: 9c59270c3fd7afecdb556c50c9e8de78 -> 
  custom:scripting/monoscript/fileName/PropertyProvider_TMPro_VerticalAlignmentOptions.cs: e9b0bd2736e9675a8e10569d4105f860 -> 
  custom:SearchIndexIgnoredProperties: e643bd26f0fe6173181afceb89e7c659 -> 
  custom:AudioImporter_EditorPlatform: d09bf68614088b80899f8185d706f6e7 -> 
  custom:scripting/monoscript/fileName/PropertyProvider_UnityEngine_Events_UnityEvent.cs: d54f14228eba4b078b8a0723bcb346b5 -> 
  custom:scripting/monoscript/fileName/PropertyProvider_TMPro_TMP_InputField_SubmitEvent.cs: 7e43cbdf611f91a78865d953ef6f2756 -> 
  custom:scripting/monoscript/fileName/PropertyProvider_UnityEngine_UI_SpriteState.cs: 02d31574bb2528afbfd2ff98e34f1cc8 -> 
  custom:scripting/monoscript/fileName/PropertyProvider_TMPro_TMP_Dropdown_DropdownEvent.cs: 0ab6d2752875a63622b5bc5b51d0da2f -> 
  custom:scripting/monoscript/fileName/PropertyProvider_UnityEngine_UI_AnimationTriggers.cs: 3e792109a275f903c30b2890bb9787d8 -> 
  custom:scripting/monoscript/fileName/PropertyProvider_VRM_BlendShapeClip.cs: 42373a6999af67218153c5d1d52252fb -> 
  custom:scripting/monoscript/fileName/PropertyProvider_UnityEngine_TextCore_Glyph.cs: b789eb11fb5963ffba38575f9659984d -> 
  custom:scripting/monoscript/fileName/PropertyProvider_UnityEngine_UI_MaskableGraphic_CullStateChangedEvent.cs: f51322439471efeea94bdd65b276e2af -> 
  custom:scripting/monoscript/fileName/PropertyProvider_UnityEngine_ParticleSystem_MinMaxCurve.cs: e4c02bf08300d3b3dcc31ee9f87170ce -> 
  custom:scripting/monoscript/fileName/PropertyProvider_TMPro_TMP_SpriteGlyph.cs: a88e9c798874d2eb33a1aa1b23b3ca7a -> 
  custom:scripting/monoscript/fileName/PropertyProvider_UniHumanoid_MuscleDebug_Muscle.cs: 71eb74a3d65cb46eeff552215980aa23 -> 
  custom:scripting/monoscript/fileName/PropertyProvider_UnityEngine_Events_UnityEventBase.cs: da067928ef8b8c94f9e81d646bc61a1f -> 
  custom:video-encoder-webm-vp8: eb34c28f22e8b96e1ab97ce403110664 -> 
  custom:audio-decoder-ogg-vorbis: bf7c407c2cedff20999df2af8eb42d56 -> 
  custom:scripting/monoscript/fileName/PropertyProvider_UnityEngine_TextCore_GlyphRect.cs: b870b02cfae947d6a3b6bb70e20675d1 -> 
  custom:scripting/monoscript/fileName/PropertyProvider_UnityEngine_TextCore_Text_SpriteCharacter.cs: 90dd093cb2912cace82eecc514c56b6b -> 
  custom:scripting/monoscript/fileName/PropertyProvider_TMPro_TMP_InputField_TouchScreenKeyboardEvent.cs: c2e6705b26a95938b5044b7c0dfa9be4 -> 
  custom:scripting/monoscript/fileName/PropertyProvider_TMPro_HorizontalAlignmentOptions.cs: 9105e31080cbd3289d0879cacacf5427 -> 
  custom:scripting/monoscript/fileName/PropertyProvider_UnityEngine_UI_Dropdown_OptionDataList.cs: d2859f95d2197c8bff02dc8536d37ce6 -> 
  custom:scripting/monoscript/fileName/PropertyProvider_UnityEngine_UI_Navigation.cs: 9b711831434d96c562ac181d234e72cc -> 
  custom:audio-encoder-webm-vorbis: bf7c407c2cedff20999df2af8eb42d56 -> 
  custom:scripting/monoscript/fileName/PropertyProvider_UnityEngine_UI_InputField_OnChangeEvent.cs: c98d2e331388125826417bcc3916b228 -> 
  custom:scripting/precompiled-assembly-types:Assembly-CSharp: e0f5881ce6de89375996310bfc053f62 -> 7bb3bc7327edf0447830f6fa6260f186
  custom:scripting/monoscript/fileName/PropertyProvider_TMPro_TMP_InputField_OnChangeEvent.cs: e77f8a421bb747611cfd723a75bbd230 -> 
Editor requested this worker to shutdown with reason: Scaling down because of idle timeout
TcpMessagingSession - receive error: operation aborted. errorcode: 995, details: ]ε{nDAҥHw I/O ާ@C
AssetImportWorker is now disconnected from the server
Process exiting
Exiting without the bug reporter. Application will terminate with return code 0